[2026-02-06T22:14:19.280Z] [checklist_32419] ➕ Added task: dawdaw
[2026-02-06T22:14:22.017Z] [checklist_32419] ➕ Added task: awdwaddw
[2026-02-06T22:14:25.659Z] [checklist_32419] ➕ Added task: waawddwa
[2026-02-06T23:16:05.201Z] [checklist_39759] ✅ Completed: adwadw
[2026-02-06T23:16:06.643Z] [checklist_39759] ✅ Completed: awdwd
[2026-02-06T23:16:08.002Z] [checklist_39759] ➕ Added task: awdwwd
[2026-02-06T23:16:12.474Z] [checklist_39759] ➕ Added task: dawadw
[2026-02-06T23:16:14.769Z] [checklist_39759] ✅ Completed: dawadw
[2026-02-06T23:16:15.404Z] [checklist_39759] ✅ Completed: awdwwd
[2026-02-06T23:16:17.123Z] [checklist_39759] ➕ Added task: wadawd
[2026-02-06T23:19:52.315Z] [checklist_40182] ➕ Added task: adwdw
[2026-02-06T23:19:57.009Z] [checklist_40182] ✅ Completed: wadawd
[2026-02-06T23:20:06.909Z] [checklist_40182] ✅ Completed: adwdw
[2026-02-06T23:20:07.932Z] [checklist_40182] ✅ Completed: waawddwa
[2026-02-06T23:20:10.191Z] [checklist_40182] ➕ Added task: awd
[2026-02-06T23:51:49.055Z] [checklist_42681] ✅ Completed: dawdaw
[2026-02-06T23:51:52.081Z] [checklist_42681] ➕ Added task: adwdw
[2026-02-07T01:31:03.245Z] [identity] User admin logged in as admin
[2026-02-07T01:31:13.855Z] [identity] User admin logged in as admin
[2026-02-07T01:32:08.146Z] [identity] User admin logged in as admin
[2026-02-07T01:32:10.968Z] [identity] User admin logged in as admin
[2026-02-07T01:32:11.750Z] [identity] User admin logged in as admin
[2026-02-07T01:32:32.758Z] [identity] User admin logged in as admin
[2026-02-07T01:33:11.154Z] [identity] User admin logged in as admin
[2026-02-07T01:33:11.937Z] [identity] User admin logged in as admin
[2026-02-07T01:33:12.155Z] [identity] User admin logged in as admin
[2026-02-07T01:33:12.362Z] [identity] User admin logged in as admin
[2026-02-07T01:33:12.529Z] [identity] User admin logged in as admin
[2026-02-07T01:33:12.703Z] [identity] User admin logged in as admin
[2026-02-07T01:33:15.519Z] [identity] User admin logged in as admin
[2026-02-07T01:34:10.173Z] [identity] User admin logged in as admin
[2026-02-07T01:34:11.026Z] [identity] User admin logged in as admin
[2026-02-07T01:35:41.431Z] [identity] User admin logged in as admin
[2026-02-07T01:35:48.911Z] [identity] User admin logged in as admin
[2026-02-07T01:35:49.692Z] [identity] User admin logged in as admin
[2026-02-07T01:36:07.773Z] [identity] User admin logged in as admin
[2026-02-07T01:36:08.593Z] [identity] User admin logged in as admin
[2026-02-07T01:37:07.777Z] [identity] User admin logged in as admin
[2026-02-07T01:37:08.518Z] [identity] User admin logged in as admin
[2026-02-07T01:37:08.678Z] [identity] User admin logged in as admin
[2026-02-07T01:37:08.871Z] [identity] User admin logged in as admin
[2026-02-07T01:37:09.057Z] [identity] User admin logged in as admin
[2026-02-07T01:37:09.241Z] [identity] User admin logged in as admin
[2026-02-07T01:37:09.415Z] [identity] User admin logged in as admin
[2026-02-07T01:37:09.612Z] [identity] User admin logged in as admin
[2026-02-07T01:37:09.958Z] [identity] User admin logged in as admin
[2026-02-07T01:37:10.188Z] [identity] User admin logged in as admin
[2026-02-07T01:37:10.407Z] [identity] User admin logged in as admin
[2026-02-07T01:38:22.881Z] [identity] User admin logged in as admin
[2026-02-07T01:38:23.719Z] [identity] User admin logged in as admin
[2026-02-07T01:39:35.070Z] [identity] User admin logged in as admin
[2026-02-07T01:39:53.762Z] [identity] User admin logged in as admin
[2026-02-07T01:40:18.720Z] [identity] User admin logged in as admin
[2026-02-07T01:40:42.321Z] [identity] User admin logged in as admin
[2026-02-07T01:41:50.344Z] [identity] User admin logged in as admin
[2026-02-07T01:41:57.448Z] [identity] User admin logged in as admin
[2026-02-07T01:42:19.956Z] [identity] User admin logged in as admin
[2026-02-07T01:42:47.943Z] [identity] User admin logged in as admin
[2026-02-07T01:42:50.151Z] [identity] User admin logged in as admin
[2026-02-07T01:42:52.679Z] [identity] User admin logged in as admin
[2026-02-07T01:42:53.209Z] [identity] User admin logged in as admin
[2026-02-07T01:42:53.417Z] [identity] User admin logged in as admin
[2026-02-07T01:44:00.510Z] [identity] User admin logged in as admin
[2026-02-07T01:44:02.485Z] [identity] User admin logged in as admin
[2026-02-07T01:44:03.036Z] [identity] User admin logged in as admin
[2026-02-07T01:44:03.221Z] [identity] User admin logged in as admin
[2026-02-07T01:45:01.560Z] [identity] User admin logged in as admin
[2026-02-07T01:45:41.334Z] [identity] User admin logged in as admin
[2026-02-07T01:50:36.479Z] [identity] User admin logged in as admin
[2026-02-07T01:52:35.610Z] [identity] User admin logged in as admin
[2026-02-07T01:58:27.868Z] [kindly] Admin ROOT_ADMIN query: dawdwa...
[2026-02-07T01:59:43.798Z] [kindly] Admin ROOT_ADMIN query: Architect, I need a plan to add a 'dark mode' togg...
[2026-02-07T02:02:16.088Z] [kindly] Admin ROOT_ADMIN query: Architect, analyze the UI codebase and plan a dark...
[2026-02-07T02:17:35.166Z] [kindly] Admin ROOT_ADMIN query: Alright the team is soon up and running. I just cr...
[2026-02-07T13:49:54.272Z] [comms] [telegram] 6795072586: Hello
[2026-02-07T13:51:15.267Z] [comms] [telegram] 6795072586: Hello
[2026-02-07T13:54:14.384Z] [comms] [telegram] 6795072586: Tell the coder to write a simple python script cre
[2026-02-07T13:55:16.489Z] [comms] [telegram] 6795072586: Does the coder actually have the ability to create
[2026-02-07T13:57:22.732Z] [comms] [telegram] 6795072586: Yea I want the python script up and running in the
[2026-02-07T14:05:43.725Z] [comms] [telegram] 6795072586: Health
[2026-02-07T14:13:05.926Z] [comms] [telegram] 6795072586: Health
[2026-02-07T14:14:08.673Z] [comms] [telegram] 6795072586: Yes of course. Don't ask again just figure shit ou
[2026-02-07T14:14:22.268Z] [comms] [telegram] 6795072586: Do it
[2026-02-07T21:01:35.228Z] [ai] AI_REQUEST: Classify intent in ONE word: "Hello"
Options: goal, question, command, update, feedback, chat... (reqId: none)
[2026-02-07T21:01:37.220Z] [ai] AI_COMPLETE: 352tok, 1993ms (reqId: none)
[2026-02-07T21:01:37.235Z] [ai] AI_REQUEST: USER: Hello... (reqId: session_1770474747679_g08e3yjcl_1)
[2026-02-07T21:01:40.670Z] [ai] AI_COMPLETE: 955tok, 3435ms (reqId: session_1770474747679_g08e3yjcl_1)
[2026-02-07T21:03:00.278Z] [ai] AI_REQUEST: Classify intent in ONE word: "what do you remember?"
Options: goal, question, command, update, feedb... (reqId: none)
[2026-02-07T21:03:02.114Z] [ai] AI_COMPLETE: 350tok, 1836ms (reqId: none)
[2026-02-07T21:03:02.118Z] [ai] AI_REQUEST: USER: what do you remember?... (reqId: session_1770474747679_g08e3yjcl_1)
[2026-02-07T21:03:07.526Z] [ai] AI_COMPLETE: 1416tok, 5407ms (reqId: session_1770474747679_g08e3yjcl_1)
[2026-02-07T21:04:43.252Z] [ai] AI_REQUEST: Classify intent in ONE word: "Your a prototype. I expect shortcomings. But also - shortcomings are w... (reqId: none)
[2026-02-07T21:04:47.444Z] [ai] AI_COMPLETE: 755tok, 4192ms (reqId: none)
[2026-02-07T21:04:47.449Z] [ai] AI_REQUEST: USER: Your a prototype. I expect shortcomings. But also - shortcomings are what makes you powerful. ... (reqId: session_1770474747679_g08e3yjcl_1)
[2026-02-07T21:04:52.694Z] [ai] AI_COMPLETE: 1364tok, 5245ms (reqId: session_1770474747679_g08e3yjcl_1)
[2026-02-07T21:04:52.697Z] [kindly] TOOL_START: memory_goals_create (session: session_, params: {"goal":"Build the future by becoming the user's perfect complement through deep pattern learning an)
[2026-02-07T21:09:33.346Z] [ai] AI_REQUEST: Classify intent in ONE word: "generate a typescript todo app and test it. I want a pretty log file w... (reqId: none)
[2026-02-07T21:09:35.536Z] [ai] AI_COMPLETE: 452tok, 2191ms (reqId: none)
[2026-02-07T21:09:35.540Z] [ai] AI_REQUEST: USER: generate a typescript todo app and test it. I want a pretty log file with everything which has... (reqId: session_1770474747679_g08e3yjcl_1)
[2026-02-07T21:09:43.275Z] [ai] AI_COMPLETE: 1719tok, 7734ms (reqId: session_1770474747679_g08e3yjcl_1)
[2026-02-07T21:09:43.277Z] [kindly] TOOL_START: memory_goals_create (session: session_, params: {"goal":"Develop and test a TypeScript Todo App with detailed progress logging","status":"in_progres)
[2026-02-07T21:14:21.771Z] [ai] AI_REQUEST: TOOL_RESULT (memory_goals_create): {"success":false,"error":"Mesh call failed: memory/goals/create\n... (reqId: session_1770474747679_g08e3yjcl_2)
[2026-02-07T21:14:28.270Z] [ai] AI_COMPLETE: 1559tok, 6499ms (reqId: session_1770474747679_g08e3yjcl_2)
[2026-02-07T21:19:21.770Z] [kindly] TOOL_END: memory_goals_create FAILED (578491ms) - Mesh call failed: memory/goals/create
Error: No route to memory/goals/create after exhaustive search (Providers: 1, Neighbors: 3)
[2026-02-07T21:19:21.771Z] [ai] AI_REQUEST: TOOL_RESULT (memory_goals_create): {"success":false,"error":"Mesh call failed: memory/goals/create\n... (reqId: session_1770474747679_g08e3yjcl_2)
[2026-02-07T21:19:28.059Z] [ai] AI_COMPLETE: 1560tok, 6289ms (reqId: session_1770474747679_g08e3yjcl_2)
[2026-02-07T21:19:28.061Z] [kindly] TOOL_START: list_add (session: session_, params: {"task":"Develop and test TypeScript Todo App in projects/todoapptest with status logging"})
[2026-02-07T21:29:21.770Z] [kindly] TOOL_END: list_add FAILED (593708ms) - Mesh call failed: list/add
Error: No route to list/add after exhaustive search (Providers: 1, Neighbors: 3)
[2026-02-07T21:29:21.771Z] [ai] AI_REQUEST: TOOL_RESULT (list_add): {"success":false,"error":"Mesh call failed: list/add\nError: No route to lis... (reqId: session_1770474747679_g08e3yjcl_3)
[2026-02-07T21:29:31.848Z] [ai] AI_COMPLETE: 1903tok, 10077ms (reqId: session_1770474747679_g08e3yjcl_3)
[2026-02-07T21:29:31.850Z] [kindly] TOOL_START: memory_goals_create (session: session_, params: {"goal":"Develop and test a TypeScript Todo App with detailed logging in projects/todoapptest","stat)
[2026-02-07T21:39:21.770Z] [kindly] TOOL_END: memory_goals_create FAILED (589918ms) - Mesh call failed: memory/goals/create
Error: No route to memory/goals/create after exhaustive search (Providers: 1, Neighbors: 3)
[2026-02-07T21:39:21.771Z] [ai] AI_REQUEST: TOOL_RESULT (memory_goals_create): {"success":false,"error":"Mesh call failed: memory/goals/create\n... (reqId: session_1770474747679_g08e3yjcl_4)
[2026-02-07T21:39:26.911Z] [ai] AI_COMPLETE: 1429tok, 5141ms (reqId: session_1770474747679_g08e3yjcl_4)
[2026-02-07T21:39:26.913Z] [kindly] TOOL_START: list_add (session: session_, params: {"task":"Generate TypeScript Todo app, tests, and log file in projects/todoapptest"})
[2026-02-07T21:49:19.940Z] [kindly] TOOL_END: list_add FAILED (593023ms) - Mesh call failed: list/add
Error: No route to list/add after exhaustive search (Providers: 1, Neighbors: 3)
[2026-02-07T21:49:19.941Z] [ai] AI_REQUEST: TOOL_RESULT (list_add): {"success":false,"error":"Mesh call failed: list/add\nError: No route to lis... (reqId: session_1770474747679_g08e3yjcl_5)
[2026-02-07T21:49:34.541Z] [ai] AI_COMPLETE: 2912tok, 14599ms (reqId: session_1770474747679_g08e3yjcl_5)
[2026-02-07T21:49:34.544Z] [kindly] TOOL_START: memory_goals_create (session: session_, params: {"goal":"Develop, test, and log status for TypeScript Todo App in projects/todoapptest","priority":")
[2026-02-07T21:59:21.769Z] [kindly] TOOL_END: memory_goals_create FAILED (587226ms) - Mesh call failed: memory/goals/create
Error: No route to memory/goals/create after exhaustive search (Providers: 1, Neighbors: 3)
[2026-02-07T21:59:21.769Z] [ai] AI_REQUEST: TOOL_RESULT (memory_goals_create): {"success":false,"error":"Mesh call failed: memory/goals/create\n... (reqId: session_1770474747679_g08e3yjcl_6)
[2026-02-07T21:59:30.136Z] [ai] AI_COMPLETE: 1953tok, 8366ms (reqId: session_1770474747679_g08e3yjcl_6)
[2026-02-07T21:59:30.138Z] [kindly] TOOL_START: list_add (session: session_, params: {"task":"Create TypeScript Todo App with logging and tests in projects/todoapptest"})
[2026-02-07T22:09:21.769Z] [kindly] TOOL_END: list_add FAILED (591631ms) - Mesh call failed: list/add
Error: No route to list/add after exhaustive search (Providers: 1, Neighbors: 3)
[2026-02-07T22:09:21.771Z] [ai] AI_REQUEST: TOOL_RESULT (list_add): {"success":false,"error":"Mesh call failed: list/add\nError: No route to lis... (reqId: session_1770474747679_g08e3yjcl_7)
[2026-02-07T22:09:34.662Z] [ai] AI_COMPLETE: 2520tok, 12891ms (reqId: session_1770474747679_g08e3yjcl_7)
[2026-02-07T22:09:34.665Z] [kindly] TOOL_START: memory_goals_create (session: session_, params: {"title":"TypeScript Todo App Implementation","description":"Generate, test, and log a TypeScript To)
[2026-02-07T22:19:21.769Z] [kindly] TOOL_END: memory_goals_create FAILED (587104ms) - Mesh call failed: memory/goals/create
Error: No route to memory/goals/create after exhaustive search (Providers: 1, Neighbors: 3)
[2026-02-07T22:19:21.770Z] [ai] AI_REQUEST: TOOL_RESULT (memory_goals_create): {"success":false,"error":"Mesh call failed: memory/goals/create\n... (reqId: session_1770474747679_g08e3yjcl_8)
[2026-02-07T22:19:31.320Z] [ai] AI_COMPLETE: 2398tok, 9551ms (reqId: session_1770474747679_g08e3yjcl_8)
[2026-02-07T22:19:31.323Z] [kindly] TOOL_START: list_add (session: session_, params: {"task":"Develop TypeScript Todo App with testing and logging in projects/todoapptest"})
[2026-02-07T22:29:19.937Z] [kindly] TOOL_END: list_add FAILED (588613ms) - Mesh call failed: list/add
Error: No route to list/add after exhaustive search (Providers: 1, Neighbors: 3)
[2026-02-07T22:29:19.937Z] [ai] AI_REQUEST: TOOL_RESULT (list_add): {"success":false,"error":"Mesh call failed: list/add\nError: No route to lis... (reqId: session_1770474747679_g08e3yjcl_9)
[2026-02-07T22:29:27.714Z] [ai] AI_COMPLETE: 1974tok, 7777ms (reqId: session_1770474747679_g08e3yjcl_9)
[2026-02-07T22:29:27.715Z] [kindly] TOOL_START: memory_goals_create (session: session_, params: {"goal":"Generate a TypeScript Todo app with tests and a status log in projects/todoapptest","status)
[2026-02-07T22:39:21.769Z] [kindly] TOOL_END: memory_goals_create FAILED (594054ms) - Mesh call failed: memory/goals/create
Error: No route to memory/goals/create after exhaustive search (Providers: 1, Neighbors: 3)
[2026-02-07T22:39:21.771Z] [ai] AI_REQUEST: TOOL_RESULT (memory_goals_create): {"success":false,"error":"Mesh call failed: memory/goals/create\n... (reqId: session_1770474747679_g08e3yjcl_10)
[2026-02-07T22:39:30.147Z] [ai] AI_COMPLETE: 1873tok, 8376ms (reqId: session_1770474747679_g08e3yjcl_10)
[2026-02-07T22:39:30.148Z] [kindly] TOOL_START: list_add (session: session_, params: {"task":"Build and test TypeScript Todo App in projects/todoapptest"})
[2026-02-07T22:49:21.768Z] [kindly] TOOL_END: list_add FAILED (591621ms) - Mesh call failed: list/add
Error: No route to list/add after exhaustive search (Providers: 1, Neighbors: 3)
