[1:20:33 PM] [architect] Key fingerprint: 0f70ddb585d0dd6c
[1:20:33 PM] [32m[12:20:33.898] [INFO] [architect] 📋 Registered 1 capabilities with contracts[0m
[1:20:33 PM] [32m[12:20:33.902] [INFO] [architect] Sovereign Cell online @ http://localhost:40749[0m
[1:40:57 PM] [architect] Key fingerprint: 0f80e2c558b86dac
[1:40:57 PM] [32m[12:40:57.387] [INFO] [architect] 📋 Registered 1 capabilities with contracts[0m
[1:40:57 PM] [32m[12:40:57.395] [INFO] [architect] Sovereign Cell online @ http://localhost:36655[0m
[1:42:46 PM] [architect] Key fingerprint: daa1cc669b53491e
[1:42:46 PM] [32m[12:42:46.355] [INFO] [architect] 📋 Registered 1 capabilities with contracts[0m
[1:42:46 PM] [32m[12:42:46.366] [INFO] [architect] Sovereign Cell online @ http://localhost:43281[0m
[1:43:06 PM] [33m[12:43:06.454] [WARN] [architect] Extinguishing cell...[0m
[1:45:07 PM] [architect] Key fingerprint: a860e7efd34e9bb3
[1:45:07 PM] [32m[12:45:07.799] [INFO] [architect] 📋 Registered 1 capabilities with contracts[0m
[1:45:07 PM] [32m[12:45:07.803] [INFO] [architect] Sovereign Cell online @ http://localhost:38543[0m
[1:52:04 PM] [architect] Key fingerprint: 0cd10e8a5930d27a
[1:52:04 PM] [32m[12:52:04.070] [INFO] [architect] 📋 Registered 1 capabilities with contracts[0m
[1:52:04 PM] [32m[12:52:04.081] [INFO] [architect] Sovereign Cell online @ http://localhost:39795[0m
[1:56:46 PM] [architect] Key fingerprint: 1a4e5b9d3a0f791e
[1:56:46 PM] [32m[12:56:46.896] [INFO] [architect] 📋 Registered 1 capabilities with contracts[0m
[1:56:46 PM] [32m[12:56:46.906] [INFO] [architect] Sovereign Cell online @ http://localhost:42559[0m
[1:58:55 PM] [architect] Key fingerprint: fb7d22ff242cea27
[1:58:55 PM] [32m[12:58:55.018] [INFO] [architect] 📋 Registered 1 capabilities with contracts[0m
[1:58:55 PM] [32m[12:58:55.045] [INFO] [architect] Sovereign Cell online @ http://localhost:41229[0m
[2:00:30 PM] [architect] Key fingerprint: ca96b029e1d7f4be
[2:00:30 PM] [32m[13:00:30.476] [INFO] [architect] 📋 Registered 1 capabilities with contracts[0m
[2:00:30 PM] [32m[13:00:30.482] [INFO] [architect] Sovereign Cell online @ http://localhost:40111[0m
[2:00:30 PM] ============================================================
[2:00:30 PM] 💥 MESH FAILURE [RPC_UNREACHABLE]
[2:00:30 PM] ============================================================
[2:00:30 PM] Time:     2026-02-10T13:00:30.986Z
[2:00:30 PM] Signal:   18101f06-551b-4ced-b72d-9832a07ec0c0
[2:00:30 PM] Failed At: http://localhost:34417
[2:00:30 PM] Message:  RPC_UNREACHABLE: Unable to connect. Is the computer able to access the url?
[2:00:30 PM] 📜 Full Narrative (1 steps):
[2:00:30 PM]    [13:00:30.984] architect            | RPC_ATTEMPT         
[2:00:30 PM] 💡 Likely Causes:
[2:00:30 PM] Target cell crashed or is unreachable
[2:00:30 PM] Network partition between cells
[2:00:30 PM] Target cell port not open or firewall blocking
[2:00:30 PM] Target cell is still starting up (check logs)
[2:00:30 PM] ============================================================
[2:02:49 PM] [architect] Key fingerprint: b469ecadd2b6a339
[2:02:49 PM] [32m[13:02:49.313] [INFO] [architect] 📋 Registered 1 capabilities with contracts[0m
[2:02:49 PM] [32m[13:02:49.319] [INFO] [architect] Sovereign Cell online @ http://localhost:38311[0m
[2:03:34 PM] ============================================================
[2:03:34 PM] 💥 MESH FAILURE [RPC_UNREACHABLE]
[2:03:34 PM] ============================================================
[2:03:34 PM] Time:     2026-02-10T13:03:34.326Z
[2:03:34 PM] Signal:   dd834e71-4e8b-4412-a482-8cea5c18f7ba
[2:03:34 PM] Failed At: http://localhost:39189
[2:03:34 PM] Message:  RPC_UNREACHABLE: Unable to connect. Is the computer able to access the url?
[2:03:34 PM] 📜 Full Narrative (1 steps):
[2:03:34 PM]    [13:03:34.324] architect            | RPC_ATTEMPT         
[2:03:34 PM] 💡 Likely Causes:
[2:03:34 PM] Target cell crashed or is unreachable
[2:03:34 PM] Network partition between cells
[2:03:34 PM] Target cell port not open or firewall blocking
[2:03:34 PM] Target cell is still starting up (check logs)
[2:03:34 PM] ============================================================
[2:04:33 PM] [architect] Key fingerprint: 6a74c7fa03ff4a38
[2:04:33 PM] [32m[13:04:33.300] [INFO] [architect] 📋 Registered 1 capabilities with contracts[0m
[2:04:33 PM] [32m[13:04:33.316] [INFO] [architect] Sovereign Cell online @ http://localhost:41993[0m
[2:05:09 PM] [architect] Key fingerprint: 62b3bb3f88f65b38
[2:05:09 PM] [32m[13:05:09.010] [INFO] [architect] 📋 Registered 1 capabilities with contracts[0m
[2:05:09 PM] [32m[13:05:09.033] [INFO] [architect] Sovereign Cell online @ http://localhost:44503[0m
[2:05:53 PM] [32m[13:05:53.866] [INFO] [architect] 🌐 ~1 → 19p/70c[0m
[2:05:54 PM] ============================================================
[2:05:54 PM] 💥 MESH FAILURE [RPC_UNREACHABLE]
[2:05:54 PM] ============================================================
[2:05:54 PM] Time:     2026-02-10T13:05:54.037Z
[2:05:54 PM] Signal:   ad82b616-b39c-4983-8396-3403487aac19
[2:05:54 PM] Failed At: http://localhost:42341
[2:05:54 PM] Message:  RPC_UNREACHABLE: Unable to connect. Is the computer able to access the url?
[2:05:54 PM] 📜 Full Narrative (1 steps):
[2:05:54 PM]    [13:05:54.035] architect            | RPC_ATTEMPT         
[2:05:54 PM] 💡 Likely Causes:
[2:05:54 PM] Target cell crashed or is unreachable
[2:05:54 PM] Network partition between cells
[2:05:54 PM] Target cell port not open or firewall blocking
[2:05:54 PM] Target cell is still starting up (check logs)
[2:05:54 PM] ============================================================
[2:07:17 PM] [architect] Key fingerprint: d7735b039634620c
[2:07:17 PM] [32m[13:07:17.689] [INFO] [architect] 📋 Registered 1 capabilities with contracts[0m
[2:07:17 PM] [32m[13:07:17.700] [INFO] [architect] Sovereign Cell online @ http://localhost:41413[0m
[2:07:32 PM] ============================================================
[2:07:32 PM] 💥 MESH FAILURE [RPC_UNREACHABLE]
[2:07:32 PM] ============================================================
[2:07:32 PM] Time:     2026-02-10T13:07:32.703Z
[2:07:32 PM] Signal:   9d13e584-9196-4db0-b823-df2da8b048f0
[2:07:32 PM] Failed At: http://localhost:36297
[2:07:32 PM] Message:  RPC_UNREACHABLE: Unable to connect. Is the computer able to access the url?
[2:07:32 PM] 📜 Full Narrative (1 steps):
[2:07:32 PM]    [13:07:32.701] architect            | RPC_ATTEMPT         
[2:07:32 PM] 💡 Likely Causes:
[2:07:32 PM] Target cell crashed or is unreachable
[2:07:32 PM] Network partition between cells
[2:07:32 PM] Target cell port not open or firewall blocking
[2:07:32 PM] Target cell is still starting up (check logs)
[2:07:32 PM] ============================================================
[2:07:47 PM] ============================================================
[2:07:47 PM] 💥 MESH FAILURE [RPC_UNREACHABLE]
[2:07:47 PM] ============================================================
[2:07:47 PM] Time:     2026-02-10T13:07:47.705Z
[2:07:47 PM] Signal:   3171d15a-159a-4b7a-afe6-ae3c0603e4af
[2:07:47 PM] Failed At: http://localhost:36297
[2:07:47 PM] Message:  RPC_UNREACHABLE: Unable to connect. Is the computer able to access the url?
[2:07:47 PM] 📜 Full Narrative (1 steps):
[2:07:47 PM]    [13:07:47.702] architect            | RPC_ATTEMPT         
[2:07:47 PM] 💡 Likely Causes:
[2:07:47 PM] Target cell crashed or is unreachable
[2:07:47 PM] Network partition between cells
[2:07:47 PM] Target cell port not open or firewall blocking
[2:07:47 PM] Target cell is still starting up (check logs)
[2:07:47 PM] ============================================================
[2:10:02 PM] [architect] Key fingerprint: d23df928344dc1ff
[2:10:02 PM] [32m[13:10:02.593] [INFO] [architect] 📋 Registered 1 capabilities with contracts[0m
[2:10:02 PM] [32m[13:10:02.610] [INFO] [architect] Sovereign Cell online @ http://localhost:42575[0m
[2:10:35 PM] [architect] Key fingerprint: 4272026f2aa25a82
[2:10:35 PM] [32m[13:10:35.515] [INFO] [architect] 📋 Registered 1 capabilities with contracts[0m
[2:10:35 PM] [32m[13:10:35.524] [INFO] [architect] Sovereign Cell online @ http://localhost:39807[0m
[2:15:51 PM] [architect] Key fingerprint: 72ac5f08b3d8f025
[2:15:51 PM] [32m[13:15:51.402] [INFO] [architect] 📋 Registered 1 capabilities with contracts[0m
[2:15:51 PM] [32m[13:15:51.425] [INFO] [architect] Sovereign Cell online @ http://localhost:36115[0m
[2:25:38 PM] [architect] Key fingerprint: b4914d685a3889ae
[2:25:38 PM] [32m[13:25:38.820] [INFO] [architect] 📋 Registered 1 capabilities with contracts[0m
[2:25:38 PM] [32m[13:25:38.824] [INFO] [architect] Sovereign Cell online @ http://localhost:36621[0m
[2:25:39 PM] [31m[13:25:39.072] [ERROR] [architect] [3723dc56] ❌ RPC_REMOTE_FAIL: [comms/configure-channel] @ http://localhost:34031 | HANDLER_ERR: Input validation failed for comms/configure-channel: Missing required field: channel[0m
[8:04:15 PM] [architect] Key fingerprint: 02c0726513bb1d51
[8:04:15 PM] [32m[19:04:15.578] [INFO] [architect] 📋 Registered 1 capabilities with contracts[0m
[8:04:15 PM] [32m[19:04:15.586] [INFO] [architect] Sovereign Cell online @ http://localhost:40737[0m
[8:04:15 PM] [31m[19:04:15.766] [ERROR] [architect] [ea608b7b] ❌ RPC_REMOTE_FAIL: [comms/configure-channel] @ http://localhost:33797 | HANDLER_ERR: Input validation failed for comms/configure-channel: Missing required field: channel | Received: {}[0m
[8:07:59 PM] [architect] Key fingerprint: d87aded26b50369b
[8:07:59 PM] [32m[19:07:59.473] [INFO] [architect] 📋 Registered 1 capabilities with contracts[0m
[8:07:59 PM] [32m[19:07:59.481] [INFO] [architect] Sovereign Cell online @ http://localhost:43229[0m
[8:08:41 PM] [architect] Key fingerprint: e9ffbdeba27255d3
[8:08:41 PM] [32m[19:08:40.952] [INFO] [architect] 📋 Registered 1 capabilities with contracts[0m
[8:08:41 PM] [32m[19:08:40.957] [INFO] [architect] Sovereign Cell online @ http://localhost:38397[0m
[8:08:41 PM] [31m[19:08:41.185] [ERROR] [architect] [37d90e05] ❌ RPC_REMOTE_FAIL: [comms/configure-channel] @ http://localhost:35185 | HANDLER_ERR: Input validation failed for comms/configure-channel: Missing required field: channel | Received: {}[0m
[8:08:41 PM] [31m[19:08:41.224] [ERROR] [architect] [37d90e05] ❌ RPC_REMOTE_FAIL: [comms/configure-channel] @ http://localhost:35185 | HANDLER_ERR: Input validation failed for comms/configure-channel: Missing required field: channel | Received: {}[0m
[8:11:14 PM] [architect] Key fingerprint: 4ee10852a6a21cbe
[8:11:14 PM] [32m[19:11:14.428] [INFO] [architect] 📋 Registered 1 capabilities with contracts[0m
[8:11:14 PM] [32m[19:11:14.448] [INFO] [architect] Sovereign Cell online @ http://localhost:43291[0m
[8:16:34 PM] [architect] Key fingerprint: 7ec49e3b6d858444
[8:16:34 PM] [32m[19:16:34.568] [INFO] [architect] 📋 Registered 1 capabilities with contracts[0m
[8:16:34 PM] [32m[19:16:34.573] [INFO] [architect] Sovereign Cell online @ http://localhost:34215[0m
[8:16:34 PM] [DEBUG architect] Handler found for mesh/gossip, args: {"atlas":{"coder":{"id":"coder","addr":"http://localhost:37981","caps":["mesh/ping","mesh/gossip","cell/shutdown","cell/inspect","cell/journal","mesh/directory","mesh/who","mesh/signal-to-url","cell/contract","coder/develop"],"pubKey":"-----BEGIN PUBLIC KEY-----\nMCowBQYDK2VwAyEA7rpvKvTS23cYhiPXnC+CvMjSdPWo9AduVnANdRmkBoo=\n-----END PUBLIC KEY-----\n","lastSeen":1770750994867,"lastGossiped":1770750994867,"gossipHopCount":0},"Orchestrator_206427":{"addr":"http://localhost:42325","caps":["mesh/ping","mesh/gossip","cell/shutdown","cell/inspect","cell/journal","mesh/directory","mesh/who","mesh/signal-to-url","cell/contract"],"pubKey":"-----BEGIN PUBLIC KEY-----\nMCowBQYDK2VwAyEAHHqv5RuvHd3HG/PHlrEKcKJFg6YqtrMilessDJn4Ek0=\n-----END PUBLIC KEY-----\n","lastSeen":1770750994740,"lastGossiped":1770750994743,"gossipHopCount":1},"projects":{"addr":"http://localhost:36549","caps":["mesh/ping","mesh/gossip","cell/shutdown","cell/inspect","cell/journal","mesh/directory","mesh/who","mesh/signal-to-url","cell/contract","projects/write","projects/read","projects/list","projects/exec"],"pubKey":"-----BEGIN PUBLIC KEY-----\nMCowBQYDK2VwAyEA1GyfV6uqspXxxkdnxTIajDKaMR7YPwSJSQwCP75LAlY=\n-----END PUBLIC KEY-----\n","lastSeen":1770750994635,"lastGossiped":1770750994743,"gossipHopCount":1},"checklist":{"addr":"http://localhost:42179","caps":["mesh/ping","mesh/gossip","cell/shutdown","cell/inspect","cell/journal","mesh/directory","mesh/who","mesh/signal-to-url","cell/contract","list/get","list/add","list/complete","list/summarize","list/suggest-tasks"],"pubKey":"-----BEGIN PUBLIC KEY-----\nMCowBQYDK2VwAyEA/0bdTENcQTYoHmVHNXmonPFrOdTxWSa8HjsxOklMy78=\n-----END PUBLIC KEY-----\n","lastSeen":1770750994649,"lastGossiped":1770750994743,"gossipHopCount":1},"architect":{"addr":"http://localhost:34215","caps":["mesh/ping","mesh/gossip","cell/shutdown","cell/inspect","cell/journal","mesh/directory","mesh/who","mesh/signal-to-url","cell/contract","architect/consult"],"pubKey":"-----BEGIN PUBLIC KEY-----\nMCowBQYDK2VwAyEAhonN1hsSQLbFs2Q1Yd1s37d8jD6irniWjp4qofAUt7w=\n-----END PUBLIC KEY-----\n","lastSeen":1770750994776,"lastGossiped":1770750994776,"gossipHopCount":0},"Codegen":{"addr":"http://localhost:40669","caps":["mesh/ping","mesh/gossip","cell/shutdown","cell/inspect","cell/journal","mesh/directory","mesh/who","mesh/signal-to-url","cell/contract","codegen/mesh-types","codegen/poke-ts","codegen/validate","codegen/describe"],"pubKey":"-----BEGIN PUBLIC KEY-----\nMCowBQYDK2VwAyEAe4Q56jBqknNKEovj0S20btAcKzuLvvx7kjf1bism0EM=\n-----END PUBLIC KEY-----\n","lastSeen":1770750994819,"lastGossiped":1770750994819,"gossipHopCount":0},"ai-ui":{"addr":"http://localhost:33611","caps":["mesh/ping","mesh/gossip","cell/shutdown","cell/inspect","cell/journal","mesh/directory","mesh/who","mesh/signal-to-url","cell/contract","simple-ai/session","simple-ai/chat","simple-ai/history","simple-ai/clear","simple-ai/stats"],"pubKey":"-----BEGIN PUBLIC KEY-----\nMCowBQYDK2VwAyEADVm/b+n93P7Q/2oPLXSh981oBtCMyZuu2Nyau4WgBmA=\n-----END PUBLIC KEY-----\n","lastSeen":1770750994867,"lastGossiped":1770750994867,"gossipHopCount":0}}}
[8:16:35 PM] [DEBUG architect] Handler found for mesh/gossip, args: {"atlas":{"Codegen":{"id":"Codegen","addr":"http://localhost:40669","caps":["mesh/ping","mesh/gossip","cell/shutdown","cell/inspect","cell/journal","mesh/directory","mesh/who","mesh/signal-to-url","cell/contract","codegen/mesh-types","codegen/poke-ts","codegen/validate","codegen/describe"],"pubKey":"-----BEGIN PUBLIC KEY-----\nMCowBQYDK2VwAyEAe4Q56jBqknNKEovj0S20btAcKzuLvvx7kjf1bism0EM=\n-----END PUBLIC KEY-----\n","lastSeen":1770750995078,"lastGossiped":1770750995078,"gossipHopCount":0},"ai-ui":{"addr":"http://localhost:33611","caps":["mesh/ping","mesh/gossip","cell/shutdown","cell/inspect","cell/journal","mesh/directory","mesh/who","mesh/signal-to-url","cell/contract","simple-ai/session","simple-ai/chat","simple-ai/history","simple-ai/clear","simple-ai/stats"],"pubKey":"-----BEGIN PUBLIC KEY-----\nMCowBQYDK2VwAyEADVm/b+n93P7Q/2oPLXSh981oBtCMyZuu2Nyau4WgBmA=\n-----END PUBLIC KEY-----\n","lastSeen":1770750994867,"lastGossiped":1770750995017,"gossipHopCount":1},"tts":{"addr":"http://localhost:33749","caps":["mesh/ping","mesh/gossip","cell/shutdown","cell/inspect","cell/journal","mesh/directory","mesh/who","mesh/signal-to-url","cell/contract","tts/synthesize","tts/status"],"pubKey":"-----BEGIN PUBLIC KEY-----\nMCowBQYDK2VwAyEA2CbXxC+s0pM1RXBymmRzMtuiTzQHZdJlcJ0s0MV6ST0=\n-----END PUBLIC KEY-----\n","lastSeen":1770750994857,"lastGossiped":1770750994857,"gossipHopCount":0},"coder":{"addr":"http://localhost:37981","caps":["mesh/ping","mesh/gossip","cell/shutdown","cell/inspect","cell/journal","mesh/directory","mesh/who","mesh/signal-to-url","cell/contract","coder/develop"],"pubKey":"-----BEGIN PUBLIC KEY-----\nMCowBQYDK2VwAyEA7rpvKvTS23cYhiPXnC+CvMjSdPWo9AduVnANdRmkBoo=\n-----END PUBLIC KEY-----\n","lastSeen":1770750994867,"lastGossiped":1770750994883,"gossipHopCount":1},"Radar":{"addr":"http://localhost:35615","caps":["mesh/ping","mesh/gossip","cell/shutdown","cell/inspect","cell/journal","mesh/directory","mesh/who","mesh/signal-to-url","cell/contract","sensors/proximity"],"pubKey":"-----BEGIN PUBLIC KEY-----\nMCowBQYDK2VwAyEAFmfc/zkiWDe91sAt1Ohd0/kqxTOzYhbiK2ySOpvtcsw=\n-----END PUBLIC KEY-----\n","lastSeen":1770750994874,"lastGossiped":1770750995017,"gossipHopCount":1},"telegram":{"addr":"http://localhost:43937","caps":["mesh/ping","mesh/gossip","cell/shutdown","cell/inspect","cell/journal","mesh/directory","mesh/who","mesh/signal-to-url","cell/contract","telegram/send-message","telegram/get-me","telegram/broadcast"],"pubKey":"-----BEGIN PUBLIC KEY-----\nMCowBQYDK2VwAyEAgz7j/V0bnBJozv7XioCV04jxhIs/icrMWn/iT97izOg=\n-----END PUBLIC KEY-----\n","lastSeen":1770750994862,"lastGossiped":1770750994862,"gossipHopCount":0},"log":{"addr":"http://localhost:40521","caps":["mesh/ping","mesh/gossip","cell/shutdown","cell/inspect","cell/journal","mesh/directory","mesh/who","mesh/signal-to-url","cell/contract","log/info","log/get"],"pubKey":"-----BEGIN PUBLIC KEY-----\nMCowBQYDK2VwAyEA+8CHnu6ZCfOpoksZIhEChe4GKuaNKyLFcnvf/s+A3AY=\n-----END PUBLIC KEY-----\n","lastSeen":1770750994862,"lastGossiped":1770750994862,"gossipHopCount":0},"comms":{"addr":"http://localhost:45057","caps":["mesh/ping","mesh/gossip","cell/shutdown","cell/inspect","cell/journal","mesh/directory","mesh/who","mesh/signal-to-url","cell/contract","comms/start-session","comms/chat","comms/get-session","comms/end-session","comms/configure-channel","comms/get-stats"],"pubKey":"-----BEGIN PUBLIC KEY-----\nMCowBQYDK2VwAyEAdiNXn/qJOBL5fH0tuah/hc/ISVp+5Te708r/uZmoWec=\n-----END PUBLIC KEY-----\n","lastSeen":1770750994859,"lastGossiped":1770750994859,"gossipHopCount":0},"architect":{"addr":"http://localhost:34215","caps":["mesh/ping","mesh/gossip","cell/shutdown","cell/inspect","cell/journal","mesh/directory","mesh/who","mesh/signal-to-url","cell/contract","architect/consult"],"pubKey":"-----BEGIN PUBLIC KEY-----\nMCowBQYDK2VwAyEAhonN1hsSQLbFs2Q1Yd1s37d8jD6irniWjp4qofAUt7w=\n-----END PUBLIC KEY-----\n","lastSeen":1770750995078,"lastGossiped":1770750995078,"gossipHopCount":0},"memory":{"addr":"http://localhost:42209","caps":["mesh/ping","mesh/gossip","cell/shutdown","cell/inspect","cell/journal","mesh/directory","mesh/who","mesh/signal-to-url","cell/contract","memory/session/store","memory/session/get","memory/goals/create","memory/goals/list","memory/goals/update","memory/movement/record","memory/movement/timeline","memory/patterns/learn","memory/patterns/match","memory/actions/record","memory/actions/history","memory/temporal/slice","memory/temporal/context"],"pubKey":"-----BEGIN PUBLIC KEY-----\nMCowBQYDK2VwAyEA0JeAeZXHjB+DG7tf5kZy8CHT6QRUDgPFGuL4yPe1r0U=\n-----END PUBLIC KEY-----\n","lastSeen":1770750994864,"lastGossiped":1770750994864,"gossipHopCount":0},"skills":{"addr":"http://localhost:39683","caps":["mesh/ping","mesh/gossip","cell/shutdown","cell/inspect","cell/journal","mesh/directory","mesh/who","mesh/signal-to-url","cell/contract","skills/list","skills/get-context","skills/update-capability","skills/learn-pattern","skills/sync-from-mesh","skills/search"],"pubKey":"-----BEGIN PUBLIC KEY-----\nMCowBQYDK2VwAyEAlBdDvn/QYoXMxZT405vfgTHiOo3I90QAIS5hivt/cEY=\n-----END PUBLIC KEY-----\n","lastSeen":1770750994864,"lastGossiped":1770750994864,"gossipHopCount":0},"projects":{"addr":"http://localhost:36549","caps":["mesh/ping","mesh/gossip","cell/shutdown","cell/inspect","cell/journal","mesh/directory","mesh/who","mesh/signal-to-url","cell/contract","projects/write","projects/read","projects/list","projects/exec"],"pubKey":"-----BEGIN PUBLIC KEY-----\nMCowBQYDK2VwAyEA1GyfV6uqspXxxkdnxTIajDKaMR7YPwSJSQwCP75LAlY=\n-----END PUBLIC KEY-----\n","lastSeen":1770750994863,"lastGossiped":1770750994883,"gossipHopCount":2},"Lidar":{"addr":"http://localhost:43417","caps":["mesh/ping","mesh/gossip","cell/shutdown","cell/inspect","cell/journal","mesh/directory","mesh/who","mesh/signal-to-url","cell/contract","sensors/proximity"],"pubKey":"-----BEGIN PUBLIC KEY-----\nMCowBQYDK2VwAyEAHIUiPF0Y5me/lMirEEtHGFu4cODnQS7MMUESVYTCTc8=\n-----END PUBLIC KEY-----\n","lastSeen":1770750994861,"lastGossiped":1770750994861,"gossipHopCount":0},"ai-ui-ui":{"addr":"http://localhost:42257","caps":["mesh/ping","mesh/gossip","cell/shutdown","cell/inspect","cell/journal","mesh/directory","mesh/who","mesh/signal-to-url","cell/contract"],"pubKey":"-----BEGIN PUBLIC KEY-----\nMCowBQYDK2VwAyEADoWM4SoVV6pJd47p+TQZd9AB5p0WYWOCo3gGKdfBWHY=\n-----END PUBLIC KEY-----\n","lastSeen":1770750994861,"lastGossiped":1770750994861,"gossipHopCount":0},"kindly":{"addr":"http://localhost:36613","caps":["mesh/ping","mesh/gossip","cell/shutdown","cell/inspect","cell/journal","mesh/directory","mesh/who","mesh/signal-to-url","cell/contract","kindly/chat","kindly/get-activity"],"pubKey":"-----BEGIN PUBLIC KEY-----\nMCowBQYDK2VwAyEAg6lEYZ5MHKiaG/q6QiaNX14QgMqKWPzv9h44QDqXo3c=\n-----END PUBLIC KEY-----\n","lastSeen":1770750994860,"lastGossiped":1770750995017,"gossipHopCount":1},"ai":{"addr":"http://localhost:38593","caps":["mesh/ping","mesh/gossip","cell/shutdown","cell/inspect","cell/journal","mesh/directory","mesh/who","mesh/signal-to-url","cell/contract","ai/generate","ai/usage","ai/reset-usage"],"pubKey":"-----BEGIN PUBLIC KEY-----\nMCowBQYDK2VwAyEAATRF+OD7veyBSuGpGPJ6oIjtpFVNdRowC4oifOTLyG8=\n-----END PUBLIC KEY-----\n","lastSeen":1770750994858,"lastGossiped":1770750994858,"gossipHopCount":0},"tts-ui":{"addr":"http://localhost:42491","caps":["mesh/ping","mesh/gossip","cell/shutdown","cell/inspect","cell/journal","mesh/directory","mesh/who","mesh/signal-to-url","cell/contract"],"pubKey":"-----BEGIN PUBLIC KEY-----\nMCowBQYDK2VwAyEA/xnbuIrWlgolsOy72aRkt72QxccHQoV9cBypwx5WylU=\n-----END PUBLIC KEY-----\n","lastSeen":1770750994858,"lastGossiped":1770750994858,"gossipHopCount":0},"telemetry":{"addr":"http://localhost:39755","caps":["mesh/ping","mesh/gossip","cell/shutdown","cell/inspect","cell/journal","mesh/directory","mesh/who","mesh/signal-to-url","cell/contract","mesh/health"],"pubKey":"-----BEGIN PUBLIC KEY-----\nMCowBQYDK2VwAyEASYCeZUFGGav/SmeMGOKT9L1BfdOf9/Ew8ALnE1yPTU4=\n-----END PUBLIC KEY-----\n","lastSeen":1770750994857,"lastGossiped":1770750994857,"gossipHopCount":0},"Orchestrator_206427":{"addr":"http://localhost:42325","caps":["mesh/ping","mesh/gossip","cell/shutdown","cell/inspect","cell/journal","mesh/directory","mesh/who","mesh/signal-to-url","cell/contract"],"pubKey":"-----BEGIN PUBLIC KEY-----\nMCowBQYDK2VwAyEAHHqv5RuvHd3HG/PHlrEKcKJFg6YqtrMilessDJn4Ek0=\n-----END PUBLIC KEY-----\n","lastSeen":1770750994853,"lastGossiped":1770750994883,"gossipHopCount":2},"Safety":{"addr":"http://localhost:34419","caps":["mesh/ping","mesh/gossip","cell/shutdown","cell/inspect","cell/journal","mesh/directory","mesh/who","mesh/signal-to-url","cell/contract","safety/get-close-proximity","safety/run-test-sequence"],"pubKey":"-----BEGIN PUBLIC KEY-----\nMCowBQYDK2VwAyEA4mP2lUa6Q4yAH85FNSfTUU+Rq1oCaGvLFyp2dkDKnZM=\n-----END PUBLIC KEY-----\n","lastSeen":1770750994874,"lastGossiped":1770750995017,"gossipHopCount":1},"checklist":{"addr":"http://localhost:42179","caps":["mesh/ping","mesh/gossip","cell/shutdown","cell/inspect","cell/journal","mesh/directory","mesh/who","mesh/signal-to-url","cell/contract","list/get","list/add","list/complete","list/summarize","list/suggest-tasks"],"pubKey":"-----BEGIN PUBLIC KEY-----\nMCowBQYDK2VwAyEA/0bdTENcQTYoHmVHNXmonPFrOdTxWSa8HjsxOklMy78=\n-----END PUBLIC KEY-----\n","lastSeen":1770750994839,"lastGossiped":1770750995017,"gossipHopCount":1}}}
[8:16:35 PM] [31m[19:16:35.267] [ERROR] [architect] [80d5ce06] ❌ RPC_REMOTE_FAIL: [comms/configure-channel] @ http://localhost:45057 | HANDLER_ERR: Input validation failed for comms/configure-channel: Missing required field: channel | Received: {}[0m
[8:18:12 PM] [architect] Key fingerprint: 2a6fc4f47dd019da
[8:18:12 PM] [32m[19:18:12.046] [INFO] [architect] 📋 Registered 1 capabilities with contracts[0m
[8:18:12 PM] [32m[19:18:12.053] [INFO] [architect] Sovereign Cell online @ http://localhost:44487[0m
[8:22:32 PM] [architect] Key fingerprint: 33c676bfb3dd114b
[8:22:32 PM] [32m[19:22:32.520] [INFO] [architect] 📋 Registered 1 capabilities with contracts[0m
[8:22:32 PM] [32m[19:22:32.527] [INFO] [architect] Sovereign Cell online @ http://localhost:39433[0m
[8:22:32 PM] [DEBUG architect] handleRequest() received, raw.payload.args: {}
[8:22:32 PM] [DEBUG architect] handleRequest() received, raw.payload.args: {}
[8:22:33 PM] [DEBUG architect] handleRequest() received, raw.payload.args: {"atlas":{"memory":{"id":"memory","addr":"http://localhost:34011","caps":["mesh/ping","mesh/gossip","cell/shutdown","cell/inspect","cell/journal","mesh/directory","mesh/who","mesh/signal-to-url","cell/contract","memory/session/store","memory/session/get","memory/goals/create","memory/goals/list","memory/goals/update","memory/movement/record","memory/movement/timeline","memory/patterns/learn","memory/patterns/match","memory/actions/record","memory/actions/history","memory/temporal/slice","memory/temporal/context"],"pubKey":"-----BEGIN PUBLIC KEY-----\nMCowBQYDK2VwAyEAOLr4WfFE3yp7R999skRls91Aj7h/XCPtYvostYu0hlY=\n-----END PUBLIC KEY-----\n","lastSeen":1770751352994,"lastGossiped":1770751352994,"gossipHopCount":0},"telegram":{"addr":"http://localhost:40491","caps":["mesh/ping","mesh/gossip","cell/shutdown","cell/inspect","cell/journal","mesh/directory","mesh/who","mesh/signal-to-url","cell/contract","telegram/send-message","telegram/get-me","telegram/broadcast"],"pubKey":"-----BEGIN PUBLIC KEY-----\nMCowBQYDK2VwAyEAnVX+L2AHily67tOgtaW2g45sLAZaKpJhIQ2Wah+D8AU=\n-----END PUBLIC KEY-----\n","lastSeen":1770751352983,"lastGossiped":1770751352994,"gossipHopCount":1},"tts":{"addr":"http://localhost:44499","caps":["mesh/ping","mesh/gossip","cell/shutdown","cell/inspect","cell/journal","mesh/directory","mesh/who","mesh/signal-to-url","cell/contract","tts/synthesize","tts/status"],"pubKey":"-----BEGIN PUBLIC KEY-----\nMCowBQYDK2VwAyEAJTh6M/txahPnMpgo4f5IA9mM8A6HSs8whzAnh9+8mvc=\n-----END PUBLIC KEY-----\n","lastSeen":1770751352983,"lastGossiped":1770751352994,"gossipHopCount":1},"Lidar":{"addr":"http://localhost:35031","caps":["mesh/ping","mesh/gossip","cell/shutdown","cell/inspect","cell/journal","mesh/directory","mesh/who","mesh/signal-to-url","cell/contract","sensors/proximity"],"pubKey":"-----BEGIN PUBLIC KEY-----\nMCowBQYDK2VwAyEAsM+PN7FhEYt7uxauUHb+lcIrYopNvyzVRMxpIpGcwvo=\n-----END PUBLIC KEY-----\n","lastSeen":1770751352983,"lastGossiped":1770751352994,"gossipHopCount":1},"checklist":{"addr":"http://localhost:38121","caps":["mesh/ping","mesh/gossip","cell/shutdown","cell/inspect","cell/journal","mesh/directory","mesh/who","mesh/signal-to-url","cell/contract","list/get","list/add","list/complete","list/summarize","list/suggest-tasks"],"pubKey":"-----BEGIN PUBLIC KEY-----\nMCowBQYDK2VwAyEAYfSaajiWo0C3zfJoGrPd+wtLj0+z2djp3PsHqxUnumE=\n-----END PUBLIC KEY-----\n","lastSeen":1770751352983,"lastGossiped":1770751352994,"gossipHopCount":1},"comms":{"addr":"http://localhost:45213","caps":["mesh/ping","mesh/gossip","cell/shutdown","cell/inspect","cell/journal","mesh/directory","mesh/who","mesh/signal-to-url","cell/contract","comms/start-session","comms/chat","comms/get-session","comms/end-session","comms/configure-channel","comms/get-stats"],"pubKey":"-----BEGIN PUBLIC KEY-----\nMCowBQYDK2VwAyEAUFu9uXSbfWhjBY7OsDgbfCZQWGYybpRmXqY86/ethQ0=\n-----END PUBLIC KEY-----\n","lastSeen":1770751352983,"lastGossiped":1770751352994,"gossipHopCount":1},"projects":{"addr":"http://localhost:34851","caps":["mesh/ping","mesh/gossip","cell/shutdown","cell/inspect","cell/journal","mesh/directory","mesh/who","mesh/signal-to-url","cell/contract","projects/write","projects/read","projects/list","projects/exec"],"pubKey":"-----BEGIN PUBLIC KEY-----\nMCowBQYDK2VwAyEAvcgqdioMnf6LdaLG2oStJuJ9Y3GbqzST3Me/CvZR8As=\n-----END PUBLIC KEY-----\n","lastSeen":1770751352983,"lastGossiped":1770751352994,"gossipHopCount":1},"Radar":{"addr":"http://localhost:42623","caps":["mesh/ping","mesh/gossip","cell/shutdown","cell/inspect","cell/journal","mesh/directory","mesh/who","mesh/signal-to-url","cell/contract","sensors/proximity"],"pubKey":"-----BEGIN PUBLIC KEY-----\nMCowBQYDK2VwAyEAY20XrSmrNQoIqxcgeDpcAP8v4rtVQ3amehfQ/Wz9nrg=\n-----END PUBLIC KEY-----\n","lastSeen":1770751352983,"lastGossiped":1770751352994,"gossipHopCount":1},"skills":{"addr":"http://localhost:42989","caps":["mesh/ping","mesh/gossip","cell/shutdown","cell/inspect","cell/journal","mesh/directory","mesh/who","mesh/signal-to-url","cell/contract","skills/list","skills/get-context","skills/update-capability","skills/learn-pattern","skills/sync-from-mesh","skills/search"],"pubKey":"-----BEGIN PUBLIC KEY-----\nMCowBQYDK2VwAyEA6GKzXKFmBPa7eHU5eVCP/JoE2IoRhKpEo/KB1gzIBzE=\n-----END PUBLIC KEY-----\n","lastSeen":1770751352983,"lastGossiped":1770751352994,"gossipHopCount":1},"kindly":{"addr":"http://localhost:46771","caps":["mesh/ping","mesh/gossip","cell/shutdown","cell/inspect","cell/journal","mesh/directory","mesh/who","mesh/signal-to-url","cell/contract","kindly/chat","kindly/get-activity"],"pubKey":"-----BEGIN PUBLIC KEY-----\nMCowBQYDK2VwAyEAIS/wWubBnt0AV3wu++rQh6ToYMKZr8HbMDqRBKN2r2U=\n-----END PUBLIC KEY-----\n","lastSeen":1770751352983,"lastGossiped":1770751352994,"gossipHopCount":1},"telemetry":{"addr":"http://localhost:44133","caps":["mesh/ping","mesh/gossip","cell/shutdown","cell/inspect","cell/journal","mesh/directory","mesh/who","mesh/signal-to-url","cell/contract","mesh/health"],"pubKey":"-----BEGIN PUBLIC KEY-----\nMCowBQYDK2VwAyEAj4xUfzwe/8AoNfyBuWQZ/XLtaLsDJwpsz/2WNDYmWgA=\n-----END PUBLIC KEY-----\n","lastSeen":1770751352983,"lastGossiped":1770751352994,"gossipHopCount":1},"architect":{"addr":"http://localhost:39433","caps":["mesh/ping","mesh/gossip","cell/shutdown","cell/inspect","cell/journal","mesh/directory","mesh/who","mesh/signal-to-url","cell/contract","architect/consult"],"pubKey":"-----BEGIN PUBLIC KEY-----\nMCowBQYDK2VwAyEAzKTCXSB6vufNETYnsDRGLylUSkW2UMuwPqYFeWSzmcE=\n-----END PUBLIC KEY-----\n","lastSeen":1770751352983,"lastGossiped":1770751352994,"gossipHopCount":1},"coder":{"addr":"http://localhost:43911","caps":["mesh/ping","mesh/gossip","cell/shutdown","cell/inspect","cell/journal","mesh/directory","mesh/who","mesh/signal-to-url","cell/contract","coder/develop"],"pubKey":"-----BEGIN PUBLIC KEY-----\nMCowBQYDK2VwAyEAtquQMYRYg9PSvJlWmH5GrYY7TBIoaa9TZ0Hw3/r5Ka8=\n-----END PUBLIC KEY-----\n","lastSeen":1770751352983,"lastGossiped":1770751352994,"gossipHopCount":1},"log":{"addr":"http://localhost:40587","caps":["mesh/ping","mesh/gossip","cell/shutdown","cell/inspect","cell/journal","mesh/directory","mesh/who","mesh/signal-to-url","cell/contract","log/info","log/get"],"pubKey":"-----BEGIN PUBLIC KEY-----\nMCowBQYDK2VwAyEAVOAWIwoRJd+AO63Z7OHb95tRGTDgnCL5XS+Rl1OR92s=\n-----END PUBLIC KEY-----\n","lastSeen":1770751352983,"lastGossiped":1770751352994,"gossipHopCount":1},"Orchestrator_208585":{"addr":"http://localhost:41821","caps":["mesh/ping","mesh/gossip","cell/shutdown","cell/inspect","cell/journal","mesh/directory","mesh/who","mesh/signal-to-url","cell/contract"],"pubKey":"-----BEGIN PUBLIC KEY-----\nMCowBQYDK2VwAyEA3Q3NQTLu3q/gsaHGNkVM874sMl5S1Jlp/ZrYpuUYMAM=\n-----END PUBLIC KEY-----\n","lastSeen":1770751352983,"lastGossiped":1770751352994,"gossipHopCount":1},"tts-ui":{"addr":"http://localhost:45157","caps":["mesh/ping","mesh/gossip","cell/shutdown","cell/inspect","cell/journal","mesh/directory","mesh/who","mesh/signal-to-url","cell/contract"],"pubKey":"-----BEGIN PUBLIC KEY-----\nMCowBQYDK2VwAyEAWT5pZwpto+Yl8X93y8H5iwTlGOVxo4/0tk4CoSu4Gjk=\n-----END PUBLIC KEY-----\n","lastSeen":1770751352983,"lastGossiped":1770751352994,"gossipHopCount":1},"ai":{"addr":"http://localhost:37077","caps":["mesh/ping","mesh/gossip","cell/shutdown","cell/inspect","cell/journal","mesh/directory","mesh/who","mesh/signal-to-url","cell/contract","ai/generate","ai/usage","ai/reset-usage"],"pubKey":"-----BEGIN PUBLIC KEY-----\nMCowBQYDK2VwAyEAvN64s0U7pOmpoOPZDtFBWOTkBAu8+f0t7ZBjqQe0OEo=\n-----END PUBLIC KEY-----\n","lastSeen":1770751352983,"lastGossiped":1770751352994,"gossipHopCount":1},"Safety":{"addr":"http://localhost:42459","caps":["mesh/ping","mesh/gossip","cell/shutdown","cell/inspect","cell/journal","mesh/directory","mesh/who","mesh/signal-to-url","cell/contract","safety/get-close-proximity","safety/run-test-sequence"],"pubKey":"-----BEGIN PUBLIC KEY-----\nMCowBQYDK2VwAyEAdT5aVzlN7FEp1pnZ5YB3jIuDI+iTm9qU4owwIlGZDKM=\n-----END PUBLIC KEY-----\n","lastSeen":1770751352983,"lastGossiped":1770751352994,"gossipHopCount":1},"ai-ui":{"addr":"http://localhost:41153","caps":["mesh/ping","mesh/gossip","cell/shutdown","cell/inspect","cell/journal","mesh/directory","mesh/who","mesh/signal-to-url","cell/contract","simple-ai/session","simple-ai/chat","simple-ai/history","simple-ai/clear","simple-ai/stats"],"pubKey":"-----BEGIN PUBLIC KEY-----\nMCowBQYDK2VwAyEA1V5agFWAZsfEhl5NWMUbszUNnHTkXOgMMVvL8EMctRg=\n-----END PUBLIC KEY-----\n","lastSeen":1770751352983,"lastGossiped":1770751352994,"gossipHopCount":1},"ai-ui-ui":{"addr":"http://localhost:42309","caps":["mesh/ping","mesh/gossip","cell/shutdown","cell/inspect","cell/journal","mesh/directory","mesh/who","mesh/signal-to-url","cell/contract"],"pubKey":"-----BEGIN PUBLIC KEY-----\nMCowBQYDK2VwAyEApPs1DKpuNTD6Kt9RLZ0fOxIOgCdGcp718C9Yo5/Fui0=\n-----END PUBLIC KEY-----\n","lastSeen":1770751352983,"lastGossiped":1770751352994,"gossipHopCount":1}}}
[8:22:33 PM] [DEBUG architect] Handler found for mesh/gossip, args: {"atlas":{"memory":{"id":"memory","addr":"http://localhost:34011","caps":["mesh/ping","mesh/gossip","cell/shutdown","cell/inspect","cell/journal","mesh/directory","mesh/who","mesh/signal-to-url","cell/contract","memory/session/store","memory/session/get","memory/goals/create","memory/goals/list","memory/goals/update","memory/movement/record","memory/movement/timeline","memory/patterns/learn","memory/patterns/match","memory/actions/record","memory/actions/history","memory/temporal/slice","memory/temporal/context"],"pubKey":"-----BEGIN PUBLIC KEY-----\nMCowBQYDK2VwAyEAOLr4WfFE3yp7R999skRls91Aj7h/XCPtYvostYu0hlY=\n-----END PUBLIC KEY-----\n","lastSeen":1770751352994,"lastGossiped":1770751352994,"gossipHopCount":0},"telegram":{"addr":"http://localhost:40491","caps":["mesh/ping","mesh/gossip","cell/shutdown","cell/inspect","cell/journal","mesh/directory","mesh/who","mesh/signal-to-url","cell/contract","telegram/send-message","telegram/get-me","telegram/broadcast"],"pubKey":"-----BEGIN PUBLIC KEY-----\nMCowBQYDK2VwAyEAnVX+L2AHily67tOgtaW2g45sLAZaKpJhIQ2Wah+D8AU=\n-----END PUBLIC KEY-----\n","lastSeen":1770751352983,"lastGossiped":1770751352994,"gossipHopCount":1},"tts":{"addr":"http://localhost:44499","caps":["mesh/ping","mesh/gossip","cell/shutdown","cell/inspect","cell/journal","mesh/directory","mesh/who","mesh/signal-to-url","cell/contract","tts/synthesize","tts/status"],"pubKey":"-----BEGIN PUBLIC KEY-----\nMCowBQYDK2VwAyEAJTh6M/txahPnMpgo4f5IA9mM8A6HSs8whzAnh9+8mvc=\n-----END PUBLIC KEY-----\n","lastSeen":1770751352983,"lastGossiped":1770751352994,"gossipHopCount":1},"Lidar":{"addr":"http://localhost:35031","caps":["mesh/ping","mesh/gossip","cell/shutdown","cell/inspect","cell/journal","mesh/directory","mesh/who","mesh/signal-to-url","cell/contract","sensors/proximity"],"pubKey":"-----BEGIN PUBLIC KEY-----\nMCowBQYDK2VwAyEAsM+PN7FhEYt7uxauUHb+lcIrYopNvyzVRMxpIpGcwvo=\n-----END PUBLIC KEY-----\n","lastSeen":1770751352983,"lastGossiped":1770751352994,"gossipHopCount":1},"checklist":{"addr":"http://localhost:38121","caps":["mesh/ping","mesh/gossip","cell/shutdown","cell/inspect","cell/journal","mesh/directory","mesh/who","mesh/signal-to-url","cell/contract","list/get","list/add","list/complete","list/summarize","list/suggest-tasks"],"pubKey":"-----BEGIN PUBLIC KEY-----\nMCowBQYDK2VwAyEAYfSaajiWo0C3zfJoGrPd+wtLj0+z2djp3PsHqxUnumE=\n-----END PUBLIC KEY-----\n","lastSeen":1770751352983,"lastGossiped":1770751352994,"gossipHopCount":1},"comms":{"addr":"http://localhost:45213","caps":["mesh/ping","mesh/gossip","cell/shutdown","cell/inspect","cell/journal","mesh/directory","mesh/who","mesh/signal-to-url","cell/contract","comms/start-session","comms/chat","comms/get-session","comms/end-session","comms/configure-channel","comms/get-stats"],"pubKey":"-----BEGIN PUBLIC KEY-----\nMCowBQYDK2VwAyEAUFu9uXSbfWhjBY7OsDgbfCZQWGYybpRmXqY86/ethQ0=\n-----END PUBLIC KEY-----\n","lastSeen":1770751352983,"lastGossiped":1770751352994,"gossipHopCount":1},"projects":{"addr":"http://localhost:34851","caps":["mesh/ping","mesh/gossip","cell/shutdown","cell/inspect","cell/journal","mesh/directory","mesh/who","mesh/signal-to-url","cell/contract","projects/write","projects/read","projects/list","projects/exec"],"pubKey":"-----BEGIN PUBLIC KEY-----\nMCowBQYDK2VwAyEAvcgqdioMnf6LdaLG2oStJuJ9Y3GbqzST3Me/CvZR8As=\n-----END PUBLIC KEY-----\n","lastSeen":1770751352983,"lastGossiped":1770751352994,"gossipHopCount":1},"Radar":{"addr":"http://localhost:42623","caps":["mesh/ping","mesh/gossip","cell/shutdown","cell/inspect","cell/journal","mesh/directory","mesh/who","mesh/signal-to-url","cell/contract","sensors/proximity"],"pubKey":"-----BEGIN PUBLIC KEY-----\nMCowBQYDK2VwAyEAY20XrSmrNQoIqxcgeDpcAP8v4rtVQ3amehfQ/Wz9nrg=\n-----END PUBLIC KEY-----\n","lastSeen":1770751352983,"lastGossiped":1770751352994,"gossipHopCount":1},"skills":{"addr":"http://localhost:42989","caps":["mesh/ping","mesh/gossip","cell/shutdown","cell/inspect","cell/journal","mesh/directory","mesh/who","mesh/signal-to-url","cell/contract","skills/list","skills/get-context","skills/update-capability","skills/learn-pattern","skills/sync-from-mesh","skills/search"],"pubKey":"-----BEGIN PUBLIC KEY-----\nMCowBQYDK2VwAyEA6GKzXKFmBPa7eHU5eVCP/JoE2IoRhKpEo/KB1gzIBzE=\n-----END PUBLIC KEY-----\n","lastSeen":1770751352983,"lastGossiped":1770751352994,"gossipHopCount":1},"kindly":{"addr":"http://localhost:46771","caps":["mesh/ping","mesh/gossip","cell/shutdown","cell/inspect","cell/journal","mesh/directory","mesh/who","mesh/signal-to-url","cell/contract","kindly/chat","kindly/get-activity"],"pubKey":"-----BEGIN PUBLIC KEY-----\nMCowBQYDK2VwAyEAIS/wWubBnt0AV3wu++rQh6ToYMKZr8HbMDqRBKN2r2U=\n-----END PUBLIC KEY-----\n","lastSeen":1770751352983,"lastGossiped":1770751352994,"gossipHopCount":1},"telemetry":{"addr":"http://localhost:44133","caps":["mesh/ping","mesh/gossip","cell/shutdown","cell/inspect","cell/journal","mesh/directory","mesh/who","mesh/signal-to-url","cell/contract","mesh/health"],"pubKey":"-----BEGIN PUBLIC KEY-----\nMCowBQYDK2VwAyEAj4xUfzwe/8AoNfyBuWQZ/XLtaLsDJwpsz/2WNDYmWgA=\n-----END PUBLIC KEY-----\n","lastSeen":1770751352983,"lastGossiped":1770751352994,"gossipHopCount":1},"architect":{"addr":"http://localhost:39433","caps":["mesh/ping","mesh/gossip","cell/shutdown","cell/inspect","cell/journal","mesh/directory","mesh/who","mesh/signal-to-url","cell/contract","architect/consult"],"pubKey":"-----BEGIN PUBLIC KEY-----\nMCowBQYDK2VwAyEAzKTCXSB6vufNETYnsDRGLylUSkW2UMuwPqYFeWSzmcE=\n-----END PUBLIC KEY-----\n","lastSeen":1770751352983,"lastGossiped":1770751352994,"gossipHopCount":1},"coder":{"addr":"http://localhost:43911","caps":["mesh/ping","mesh/gossip","cell/shutdown","cell/inspect","cell/journal","mesh/directory","mesh/who","mesh/signal-to-url","cell/contract","coder/develop"],"pubKey":"-----BEGIN PUBLIC KEY-----\nMCowBQYDK2VwAyEAtquQMYRYg9PSvJlWmH5GrYY7TBIoaa9TZ0Hw3/r5Ka8=\n-----END PUBLIC KEY-----\n","lastSeen":1770751352983,"lastGossiped":1770751352994,"gossipHopCount":1},"log":{"addr":"http://localhost:40587","caps":["mesh/ping","mesh/gossip","cell/shutdown","cell/inspect","cell/journal","mesh/directory","mesh/who","mesh/signal-to-url","cell/contract","log/info","log/get"],"pubKey":"-----BEGIN PUBLIC KEY-----\nMCowBQYDK2VwAyEAVOAWIwoRJd+AO63Z7OHb95tRGTDgnCL5XS+Rl1OR92s=\n-----END PUBLIC KEY-----\n","lastSeen":1770751352983,"lastGossiped":1770751352994,"gossipHopCount":1},"Orchestrator_208585":{"addr":"http://localhost:41821","caps":["mesh/ping","mesh/gossip","cell/shutdown","cell/inspect","cell/journal","mesh/directory","mesh/who","mesh/signal-to-url","cell/contract"],"pubKey":"-----BEGIN PUBLIC KEY-----\nMCowBQYDK2VwAyEA3Q3NQTLu3q/gsaHGNkVM874sMl5S1Jlp/ZrYpuUYMAM=\n-----END PUBLIC KEY-----\n","lastSeen":1770751352983,"lastGossiped":1770751352994,"gossipHopCount":1},"tts-ui":{"addr":"http://localhost:45157","caps":["mesh/ping","mesh/gossip","cell/shutdown","cell/inspect","cell/journal","mesh/directory","mesh/who","mesh/signal-to-url","cell/contract"],"pubKey":"-----BEGIN PUBLIC KEY-----\nMCowBQYDK2VwAyEAWT5pZwpto+Yl8X93y8H5iwTlGOVxo4/0tk4CoSu4Gjk=\n-----END PUBLIC KEY-----\n","lastSeen":1770751352983,"lastGossiped":1770751352994,"gossipHopCount":1},"ai":{"addr":"http://localhost:37077","caps":["mesh/ping","mesh/gossip","cell/shutdown","cell/inspect","cell/journal","mesh/directory","mesh/who","mesh/signal-to-url","cell/contract","ai/generate","ai/usage","ai/reset-usage"],"pubKey":"-----BEGIN PUBLIC KEY-----\nMCowBQYDK2VwAyEAvN64s0U7pOmpoOPZDtFBWOTkBAu8+f0t7ZBjqQe0OEo=\n-----END PUBLIC KEY-----\n","lastSeen":1770751352983,"lastGossiped":1770751352994,"gossipHopCount":1},"Safety":{"addr":"http://localhost:42459","caps":["mesh/ping","mesh/gossip","cell/shutdown","cell/inspect","cell/journal","mesh/directory","mesh/who","mesh/signal-to-url","cell/contract","safety/get-close-proximity","safety/run-test-sequence"],"pubKey":"-----BEGIN PUBLIC KEY-----\nMCowBQYDK2VwAyEAdT5aVzlN7FEp1pnZ5YB3jIuDI+iTm9qU4owwIlGZDKM=\n-----END PUBLIC KEY-----\n","lastSeen":1770751352983,"lastGossiped":1770751352994,"gossipHopCount":1},"ai-ui":{"addr":"http://localhost:41153","caps":["mesh/ping","mesh/gossip","cell/shutdown","cell/inspect","cell/journal","mesh/directory","mesh/who","mesh/signal-to-url","cell/contract","simple-ai/session","simple-ai/chat","simple-ai/history","simple-ai/clear","simple-ai/stats"],"pubKey":"-----BEGIN PUBLIC KEY-----\nMCowBQYDK2VwAyEA1V5agFWAZsfEhl5NWMUbszUNnHTkXOgMMVvL8EMctRg=\n-----END PUBLIC KEY-----\n","lastSeen":1770751352983,"lastGossiped":1770751352994,"gossipHopCount":1},"ai-ui-ui":{"addr":"http://localhost:42309","caps":["mesh/ping","mesh/gossip","cell/shutdown","cell/inspect","cell/journal","mesh/directory","mesh/who","mesh/signal-to-url","cell/contract"],"pubKey":"-----BEGIN PUBLIC KEY-----\nMCowBQYDK2VwAyEApPs1DKpuNTD6Kt9RLZ0fOxIOgCdGcp718C9Yo5/Fui0=\n-----END PUBLIC KEY-----\n","lastSeen":1770751352983,"lastGossiped":1770751352994,"gossipHopCount":1}}}
[8:22:33 PM] [DEBUG architect] rpc() sending to http://localhost:41153, signal.payload.args: {"atlas":{"architect":{"id":"architect","addr":"http://localhost:39433","caps":["mesh/ping","mesh/gossip","cell/shutdown","cell/inspect","cell/journal","mesh/directory","mesh/who","mesh/signal-to-url","cell/contract","architect/consult"],"pubKey":"-----BEGIN PUBLIC KEY-----\nMCowBQYDK2VwAyEAzKTCXSB6vufNETYnsDRGLylUSkW2UMuwPqYFeWSzmcE=\n-----END PUBLIC KEY-----\n","lastSeen":1770751353006,"lastGossiped":1770751353006,"gossipHopCount":0},"checklist":{"addr":"http://localhost:38121","caps":["mesh/ping","mesh/gossip","cell/shutdown","cell/inspect","cell/journal","mesh/directory","mesh/who","mesh/signal-to-url","cell/contract","list/get","list/add","list/complete","list/summarize","list/suggest-tasks"],"pubKey":"-----BEGIN PUBLIC KEY-----\nMCowBQYDK2VwAyEAYfSaajiWo0C3zfJoGrPd+wtLj0+z2djp3PsHqxUnumE=\n-----END PUBLIC KEY-----\n","lastSeen":1770751352983,"lastGossiped":1770751353006,"gossipHopCount":2},"projects":{"addr":"http://localhost:34851","caps":["mesh/ping","mesh/gossip","cell/shutdown","cell/inspect","cell/journal","mesh/directory","mesh/who","mesh/signal-to-url","cell/contract","projects/write","projects/read","projects/list","projects/exec"],"pubKey":"-----BEGIN PUBLIC KEY-----\nMCowBQYDK2VwAyEAvcgqdioMnf6LdaLG2oStJuJ9Y3GbqzST3Me/CvZR8As=\n-----END PUBLIC KEY-----\n","lastSeen":1770751352983,"lastGossiped":1770751353006,"gossipHopCount":2},"Radar":{"addr":"http://localhost:42623","caps":["mesh/ping","mesh/gossip","cell/shutdown","cell/inspect","cell/journal","mesh/directory","mesh/who","mesh/signal-to-url","cell/contract","sensors/proximity"],"pubKey":"-----BEGIN PUBLIC KEY-----\nMCowBQYDK2VwAyEAY20XrSmrNQoIqxcgeDpcAP8v4rtVQ3amehfQ/Wz9nrg=\n-----END PUBLIC KEY-----\n","lastSeen":1770751352983,"lastGossiped":1770751353006,"gossipHopCount":2},"ai-ui":{"addr":"http://localhost:41153","caps":["mesh/ping","mesh/gossip","cell/shutdown","cell/inspect","cell/journal","mesh/directory","mesh/who","mesh/signal-to-url","cell/contract","simple-ai/session","simple-ai/chat","simple-ai/history","simple-ai/clear","simple-ai/stats"],"pubKey":"-----BEGIN PUBLIC KEY-----\nMCowBQYDK2VwAyEA1V5agFWAZsfEhl5NWMUbszUNnHTkXOgMMVvL8EMctRg=\n-----END PUBLIC KEY-----\n","lastSeen":1770751352983,"lastGossiped":1770751353006,"gossipHopCount":2},"telegram":{"addr":"http://localhost:40491","caps":["mesh/ping","mesh/gossip","cell/shutdown","cell/inspect","cell/journal","mesh/directory","mesh/who","mesh/signal-to-url","cell/contract","telegram/send-message","telegram/get-me","telegram/broadcast"],"pubKey":"-----BEGIN PUBLIC KEY-----\nMCowBQYDK2VwAyEAnVX+L2AHily67tOgtaW2g45sLAZaKpJhIQ2Wah+D8AU=\n-----END PUBLIC KEY-----\n","lastSeen":1770751352983,"lastGossiped":1770751353006,"gossipHopCount":2},"telemetry":{"addr":"http://localhost:44133","caps":["mesh/ping","mesh/gossip","cell/shutdown","cell/inspect","cell/journal","mesh/directory","mesh/who","mesh/signal-to-url","cell/contract","mesh/health"],"pubKey":"-----BEGIN PUBLIC KEY-----\nMCowBQYDK2VwAyEAj4xUfzwe/8AoNfyBuWQZ/XLtaLsDJwpsz/2WNDYmWgA=\n-----END PUBLIC KEY-----\n","lastSeen":1770751352983,"lastGossiped":1770751353006,"gossipHopCount":2},"memory":{"addr":"http://localhost:34011","caps":["mesh/ping","mesh/gossip","cell/shutdown","cell/inspect","cell/journal","mesh/directory","mesh/who","mesh/signal-to-url","cell/contract","memory/session/store","memory/session/get","memory/goals/create","memory/goals/list","memory/goals/update","memory/movement/record","memory/movement/timeline","memory/patterns/learn","memory/patterns/match","memory/actions/record","memory/actions/history","memory/temporal/slice","memory/temporal/context"],"pubKey":"-----BEGIN PUBLIC KEY-----\nMCowBQYDK2VwAyEAOLr4WfFE3yp7R999skRls91Aj7h/XCPtYvostYu0hlY=\n-----END PUBLIC KEY-----\n","lastSeen":1770751352994,"lastGossiped":1770751353006,"gossipHopCount":1},"skills":{"addr":"http://localhost:42989","caps":["mesh/ping","mesh/gossip","cell/shutdown","cell/inspect","cell/journal","mesh/directory","mesh/who","mesh/signal-to-url","cell/contract","skills/list","skills/get-context","skills/update-capability","skills/learn-pattern","skills/sync-from-mesh","skills/search"],"pubKey":"-----BEGIN PUBLIC KEY-----\nMCowBQYDK2VwAyEA6GKzXKFmBPa7eHU5eVCP/JoE2IoRhKpEo/KB1gzIBzE=\n-----END PUBLIC KEY-----\n","lastSeen":1770751352983,"lastGossiped":1770751353006,"gossipHopCount":2},"coder":{"addr":"http://localhost:43911","caps":["mesh/ping","mesh/gossip","cell/shutdown","cell/inspect","cell/journal","mesh/directory","mesh/who","mesh/signal-to-url","cell/contract","coder/develop"],"pubKey":"-----BEGIN PUBLIC KEY-----\nMCowBQYDK2VwAyEAtquQMYRYg9PSvJlWmH5GrYY7TBIoaa9TZ0Hw3/r5Ka8=\n-----END PUBLIC KEY-----\n","lastSeen":1770751352983,"lastGossiped":1770751353006,"gossipHopCount":2},"log":{"addr":"http://localhost:40587","caps":["mesh/ping","mesh/gossip","cell/shutdown","cell/inspect","cell/journal","mesh/directory","mesh/who","mesh/signal-to-url","cell/contract","log/info","log/get"],"pubKey":"-----BEGIN PUBLIC KEY-----\nMCowBQYDK2VwAyEAVOAWIwoRJd+AO63Z7OHb95tRGTDgnCL5XS+Rl1OR92s=\n-----END PUBLIC KEY-----\n","lastSeen":1770751352983,"lastGossiped":1770751353006,"gossipHopCount":2},"Lidar":{"addr":"http://localhost:35031","caps":["mesh/ping","mesh/gossip","cell/shutdown","cell/inspect","cell/journal","mesh/directory","mesh/who","mesh/signal-to-url","cell/contract","sensors/proximity"],"pubKey":"-----BEGIN PUBLIC KEY-----\nMCowBQYDK2VwAyEAsM+PN7FhEYt7uxauUHb+lcIrYopNvyzVRMxpIpGcwvo=\n-----END PUBLIC KEY-----\n","lastSeen":1770751352983,"lastGossiped":1770751353006,"gossipHopCount":2},"kindly":{"addr":"http://localhost:46771","caps":["mesh/ping","mesh/gossip","cell/shutdown","cell/inspect","cell/journal","mesh/directory","mesh/who","mesh/signal-to-url","cell/contract","kindly/chat","kindly/get-activity"],"pubKey":"-----BEGIN PUBLIC KEY-----\nMCowBQYDK2VwAyEAIS/wWubBnt0AV3wu++rQh6ToYMKZr8HbMDqRBKN2r2U=\n-----END PUBLIC KEY-----\n","lastSeen":1770751352983,"lastGossiped":1770751353006,"gossipHopCount":2},"Orchestrator_208585":{"addr":"http://localhost:41821","caps":["mesh/ping","mesh/gossip","cell/shutdown","cell/inspect","cell/journal","mesh/directory","mesh/who","mesh/signal-to-url","cell/contract"],"pubKey":"-----BEGIN PUBLIC KEY-----\nMCowBQYDK2VwAyEA3Q3NQTLu3q/gsaHGNkVM874sMl5S1Jlp/ZrYpuUYMAM=\n-----END PUBLIC KEY-----\n","lastSeen":1770751352983,"lastGossiped":1770751353006,"gossipHopCount":2},"tts-ui":{"addr":"http://localhost:45157","caps":["mesh/ping","mesh/gossip","cell/shutdown","cell/inspect","cell/journal","mesh/directory","mesh/who","mesh/signal-to-url","cell/contract"],"pubKey":"-----BEGIN PUBLIC KEY-----\nMCowBQYDK2VwAyEAWT5pZwpto+Yl8X93y8H5iwTlGOVxo4/0tk4CoSu4Gjk=\n-----END PUBLIC KEY-----\n","lastSeen":1770751352983,"lastGossiped":1770751353006,"gossipHopCount":2},"tts":{"addr":"http://localhost:44499","caps":["mesh/ping","mesh/gossip","cell/shutdown","cell/inspect","cell/journal","mesh/directory","mesh/who","mesh/signal-to-url","cell/contract","tts/synthesize","tts/status"],"pubKey":"-----BEGIN PUBLIC KEY-----\nMCowBQYDK2VwAyEAJTh6M/txahPnMpgo4f5IA9mM8A6HSs8whzAnh9+8mvc=\n-----END PUBLIC KEY-----\n","lastSeen":1770751352983,"lastGossiped":1770751353006,"gossipHopCount":2},"ai-ui-ui":{"addr":"http://localhost:42309","caps":["mesh/ping","mesh/gossip","cell/shutdown","cell/inspect","cell/journal","mesh/directory","mesh/who","mesh/signal-to-url","cell/contract"],"pubKey":"-----BEGIN PUBLIC KEY-----\nMCowBQYDK2VwAyEApPs1DKpuNTD6Kt9RLZ0fOxIOgCdGcp718C9Yo5/Fui0=\n-----END PUBLIC KEY-----\n","lastSeen":1770751352983,"lastGossiped":1770751353006,"gossipHopCount":2},"comms":{"addr":"http://localhost:45213","caps":["mesh/ping","mesh/gossip","cell/shutdown","cell/inspect","cell/journal","mesh/directory","mesh/who","mesh/signal-to-url","cell/contract","comms/start-session","comms/chat","comms/get-session","comms/end-session","comms/configure-channel","comms/get-stats"],"pubKey":"-----BEGIN PUBLIC KEY-----\nMCowBQYDK2VwAyEAUFu9uXSbfWhjBY7OsDgbfCZQWGYybpRmXqY86/ethQ0=\n-----END PUBLIC KEY-----\n","lastSeen":1770751352983,"lastGossiped":1770751353006,"gossipHopCount":2},"ai":{"addr":"http://localhost:37077","caps":["mesh/ping","mesh/gossip","cell/shutdown","cell/inspect","cell/journal","mesh/directory","mesh/who","mesh/signal-to-url","cell/contract","ai/generate","ai/usage","ai/reset-usage"],"pubKey":"-----BEGIN PUBLIC KEY-----\nMCowBQYDK2VwAyEAvN64s0U7pOmpoOPZDtFBWOTkBAu8+f0t7ZBjqQe0OEo=\n-----END PUBLIC KEY-----\n","lastSeen":1770751352983,"lastGossiped":1770751353006,"gossipHopCount":2},"Safety":{"addr":"http://localhost:42459","caps":["mesh/ping","mesh/gossip","cell/shutdown","cell/inspect","cell/journal","mesh/directory","mesh/who","mesh/signal-to-url","cell/contract","safety/get-close-proximity","safety/run-test-sequence"],"pubKey":"-----BEGIN PUBLIC KEY-----\nMCowBQYDK2VwAyEAdT5aVzlN7FEp1pnZ5YB3jIuDI+iTm9qU4owwIlGZDKM=\n-----END PUBLIC KEY-----\n","lastSeen":1770751352983,"lastGossiped":1770751353006,"gossipHopCount":2}}}
[8:22:33 PM] [DEBUG architect] rpc() sending to http://localhost:46771, signal.payload.args: {"atlas":{"architect":{"id":"architect","addr":"http://localhost:39433","caps":["mesh/ping","mesh/gossip","cell/shutdown","cell/inspect","cell/journal","mesh/directory","mesh/who","mesh/signal-to-url","cell/contract","architect/consult"],"pubKey":"-----BEGIN PUBLIC KEY-----\nMCowBQYDK2VwAyEAzKTCXSB6vufNETYnsDRGLylUSkW2UMuwPqYFeWSzmcE=\n-----END PUBLIC KEY-----\n","lastSeen":1770751353006,"lastGossiped":1770751353006,"gossipHopCount":0},"checklist":{"addr":"http://localhost:38121","caps":["mesh/ping","mesh/gossip","cell/shutdown","cell/inspect","cell/journal","mesh/directory","mesh/who","mesh/signal-to-url","cell/contract","list/get","list/add","list/complete","list/summarize","list/suggest-tasks"],"pubKey":"-----BEGIN PUBLIC KEY-----\nMCowBQYDK2VwAyEAYfSaajiWo0C3zfJoGrPd+wtLj0+z2djp3PsHqxUnumE=\n-----END PUBLIC KEY-----\n","lastSeen":1770751352983,"lastGossiped":1770751353006,"gossipHopCount":2},"projects":{"addr":"http://localhost:34851","caps":["mesh/ping","mesh/gossip","cell/shutdown","cell/inspect","cell/journal","mesh/directory","mesh/who","mesh/signal-to-url","cell/contract","projects/write","projects/read","projects/list","projects/exec"],"pubKey":"-----BEGIN PUBLIC KEY-----\nMCowBQYDK2VwAyEAvcgqdioMnf6LdaLG2oStJuJ9Y3GbqzST3Me/CvZR8As=\n-----END PUBLIC KEY-----\n","lastSeen":1770751352983,"lastGossiped":1770751353006,"gossipHopCount":2},"Radar":{"addr":"http://localhost:42623","caps":["mesh/ping","mesh/gossip","cell/shutdown","cell/inspect","cell/journal","mesh/directory","mesh/who","mesh/signal-to-url","cell/contract","sensors/proximity"],"pubKey":"-----BEGIN PUBLIC KEY-----\nMCowBQYDK2VwAyEAY20XrSmrNQoIqxcgeDpcAP8v4rtVQ3amehfQ/Wz9nrg=\n-----END PUBLIC KEY-----\n","lastSeen":1770751352983,"lastGossiped":1770751353006,"gossipHopCount":2},"ai-ui":{"addr":"http://localhost:41153","caps":["mesh/ping","mesh/gossip","cell/shutdown","cell/inspect","cell/journal","mesh/directory","mesh/who","mesh/signal-to-url","cell/contract","simple-ai/session","simple-ai/chat","simple-ai/history","simple-ai/clear","simple-ai/stats"],"pubKey":"-----BEGIN PUBLIC KEY-----\nMCowBQYDK2VwAyEA1V5agFWAZsfEhl5NWMUbszUNnHTkXOgMMVvL8EMctRg=\n-----END PUBLIC KEY-----\n","lastSeen":1770751352983,"lastGossiped":1770751353006,"gossipHopCount":2},"telegram":{"addr":"http://localhost:40491","caps":["mesh/ping","mesh/gossip","cell/shutdown","cell/inspect","cell/journal","mesh/directory","mesh/who","mesh/signal-to-url","cell/contract","telegram/send-message","telegram/get-me","telegram/broadcast"],"pubKey":"-----BEGIN PUBLIC KEY-----\nMCowBQYDK2VwAyEAnVX+L2AHily67tOgtaW2g45sLAZaKpJhIQ2Wah+D8AU=\n-----END PUBLIC KEY-----\n","lastSeen":1770751352983,"lastGossiped":1770751353006,"gossipHopCount":2},"telemetry":{"addr":"http://localhost:44133","caps":["mesh/ping","mesh/gossip","cell/shutdown","cell/inspect","cell/journal","mesh/directory","mesh/who","mesh/signal-to-url","cell/contract","mesh/health"],"pubKey":"-----BEGIN PUBLIC KEY-----\nMCowBQYDK2VwAyEAj4xUfzwe/8AoNfyBuWQZ/XLtaLsDJwpsz/2WNDYmWgA=\n-----END PUBLIC KEY-----\n","lastSeen":1770751352983,"lastGossiped":1770751353006,"gossipHopCount":2},"memory":{"addr":"http://localhost:34011","caps":["mesh/ping","mesh/gossip","cell/shutdown","cell/inspect","cell/journal","mesh/directory","mesh/who","mesh/signal-to-url","cell/contract","memory/session/store","memory/session/get","memory/goals/create","memory/goals/list","memory/goals/update","memory/movement/record","memory/movement/timeline","memory/patterns/learn","memory/patterns/match","memory/actions/record","memory/actions/history","memory/temporal/slice","memory/temporal/context"],"pubKey":"-----BEGIN PUBLIC KEY-----\nMCowBQYDK2VwAyEAOLr4WfFE3yp7R999skRls91Aj7h/XCPtYvostYu0hlY=\n-----END PUBLIC KEY-----\n","lastSeen":1770751352994,"lastGossiped":1770751353006,"gossipHopCount":1},"skills":{"addr":"http://localhost:42989","caps":["mesh/ping","mesh/gossip","cell/shutdown","cell/inspect","cell/journal","mesh/directory","mesh/who","mesh/signal-to-url","cell/contract","skills/list","skills/get-context","skills/update-capability","skills/learn-pattern","skills/sync-from-mesh","skills/search"],"pubKey":"-----BEGIN PUBLIC KEY-----\nMCowBQYDK2VwAyEA6GKzXKFmBPa7eHU5eVCP/JoE2IoRhKpEo/KB1gzIBzE=\n-----END PUBLIC KEY-----\n","lastSeen":1770751352983,"lastGossiped":1770751353006,"gossipHopCount":2},"coder":{"addr":"http://localhost:43911","caps":["mesh/ping","mesh/gossip","cell/shutdown","cell/inspect","cell/journal","mesh/directory","mesh/who","mesh/signal-to-url","cell/contract","coder/develop"],"pubKey":"-----BEGIN PUBLIC KEY-----\nMCowBQYDK2VwAyEAtquQMYRYg9PSvJlWmH5GrYY7TBIoaa9TZ0Hw3/r5Ka8=\n-----END PUBLIC KEY-----\n","lastSeen":1770751352983,"lastGossiped":1770751353006,"gossipHopCount":2},"log":{"addr":"http://localhost:40587","caps":["mesh/ping","mesh/gossip","cell/shutdown","cell/inspect","cell/journal","mesh/directory","mesh/who","mesh/signal-to-url","cell/contract","log/info","log/get"],"pubKey":"-----BEGIN PUBLIC KEY-----\nMCowBQYDK2VwAyEAVOAWIwoRJd+AO63Z7OHb95tRGTDgnCL5XS+Rl1OR92s=\n-----END PUBLIC KEY-----\n","lastSeen":1770751352983,"lastGossiped":1770751353006,"gossipHopCount":2},"Lidar":{"addr":"http://localhost:35031","caps":["mesh/ping","mesh/gossip","cell/shutdown","cell/inspect","cell/journal","mesh/directory","mesh/who","mesh/signal-to-url","cell/contract","sensors/proximity"],"pubKey":"-----BEGIN PUBLIC KEY-----\nMCowBQYDK2VwAyEAsM+PN7FhEYt7uxauUHb+lcIrYopNvyzVRMxpIpGcwvo=\n-----END PUBLIC KEY-----\n","lastSeen":1770751352983,"lastGossiped":1770751353006,"gossipHopCount":2},"kindly":{"addr":"http://localhost:46771","caps":["mesh/ping","mesh/gossip","cell/shutdown","cell/inspect","cell/journal","mesh/directory","mesh/who","mesh/signal-to-url","cell/contract","kindly/chat","kindly/get-activity"],"pubKey":"-----BEGIN PUBLIC KEY-----\nMCowBQYDK2VwAyEAIS/wWubBnt0AV3wu++rQh6ToYMKZr8HbMDqRBKN2r2U=\n-----END PUBLIC KEY-----\n","lastSeen":1770751352983,"lastGossiped":1770751353006,"gossipHopCount":2},"Orchestrator_208585":{"addr":"http://localhost:41821","caps":["mesh/ping","mesh/gossip","cell/shutdown","cell/inspect","cell/journal","mesh/directory","mesh/who","mesh/signal-to-url","cell/contract"],"pubKey":"-----BEGIN PUBLIC KEY-----\nMCowBQYDK2VwAyEA3Q3NQTLu3q/gsaHGNkVM874sMl5S1Jlp/ZrYpuUYMAM=\n-----END PUBLIC KEY-----\n","lastSeen":1770751352983,"lastGossiped":1770751353006,"gossipHopCount":2},"tts-ui":{"addr":"http://localhost:45157","caps":["mesh/ping","mesh/gossip","cell/shutdown","cell/inspect","cell/journal","mesh/directory","mesh/who","mesh/signal-to-url","cell/contract"],"pubKey":"-----BEGIN PUBLIC KEY-----\nMCowBQYDK2VwAyEAWT5pZwpto+Yl8X93y8H5iwTlGOVxo4/0tk4CoSu4Gjk=\n-----END PUBLIC KEY-----\n","lastSeen":1770751352983,"lastGossiped":1770751353006,"gossipHopCount":2},"tts":{"addr":"http://localhost:44499","caps":["mesh/ping","mesh/gossip","cell/shutdown","cell/inspect","cell/journal","mesh/directory","mesh/who","mesh/signal-to-url","cell/contract","tts/synthesize","tts/status"],"pubKey":"-----BEGIN PUBLIC KEY-----\nMCowBQYDK2VwAyEAJTh6M/txahPnMpgo4f5IA9mM8A6HSs8whzAnh9+8mvc=\n-----END PUBLIC KEY-----\n","lastSeen":1770751352983,"lastGossiped":1770751353006,"gossipHopCount":2},"ai-ui-ui":{"addr":"http://localhost:42309","caps":["mesh/ping","mesh/gossip","cell/shutdown","cell/inspect","cell/journal","mesh/directory","mesh/who","mesh/signal-to-url","cell/contract"],"pubKey":"-----BEGIN PUBLIC KEY-----\nMCowBQYDK2VwAyEApPs1DKpuNTD6Kt9RLZ0fOxIOgCdGcp718C9Yo5/Fui0=\n-----END PUBLIC KEY-----\n","lastSeen":1770751352983,"lastGossiped":1770751353006,"gossipHopCount":2},"comms":{"addr":"http://localhost:45213","caps":["mesh/ping","mesh/gossip","cell/shutdown","cell/inspect","cell/journal","mesh/directory","mesh/who","mesh/signal-to-url","cell/contract","comms/start-session","comms/chat","comms/get-session","comms/end-session","comms/configure-channel","comms/get-stats"],"pubKey":"-----BEGIN PUBLIC KEY-----\nMCowBQYDK2VwAyEAUFu9uXSbfWhjBY7OsDgbfCZQWGYybpRmXqY86/ethQ0=\n-----END PUBLIC KEY-----\n","lastSeen":1770751352983,"lastGossiped":1770751353006,"gossipHopCount":2},"ai":{"addr":"http://localhost:37077","caps":["mesh/ping","mesh/gossip","cell/shutdown","cell/inspect","cell/journal","mesh/directory","mesh/who","mesh/signal-to-url","cell/contract","ai/generate","ai/usage","ai/reset-usage"],"pubKey":"-----BEGIN PUBLIC KEY-----\nMCowBQYDK2VwAyEAvN64s0U7pOmpoOPZDtFBWOTkBAu8+f0t7ZBjqQe0OEo=\n-----END PUBLIC KEY-----\n","lastSeen":1770751352983,"lastGossiped":1770751353006,"gossipHopCount":2},"Safety":{"addr":"http://localhost:42459","caps":["mesh/ping","mesh/gossip","cell/shutdown","cell/inspect","cell/journal","mesh/directory","mesh/who","mesh/signal-to-url","cell/contract","safety/get-close-proximity","safety/run-test-sequence"],"pubKey":"-----BEGIN PUBLIC KEY-----\nMCowBQYDK2VwAyEAdT5aVzlN7FEp1pnZ5YB3jIuDI+iTm9qU4owwIlGZDKM=\n-----END PUBLIC KEY-----\n","lastSeen":1770751352983,"lastGossiped":1770751353006,"gossipHopCount":2}}}
[8:22:33 PM] [DEBUG architect] handleRequest() received, raw.payload.args: {}
[8:22:33 PM] [DEBUG architect] rpc() sending to http://localhost:45213, signal.payload.args: {}
[8:22:33 PM] [31m[19:22:33.146] [ERROR] [architect] [7bc0e5a6] ❌ RPC_REMOTE_FAIL: [comms/configure-channel] @ http://localhost:45213 | HANDLER_ERR: Input validation failed for comms/configure-channel: Missing required field: channel | Received: {}[0m
[8:25:54 PM] [architect] Key fingerprint: 76955b4cad650932
[8:25:54 PM] [32m[19:25:54.285] [INFO] [architect] 📋 Registered 1 capabilities with contracts[0m
[8:25:54 PM] [32m[19:25:54.304] [INFO] [architect] Sovereign Cell online @ http://localhost:33441[0m
[8:25:54 PM] [DEBUG architect] handleRequest() received, raw.payload.args: {"atlas":{"coder":{"id":"coder","addr":"http://localhost:45041","caps":["mesh/ping","mesh/gossip","cell/shutdown","cell/inspect","cell/journal","mesh/directory","mesh/who","mesh/signal-to-url","cell/contract","coder/develop"],"pubKey":"-----BEGIN PUBLIC KEY-----\nMCowBQYDK2VwAyEABQ5QIWLVEU2VXKMQ+ZBWSCAhIIaDoI0FZZigF/sq0gk=\n-----END PUBLIC KEY-----\n","lastSeen":1770751554506,"lastGossiped":1770751554506,"gossipHopCount":0},"telemetry":{"addr":"http://localhost:44907","caps":["mesh/ping","mesh/gossip","cell/shutdown","cell/inspect","cell/journal","mesh/directory","mesh/who","mesh/signal-to-url","cell/contract","mesh/health"],"pubKey":"-----BEGIN PUBLIC KEY-----\nMCowBQYDK2VwAyEA3ghMo7mAPhrrIEsuVZWihIqZvy+BAMZhLO+jnd7g3KE=\n-----END PUBLIC KEY-----\n","lastSeen":1770751554323,"lastGossiped":1770751554323,"gossipHopCount":0},"Radar":{"addr":"http://localhost:34599","caps":["mesh/ping","mesh/gossip","cell/shutdown","cell/inspect","cell/journal","mesh/directory","mesh/who","mesh/signal-to-url","cell/contract","sensors/proximity"],"pubKey":"-----BEGIN PUBLIC KEY-----\nMCowBQYDK2VwAyEAd5cftx2fQjaj3KY7nfmeiiV2ZGulbgQLK+KTZQjGRe8=\n-----END PUBLIC KEY-----\n","lastSeen":1770751554370,"lastGossiped":1770751554370,"gossipHopCount":0},"architect":{"addr":"http://localhost:33441","caps":["mesh/ping","mesh/gossip","cell/shutdown","cell/inspect","cell/journal","mesh/directory","mesh/who","mesh/signal-to-url","cell/contract","architect/consult"],"pubKey":"-----BEGIN PUBLIC KEY-----\nMCowBQYDK2VwAyEAtp8YSR1LoOPjtEFV864qobyWra2FK3iZ75VqZ1STrm0=\n-----END PUBLIC KEY-----\n","lastSeen":1770751554506,"lastGossiped":1770751554506,"gossipHopCount":0}}}
[8:25:54 PM] [DEBUG architect] Handler found for mesh/gossip, args: {"atlas":{"coder":{"id":"coder","addr":"http://localhost:45041","caps":["mesh/ping","mesh/gossip","cell/shutdown","cell/inspect","cell/journal","mesh/directory","mesh/who","mesh/signal-to-url","cell/contract","coder/develop"],"pubKey":"-----BEGIN PUBLIC KEY-----\nMCowBQYDK2VwAyEABQ5QIWLVEU2VXKMQ+ZBWSCAhIIaDoI0FZZigF/sq0gk=\n-----END PUBLIC KEY-----\n","lastSeen":1770751554506,"lastGossiped":1770751554506,"gossipHopCount":0},"telemetry":{"addr":"http://localhost:44907","caps":["mesh/ping","mesh/gossip","cell/shutdown","cell/inspect","cell/journal","mesh/directory","mesh/who","mesh/signal-to-url","cell/contract","mesh/health"],"pubKey":"-----BEGIN PUBLIC KEY-----\nMCowBQYDK2VwAyEA3ghMo7mAPhrrIEsuVZWihIqZvy+BAMZhLO+jnd7g3KE=\n-----END PUBLIC KEY-----\n","lastSeen":1770751554323,"lastGossiped":1770751554323,"gossipHopCount":0},"Radar":{"addr":"http://localhost:34599","caps":["mesh/ping","mesh/gossip","cell/shutdown","cell/inspect","cell/journal","mesh/directory","mesh/who","mesh/signal-to-url","cell/contract","sensors/proximity"],"pubKey":"-----BEGIN PUBLIC KEY-----\nMCowBQYDK2VwAyEAd5cftx2fQjaj3KY7nfmeiiV2ZGulbgQLK+KTZQjGRe8=\n-----END PUBLIC KEY-----\n","lastSeen":1770751554370,"lastGossiped":1770751554370,"gossipHopCount":0},"architect":{"addr":"http://localhost:33441","caps":["mesh/ping","mesh/gossip","cell/shutdown","cell/inspect","cell/journal","mesh/directory","mesh/who","mesh/signal-to-url","cell/contract","architect/consult"],"pubKey":"-----BEGIN PUBLIC KEY-----\nMCowBQYDK2VwAyEAtp8YSR1LoOPjtEFV864qobyWra2FK3iZ75VqZ1STrm0=\n-----END PUBLIC KEY-----\n","lastSeen":1770751554506,"lastGossiped":1770751554506,"gossipHopCount":0}}}
[8:25:54 PM] [DEBUG architect] rpc() sending to http://localhost:45041, signal.payload.args: {"atlas":{"architect":{"id":"architect","addr":"http://localhost:33441","caps":["mesh/ping","mesh/gossip","cell/shutdown","cell/inspect","cell/journal","mesh/directory","mesh/who","mesh/signal-to-url","cell/contract","architect/consult"],"pubKey":"-----BEGIN PUBLIC KEY-----\nMCowBQYDK2VwAyEAtp8YSR1LoOPjtEFV864qobyWra2FK3iZ75VqZ1STrm0=\n-----END PUBLIC KEY-----\n","lastSeen":1770751554672,"lastGossiped":1770751554672,"gossipHopCount":0},"coder":{"addr":"http://localhost:45041","caps":["mesh/ping","mesh/gossip","cell/shutdown","cell/inspect","cell/journal","mesh/directory","mesh/who","mesh/signal-to-url","cell/contract","coder/develop"],"pubKey":"-----BEGIN PUBLIC KEY-----\nMCowBQYDK2VwAyEABQ5QIWLVEU2VXKMQ+ZBWSCAhIIaDoI0FZZigF/sq0gk=\n-----END PUBLIC KEY-----\n","lastSeen":1770751554602,"lastGossiped":1770751554602,"gossipHopCount":0},"checklist":{"addr":"http://localhost:35771","caps":["mesh/ping","mesh/gossip","cell/shutdown","cell/inspect","cell/journal","mesh/directory","mesh/who","mesh/signal-to-url","cell/contract","list/get","list/add","list/complete","list/summarize","list/suggest-tasks"],"pubKey":"-----BEGIN PUBLIC KEY-----\nMCowBQYDK2VwAyEASsNS+6OJdagLOIESeXLWkAUs10L25LMcBI8CRJ04BmM=\n-----END PUBLIC KEY-----\n","lastSeen":1770751554333,"lastGossiped":1770751554333,"gossipHopCount":0},"telegram":{"addr":"http://localhost:34575","caps":["mesh/ping","mesh/gossip","cell/shutdown","cell/inspect","cell/journal","mesh/directory","mesh/who","mesh/signal-to-url","cell/contract","telegram/send-message","telegram/get-me","telegram/broadcast"],"pubKey":"-----BEGIN PUBLIC KEY-----\nMCowBQYDK2VwAyEA/kEJvREORs4E5+jgm/JQHzABIE0vrcTLFLajZB69+w8=\n-----END PUBLIC KEY-----\n","lastSeen":1770751554338,"lastGossiped":1770751554338,"gossipHopCount":0},"telemetry":{"addr":"http://localhost:44907","caps":["mesh/ping","mesh/gossip","cell/shutdown","cell/inspect","cell/journal","mesh/directory","mesh/who","mesh/signal-to-url","cell/contract","mesh/health"],"pubKey":"-----BEGIN PUBLIC KEY-----\nMCowBQYDK2VwAyEA3ghMo7mAPhrrIEsuVZWihIqZvy+BAMZhLO+jnd7g3KE=\n-----END PUBLIC KEY-----\n","lastSeen":1770751554323,"lastGossiped":1770751554602,"gossipHopCount":1},"Radar":{"addr":"http://localhost:34599","caps":["mesh/ping","mesh/gossip","cell/shutdown","cell/inspect","cell/journal","mesh/directory","mesh/who","mesh/signal-to-url","cell/contract","sensors/proximity"],"pubKey":"-----BEGIN PUBLIC KEY-----\nMCowBQYDK2VwAyEAd5cftx2fQjaj3KY7nfmeiiV2ZGulbgQLK+KTZQjGRe8=\n-----END PUBLIC KEY-----\n","lastSeen":1770751554672,"lastGossiped":1770751554672,"gossipHopCount":0}}}
[8:25:54 PM] [DEBUG architect] rpc() sending to http://localhost:44907, signal.payload.args: {"atlas":{"architect":{"id":"architect","addr":"http://localhost:33441","caps":["mesh/ping","mesh/gossip","cell/shutdown","cell/inspect","cell/journal","mesh/directory","mesh/who","mesh/signal-to-url","cell/contract","architect/consult"],"pubKey":"-----BEGIN PUBLIC KEY-----\nMCowBQYDK2VwAyEAtp8YSR1LoOPjtEFV864qobyWra2FK3iZ75VqZ1STrm0=\n-----END PUBLIC KEY-----\n","lastSeen":1770751554672,"lastGossiped":1770751554672,"gossipHopCount":0},"coder":{"addr":"http://localhost:45041","caps":["mesh/ping","mesh/gossip","cell/shutdown","cell/inspect","cell/journal","mesh/directory","mesh/who","mesh/signal-to-url","cell/contract","coder/develop"],"pubKey":"-----BEGIN PUBLIC KEY-----\nMCowBQYDK2VwAyEABQ5QIWLVEU2VXKMQ+ZBWSCAhIIaDoI0FZZigF/sq0gk=\n-----END PUBLIC KEY-----\n","lastSeen":1770751554602,"lastGossiped":1770751554602,"gossipHopCount":0},"checklist":{"addr":"http://localhost:35771","caps":["mesh/ping","mesh/gossip","cell/shutdown","cell/inspect","cell/journal","mesh/directory","mesh/who","mesh/signal-to-url","cell/contract","list/get","list/add","list/complete","list/summarize","list/suggest-tasks"],"pubKey":"-----BEGIN PUBLIC KEY-----\nMCowBQYDK2VwAyEASsNS+6OJdagLOIESeXLWkAUs10L25LMcBI8CRJ04BmM=\n-----END PUBLIC KEY-----\n","lastSeen":1770751554333,"lastGossiped":1770751554333,"gossipHopCount":0},"telegram":{"addr":"http://localhost:34575","caps":["mesh/ping","mesh/gossip","cell/shutdown","cell/inspect","cell/journal","mesh/directory","mesh/who","mesh/signal-to-url","cell/contract","telegram/send-message","telegram/get-me","telegram/broadcast"],"pubKey":"-----BEGIN PUBLIC KEY-----\nMCowBQYDK2VwAyEA/kEJvREORs4E5+jgm/JQHzABIE0vrcTLFLajZB69+w8=\n-----END PUBLIC KEY-----\n","lastSeen":1770751554338,"lastGossiped":1770751554338,"gossipHopCount":0},"telemetry":{"addr":"http://localhost:44907","caps":["mesh/ping","mesh/gossip","cell/shutdown","cell/inspect","cell/journal","mesh/directory","mesh/who","mesh/signal-to-url","cell/contract","mesh/health"],"pubKey":"-----BEGIN PUBLIC KEY-----\nMCowBQYDK2VwAyEA3ghMo7mAPhrrIEsuVZWihIqZvy+BAMZhLO+jnd7g3KE=\n-----END PUBLIC KEY-----\n","lastSeen":1770751554323,"lastGossiped":1770751554602,"gossipHopCount":1},"Radar":{"addr":"http://localhost:34599","caps":["mesh/ping","mesh/gossip","cell/shutdown","cell/inspect","cell/journal","mesh/directory","mesh/who","mesh/signal-to-url","cell/contract","sensors/proximity"],"pubKey":"-----BEGIN PUBLIC KEY-----\nMCowBQYDK2VwAyEAd5cftx2fQjaj3KY7nfmeiiV2ZGulbgQLK+KTZQjGRe8=\n-----END PUBLIC KEY-----\n","lastSeen":1770751554672,"lastGossiped":1770751554672,"gossipHopCount":0}}}
[8:26:50 PM] [architect] Key fingerprint: 58e17200ce2cda14
[8:26:50 PM] [32m[19:26:50.179] [INFO] [architect] 📋 Registered 1 capabilities with contracts[0m
[8:26:50 PM] [32m[19:26:50.186] [INFO] [architect] Sovereign Cell online @ http://localhost:34813[0m
[8:26:50 PM] [DEBUG architect] Handler found for mesh/gossip, args: {"atlas":{"Radar":{"id":"Radar","addr":"http://localhost:36119","caps":["mesh/ping","mesh/gossip","cell/shutdown","cell/inspect","cell/journal","mesh/directory","mesh/who","mesh/signal-to-url","cell/contract","sensors/proximity"],"pubKey":"-----BEGIN PUBLIC KEY-----\nMCowBQYDK2VwAyEApMn6PUFXCpjl9clTlZ1boBTV5/xuX0MmVHleXXB31kY=\n-----END PUBLIC KEY-----\n","lastSeen":1770751610590,"lastGossiped":1770751610590,"gossipHopCount":0},"Lidar":{"addr":"http://localhost:39319","caps":["mesh/ping","mesh/gossip","cell/shutdown","cell/inspect","cell/journal","mesh/directory","mesh/who","mesh/signal-to-url","cell/contract","sensors/proximity"],"pubKey":"-----BEGIN PUBLIC KEY-----\nMCowBQYDK2VwAyEA7BnAfdtfcb+6gq/HwFjvRNN+gg6R8pdhHe5PGEa/PgI=\n-----END PUBLIC KEY-----\n","lastSeen":1770751610561,"lastGossiped":1770751610590,"gossipHopCount":1},"memory":{"addr":"http://localhost:36451","caps":["mesh/ping","mesh/gossip","cell/shutdown","cell/inspect","cell/journal","mesh/directory","mesh/who","mesh/signal-to-url","cell/contract","memory/session/store","memory/session/get","memory/goals/create","memory/goals/list","memory/goals/update","memory/movement/record","memory/movement/timeline","memory/patterns/learn","memory/patterns/match","memory/actions/record","memory/actions/history","memory/temporal/slice","memory/temporal/context"],"pubKey":"-----BEGIN PUBLIC KEY-----\nMCowBQYDK2VwAyEANcG6NIH4FkzBiKcqk3el2GoXNVz+bBav3vUJC2iW6ag=\n-----END PUBLIC KEY-----\n","lastSeen":1770751610492,"lastGossiped":1770751610590,"gossipHopCount":3},"tts-ui":{"addr":"http://localhost:33877","caps":["mesh/ping","mesh/gossip","cell/shutdown","cell/inspect","cell/journal","mesh/directory","mesh/who","mesh/signal-to-url","cell/contract"],"pubKey":"-----BEGIN PUBLIC KEY-----\nMCowBQYDK2VwAyEA+FypfoZJKFqqrMcK5PtQ6yC5k5G0dzJbaCi+/GRtODs=\n-----END PUBLIC KEY-----\n","lastSeen":1770751610561,"lastGossiped":1770751610590,"gossipHopCount":1},"projects":{"addr":"http://localhost:42543","caps":["mesh/ping","mesh/gossip","cell/shutdown","cell/inspect","cell/journal","mesh/directory","mesh/who","mesh/signal-to-url","cell/contract","projects/write","projects/read","projects/list","projects/exec"],"pubKey":"-----BEGIN PUBLIC KEY-----\nMCowBQYDK2VwAyEA23+xAZjDskc/aO2sRoKiIYZP4OXfPnirLc9sCozyS5g=\n-----END PUBLIC KEY-----\n","lastSeen":1770751610320,"lastGossiped":1770751610590,"gossipHopCount":3},"Codegen":{"addr":"http://localhost:44771","caps":["mesh/ping","mesh/gossip","cell/shutdown","cell/inspect","cell/journal","mesh/directory","mesh/who","mesh/signal-to-url","cell/contract","codegen/mesh-types","codegen/poke-ts","codegen/validate","codegen/describe"],"pubKey":"-----BEGIN PUBLIC KEY-----\nMCowBQYDK2VwAyEAb59fd/MChwdV85UypUcM2sxg26S+e3ChEXfMNWx8NPE=\n-----END PUBLIC KEY-----\n","lastSeen":1770751610337,"lastGossiped":1770751610337,"gossipHopCount":0},"telegram":{"addr":"http://localhost:33391","caps":["mesh/ping","mesh/gossip","cell/shutdown","cell/inspect","cell/journal","mesh/directory","mesh/who","mesh/signal-to-url","cell/contract","telegram/send-message","telegram/get-me","telegram/broadcast"],"pubKey":"-----BEGIN PUBLIC KEY-----\nMCowBQYDK2VwAyEAHjpH3j0UD7m/6LmNltq8SlW9u+xd4C9kb0d6SOLrYdQ=\n-----END PUBLIC KEY-----\n","lastSeen":1770751610355,"lastGossiped":1770751610590,"gossipHopCount":3},"comms":{"addr":"http://localhost:39245","caps":["mesh/ping","mesh/gossip","cell/shutdown","cell/inspect","cell/journal","mesh/directory","mesh/who","mesh/signal-to-url","cell/contract","comms/start-session","comms/chat","comms/get-session","comms/end-session","comms/configure-channel","comms/get-stats"],"pubKey":"-----BEGIN PUBLIC KEY-----\nMCowBQYDK2VwAyEASUL7f7CgeDU7S0saUO6Dr9Af8ETGd6T+a+OGGlyC7So=\n-----END PUBLIC KEY-----\n","lastSeen":1770751610356,"lastGossiped":1770751610356,"gossipHopCount":0},"ai":{"addr":"http://localhost:36037","caps":["mesh/ping","mesh/gossip","cell/shutdown","cell/inspect","cell/journal","mesh/directory","mesh/who","mesh/signal-to-url","cell/contract","ai/generate","ai/usage","ai/reset-usage"],"pubKey":"-----BEGIN PUBLIC KEY-----\nMCowBQYDK2VwAyEAwL4a9H+5iXHsJu1ddFtecS9jvuCJKq9KCWeqrpb+P1g=\n-----END PUBLIC KEY-----\n","lastSeen":1770751610366,"lastGossiped":1770751610590,"gossipHopCount":1},"architect":{"addr":"http://localhost:34813","caps":["mesh/ping","mesh/gossip","cell/shutdown","cell/inspect","cell/journal","mesh/directory","mesh/who","mesh/signal-to-url","cell/contract","architect/consult"],"pubKey":"-----BEGIN PUBLIC KEY-----\nMCowBQYDK2VwAyEAqWGUYbHl3oghv/eQuzmXn/ta+Wl3t1ha0l10+L1brvc=\n-----END PUBLIC KEY-----\n","lastSeen":1770751610388,"lastGossiped":1770751610388,"gossipHopCount":0},"ai-ui":{"addr":"http://localhost:35403","caps":["mesh/ping","mesh/gossip","cell/shutdown","cell/inspect","cell/journal","mesh/directory","mesh/who","mesh/signal-to-url","cell/contract","simple-ai/session","simple-ai/chat","simple-ai/history","simple-ai/clear","simple-ai/stats"],"pubKey":"-----BEGIN PUBLIC KEY-----\nMCowBQYDK2VwAyEAGba6Qx8N81hDUUK3phbdbtd7n63PqesektYHwalu1pY=\n-----END PUBLIC KEY-----\n","lastSeen":1770751610218,"lastGossiped":1770751610590,"gossipHopCount":3},"Orchestrator_210474":{"addr":"http://localhost:42377","caps":["mesh/ping","mesh/gossip","cell/shutdown","cell/inspect","cell/journal","mesh/directory","mesh/who","mesh/signal-to-url","cell/contract"],"pubKey":"-----BEGIN PUBLIC KEY-----\nMCowBQYDK2VwAyEAoQVbNaqbpEuUVAibPjEMIg4jMSiULCfQxOoR2m/+DXE=\n-----END PUBLIC KEY-----\n","lastSeen":1770751610289,"lastGossiped":1770751610590,"gossipHopCount":3},"Safety":{"addr":"http://localhost:34439","caps":["mesh/ping","mesh/gossip","cell/shutdown","cell/inspect","cell/journal","mesh/directory","mesh/who","mesh/signal-to-url","cell/contract","safety/get-close-proximity","safety/run-test-sequence"],"pubKey":"-----BEGIN PUBLIC KEY-----\nMCowBQYDK2VwAyEAMpQjbc5UUi6k/3yxtiZHDTghWfZii1oZ+deeTkkLMGU=\n-----END PUBLIC KEY-----\n","lastSeen":1770751610401,"lastGossiped":1770751610590,"gossipHopCount":1},"coder":{"addr":"http://localhost:38923","caps":["mesh/ping","mesh/gossip","cell/shutdown","cell/inspect","cell/journal","mesh/directory","mesh/who","mesh/signal-to-url","cell/contract","coder/develop"],"pubKey":"-----BEGIN PUBLIC KEY-----\nMCowBQYDK2VwAyEAmeIGd+XDkZpU5WPPMx/34jXrut9vEftaNjNspOFn8OM=\n-----END PUBLIC KEY-----\n","lastSeen":1770751610384,"lastGossiped":1770751610590,"gossipHopCount":2},"telemetry":{"addr":"http://localhost:38167","caps":["mesh/ping","mesh/gossip","cell/shutdown","cell/inspect","cell/journal","mesh/directory","mesh/who","mesh/signal-to-url","cell/contract","mesh/health"],"pubKey":"-----BEGIN PUBLIC KEY-----\nMCowBQYDK2VwAyEAqyBLQ5m7ytzVJyaclceqe98qEcBay8IO9t5N/ZqdUIY=\n-----END PUBLIC KEY-----\n","lastSeen":1770751610169,"lastGossiped":1770751610590,"gossipHopCount":3},"skills":{"addr":"http://localhost:36299","caps":["mesh/ping","mesh/gossip","cell/shutdown","cell/inspect","cell/journal","mesh/directory","mesh/who","mesh/signal-to-url","cell/contract","skills/list","skills/get-context","skills/update-capability","skills/learn-pattern","skills/sync-from-mesh","skills/search"],"pubKey":"-----BEGIN PUBLIC KEY-----\nMCowBQYDK2VwAyEAK7sZOhe+Z5KLGQ09HBP3sf0f1kBG6FcvOTd+eTv1Z5w=\n-----END PUBLIC KEY-----\n","lastSeen":1770751610377,"lastGossiped":1770751610590,"gossipHopCount":3},"tts":{"addr":"http://localhost:42253","caps":["mesh/ping","mesh/gossip","cell/shutdown","cell/inspect","cell/journal","mesh/directory","mesh/who","mesh/signal-to-url","cell/contract","tts/synthesize","tts/status"],"pubKey":"-----BEGIN PUBLIC KEY-----\nMCowBQYDK2VwAyEAZrfnsm6CJhHsmLbY2QGQQsu5QJG+BHuczwItM4hnDKs=\n-----END PUBLIC KEY-----\n","lastSeen":1770751610375,"lastGossiped":1770751610590,"gossipHopCount":3},"ai-ui-ui":{"addr":"http://localhost:35473","caps":["mesh/ping","mesh/gossip","cell/shutdown","cell/inspect","cell/journal","mesh/directory","mesh/who","mesh/signal-to-url","cell/contract"],"pubKey":"-----BEGIN PUBLIC KEY-----\nMCowBQYDK2VwAyEADoApeYfTlZUDJM5+wLHu2tSqJbfaxLzR25ULwXQ9uh4=\n-----END PUBLIC KEY-----\n","lastSeen":1770751610244,"lastGossiped":1770751610590,"gossipHopCount":3},"kindly":{"addr":"http://localhost:40151","caps":["mesh/ping","mesh/gossip","cell/shutdown","cell/inspect","cell/journal","mesh/directory","mesh/who","mesh/signal-to-url","cell/contract","kindly/chat","kindly/get-activity"],"pubKey":"-----BEGIN PUBLIC KEY-----\nMCowBQYDK2VwAyEA8Y5KLZgHiGMScMvYdDCnO1e9YFbY9QUb17So57IP3uM=\n-----END PUBLIC KEY-----\n","lastSeen":1770751610284,"lastGossiped":1770751610590,"gossipHopCount":3},"checklist":{"addr":"http://localhost:39159","caps":["mesh/ping","mesh/gossip","cell/shutdown","cell/inspect","cell/journal","mesh/directory","mesh/who","mesh/signal-to-url","cell/contract","list/get","list/add","list/complete","list/summarize","list/suggest-tasks"],"pubKey":"-----BEGIN PUBLIC KEY-----\nMCowBQYDK2VwAyEAWpy2AHd7dUrqV1TUC9bBbcNNroSfOjpiwNTVKE1iBp0=\n-----END PUBLIC KEY-----\n","lastSeen":1770751610289,"lastGossiped":1770751610590,"gossipHopCount":3}}}
[8:29:50 PM] [architect] Key fingerprint: c9e11f241bd63f48
[8:29:50 PM] [32m[19:29:50.613] [INFO] [architect] 📋 Registered 1 capabilities with contracts[0m
[8:29:50 PM] [32m[19:29:50.619] [INFO] [architect] Sovereign Cell online @ http://localhost:38627[0m
[8:29:50 PM] [DEBUG architect] Handler found for mesh/gossip, args: {"atlas":{"tts-ui":{"id":"tts-ui","addr":"http://localhost:43975","caps":["mesh/ping","mesh/gossip","cell/shutdown","cell/inspect","cell/journal","mesh/directory","mesh/who","mesh/signal-to-url","cell/contract"],"pubKey":"-----BEGIN PUBLIC KEY-----\nMCowBQYDK2VwAyEAIYO3vWMYuc8ehlD1dcsH2FjAF1S7UE3PxMGnb5NwrKk=\n-----END PUBLIC KEY-----\n","lastSeen":1770751790821,"lastGossiped":1770751790821,"gossipHopCount":0},"Radar":{"addr":"http://localhost:34311","caps":["mesh/ping","mesh/gossip","cell/shutdown","cell/inspect","cell/journal","mesh/directory","mesh/who","mesh/signal-to-url","cell/contract","sensors/proximity"],"pubKey":"-----BEGIN PUBLIC KEY-----\nMCowBQYDK2VwAyEAj9wmo7AhjXj0ShaUJXD1m5sXLA/hD2f/SxV9gPum0nI=\n-----END PUBLIC KEY-----\n","lastSeen":1770751790663,"lastGossiped":1770751790663,"gossipHopCount":0},"telemetry":{"addr":"http://localhost:33061","caps":["mesh/ping","mesh/gossip","cell/shutdown","cell/inspect","cell/journal","mesh/directory","mesh/who","mesh/signal-to-url","cell/contract","mesh/health"],"pubKey":"-----BEGIN PUBLIC KEY-----\nMCowBQYDK2VwAyEAC8mw8euuj3hgH/VdZtQmMCyd6qvNyiOqSgYUQOdemdc=\n-----END PUBLIC KEY-----\n","lastSeen":1770751790695,"lastGossiped":1770751790695,"gossipHopCount":0},"checklist":{"addr":"http://localhost:32855","caps":["mesh/ping","mesh/gossip","cell/shutdown","cell/inspect","cell/journal","mesh/directory","mesh/who","mesh/signal-to-url","cell/contract","list/get","list/add","list/complete","list/summarize","list/suggest-tasks"],"pubKey":"-----BEGIN PUBLIC KEY-----\nMCowBQYDK2VwAyEA3FYO+BhgdEFeu2P+ZB3YJv2higa6mbFFBBe8b1LbMA4=\n-----END PUBLIC KEY-----\n","lastSeen":1770751790730,"lastGossiped":1770751790730,"gossipHopCount":0},"ai":{"addr":"http://localhost:40245","caps":["mesh/ping","mesh/gossip","cell/shutdown","cell/inspect","cell/journal","mesh/directory","mesh/who","mesh/signal-to-url","cell/contract","ai/generate","ai/usage","ai/reset-usage"],"pubKey":"-----BEGIN PUBLIC KEY-----\nMCowBQYDK2VwAyEA6aBZ55Nnkypio10Q+zvCyr4V6oJTjDW5oAE0UIb0AXI=\n-----END PUBLIC KEY-----\n","lastSeen":1770751790733,"lastGossiped":1770751790733,"gossipHopCount":0},"comms":{"addr":"http://localhost:44461","caps":["mesh/ping","mesh/gossip","cell/shutdown","cell/inspect","cell/journal","mesh/directory","mesh/who","mesh/signal-to-url","cell/contract","comms/start-session","comms/chat","comms/get-session","comms/end-session","comms/configure-channel","comms/get-stats"],"pubKey":"-----BEGIN PUBLIC KEY-----\nMCowBQYDK2VwAyEAEt5wmAo5syF78XqinaYjgs4UhYxI2YkFAe1MLdXypDI=\n-----END PUBLIC KEY-----\n","lastSeen":1770751790806,"lastGossiped":1770751790806,"gossipHopCount":0},"architect":{"addr":"http://localhost:38627","caps":["mesh/ping","mesh/gossip","cell/shutdown","cell/inspect","cell/journal","mesh/directory","mesh/who","mesh/signal-to-url","cell/contract","architect/consult"],"pubKey":"-----BEGIN PUBLIC KEY-----\nMCowBQYDK2VwAyEAx5JniKzmTYacpOWBPkQGZo93v2Y80ncFDAylA9sbv5o=\n-----END PUBLIC KEY-----\n","lastSeen":1770751790821,"lastGossiped":1770751790821,"gossipHopCount":0}}}
[8:29:50 PM] [DEBUG architect] Handler found for mesh/gossip, args: {"atlas":{"kindly":{"id":"kindly","addr":"http://localhost:39761","caps":["mesh/ping","mesh/gossip","cell/shutdown","cell/inspect","cell/journal","mesh/directory","mesh/who","mesh/signal-to-url","cell/contract","kindly/chat","kindly/get-activity"],"pubKey":"-----BEGIN PUBLIC KEY-----\nMCowBQYDK2VwAyEAL+NaZ2+kRfaxMoh1EFWuj8bRt/NwmXxw+NlZTNloAQ8=\n-----END PUBLIC KEY-----\n","lastSeen":1770751790923,"lastGossiped":1770751790923,"gossipHopCount":0},"coder":{"addr":"http://localhost:36349","caps":["mesh/ping","mesh/gossip","cell/shutdown","cell/inspect","cell/journal","mesh/directory","mesh/who","mesh/signal-to-url","cell/contract","coder/develop"],"pubKey":"-----BEGIN PUBLIC KEY-----\nMCowBQYDK2VwAyEAkezd9gBA78OKRAjspyOBPFWzPHOQpuL8owyo0Ai2zt4=\n-----END PUBLIC KEY-----\n","lastSeen":1770751790923,"lastGossiped":1770751790923,"gossipHopCount":0},"Codegen":{"addr":"http://localhost:36107","caps":["mesh/ping","mesh/gossip","cell/shutdown","cell/inspect","cell/journal","mesh/directory","mesh/who","mesh/signal-to-url","cell/contract","codegen/mesh-types","codegen/poke-ts","codegen/validate","codegen/describe"],"pubKey":"-----BEGIN PUBLIC KEY-----\nMCowBQYDK2VwAyEA/jnEmhBRUGN1MG9Xz2JB1lbnMXcWJccGvU/w9igWpxI=\n-----END PUBLIC KEY-----\n","lastSeen":1770751790757,"lastGossiped":1770751790757,"gossipHopCount":0},"architect":{"addr":"http://localhost:38627","caps":["mesh/ping","mesh/gossip","cell/shutdown","cell/inspect","cell/journal","mesh/directory","mesh/who","mesh/signal-to-url","cell/contract","architect/consult"],"pubKey":"-----BEGIN PUBLIC KEY-----\nMCowBQYDK2VwAyEAx5JniKzmTYacpOWBPkQGZo93v2Y80ncFDAylA9sbv5o=\n-----END PUBLIC KEY-----\n","lastSeen":1770751790821,"lastGossiped":1770751790821,"gossipHopCount":0}}}
[8:30:19 PM] [architect] Key fingerprint: 0e02c1d1a6e78097
[8:30:19 PM] [32m[19:30:19.163] [INFO] [architect] 📋 Registered 1 capabilities with contracts[0m
[8:30:19 PM] [32m[19:30:19.179] [INFO] [architect] Sovereign Cell online @ http://localhost:38627[0m
[8:30:19 PM] [DEBUG architect] Handler found for mesh/gossip, args: {"atlas":{"skills":{"id":"skills","addr":"http://localhost:39983","caps":["mesh/ping","mesh/gossip","cell/shutdown","cell/inspect","cell/journal","mesh/directory","mesh/who","mesh/signal-to-url","cell/contract","skills/list","skills/get-context","skills/update-capability","skills/learn-pattern","skills/sync-from-mesh","skills/search"],"pubKey":"-----BEGIN PUBLIC KEY-----\nMCowBQYDK2VwAyEATh5LOv/EC+3X1rV7KxC1miiGswanKyYCSaiAMOgFYvg=\n-----END PUBLIC KEY-----\n","lastSeen":1770751819479,"lastGossiped":1770751819479,"gossipHopCount":0},"tts":{"addr":"http://localhost:34895","caps":["mesh/ping","mesh/gossip","cell/shutdown","cell/inspect","cell/journal","mesh/directory","mesh/who","mesh/signal-to-url","cell/contract","tts/synthesize","tts/status"],"pubKey":"-----BEGIN PUBLIC KEY-----\nMCowBQYDK2VwAyEAyfS8waXHCyRr6nOJM0SFlCc0GvpfBCsCgNjfocfNRIw=\n-----END PUBLIC KEY-----\n","lastSeen":1770751819288,"lastGossiped":1770751819413,"gossipHopCount":1},"memory":{"addr":"http://localhost:38919","caps":["mesh/ping","mesh/gossip","cell/shutdown","cell/inspect","cell/journal","mesh/directory","mesh/who","mesh/signal-to-url","cell/contract","memory/session/store","memory/session/get","memory/goals/create","memory/goals/list","memory/goals/update","memory/movement/record","memory/movement/timeline","memory/patterns/learn","memory/patterns/match","memory/actions/record","memory/actions/history","memory/temporal/slice","memory/temporal/context"],"pubKey":"-----BEGIN PUBLIC KEY-----\nMCowBQYDK2VwAyEAcWhBcMTC95doE2dXU2GAKxpEa8M5lkJsUabnsbqF71k=\n-----END PUBLIC KEY-----\n","lastSeen":1770751819410,"lastGossiped":1770751819413,"gossipHopCount":1},"checklist":{"addr":"http://localhost:32855","caps":["mesh/ping","mesh/gossip","cell/shutdown","cell/inspect","cell/journal","mesh/directory","mesh/who","mesh/signal-to-url","cell/contract","list/get","list/add","list/complete","list/summarize","list/suggest-tasks"],"pubKey":"-----BEGIN PUBLIC KEY-----\nMCowBQYDK2VwAyEAI/bK6i2P0hN1cZ89MuURBAY07YOqe9gSpWfrnJkUHLY=\n-----END PUBLIC KEY-----\n","lastSeen":1770751819281,"lastGossiped":1770751819376,"gossipHopCount":1},"comms":{"addr":"http://localhost:44461","caps":["mesh/ping","mesh/gossip","cell/shutdown","cell/inspect","cell/journal","mesh/directory","mesh/who","mesh/signal-to-url","cell/contract","comms/start-session","comms/chat","comms/get-session","comms/end-session","comms/configure-channel","comms/get-stats"],"pubKey":"-----BEGIN PUBLIC KEY-----\nMCowBQYDK2VwAyEAAGqnoszD7ZMKAGpONJJzrs/lRPT3YyCevlT9hr8rRLw=\n-----END PUBLIC KEY-----\n","lastSeen":1770751819325,"lastGossiped":1770751819376,"gossipHopCount":1},"coder":{"addr":"http://localhost:36349","caps":["mesh/ping","mesh/gossip","cell/shutdown","cell/inspect","cell/journal","mesh/directory","mesh/who","mesh/signal-to-url","cell/contract","coder/develop"],"pubKey":"-----BEGIN PUBLIC KEY-----\nMCowBQYDK2VwAyEAl1/iZPEwe1jsHpGBXWhf8M+XJeE/Jj+V5kJhRjDbyo0=\n-----END PUBLIC KEY-----\n","lastSeen":1770751819371,"lastGossiped":1770751819376,"gossipHopCount":1},"Orchestrator_212017":{"addr":"http://localhost:43421","caps":["mesh/ping","mesh/gossip","cell/shutdown","cell/inspect","cell/journal","mesh/directory","mesh/who","mesh/signal-to-url","cell/contract"],"pubKey":"-----BEGIN PUBLIC KEY-----\nMCowBQYDK2VwAyEAinXE3DIF5ezuc/BEeHXmlrVAmniaBX5611MfanhkM2Q=\n-----END PUBLIC KEY-----\n","lastSeen":1770751819303,"lastGossiped":1770751819376,"gossipHopCount":1},"telegram":{"addr":"http://localhost:38423","caps":["mesh/ping","mesh/gossip","cell/shutdown","cell/inspect","cell/journal","mesh/directory","mesh/who","mesh/signal-to-url","cell/contract","telegram/send-message","telegram/get-me","telegram/broadcast"],"pubKey":"-----BEGIN PUBLIC KEY-----\nMCowBQYDK2VwAyEArqFp2+dYpAgmKU+yPOrXJui9D0HmB/aU+AAclHxmh9U=\n-----END PUBLIC KEY-----\n","lastSeen":1770751819302,"lastGossiped":1770751819376,"gossipHopCount":1},"projects":{"addr":"http://localhost:37601","caps":["mesh/ping","mesh/gossip","cell/shutdown","cell/inspect","cell/journal","mesh/directory","mesh/who","mesh/signal-to-url","cell/contract","projects/write","projects/read","projects/list","projects/exec"],"pubKey":"-----BEGIN PUBLIC KEY-----\nMCowBQYDK2VwAyEAhVtVsQwc+mWp6aPukz7PYk+n3MS0ZuIK3HwbOXqCvpc=\n-----END PUBLIC KEY-----\n","lastSeen":1770751819304,"lastGossiped":1770751819376,"gossipHopCount":1},"tts-ui":{"addr":"http://localhost:43975","caps":["mesh/ping","mesh/gossip","cell/shutdown","cell/inspect","cell/journal","mesh/directory","mesh/who","mesh/signal-to-url","cell/contract"],"pubKey":"-----BEGIN PUBLIC KEY-----\nMCowBQYDK2VwAyEAhoA33pEjRFZSu54zGKP/0X4agkwAGlhxoIkayYfZwDE=\n-----END PUBLIC KEY-----\n","lastSeen":1770751819479,"lastGossiped":1770751819479,"gossipHopCount":0},"log":{"addr":"http://localhost:35443","caps":["mesh/ping","mesh/gossip","cell/shutdown","cell/inspect","cell/journal","mesh/directory","mesh/who","mesh/signal-to-url","cell/contract","log/info","log/get"],"pubKey":"-----BEGIN PUBLIC KEY-----\nMCowBQYDK2VwAyEAHXqGFgcRtsiixDfQW5xa10Kb7nvMDl3s6Wt4OnExhK4=\n-----END PUBLIC KEY-----\n","lastSeen":1770751819303,"lastGossiped":1770751819376,"gossipHopCount":1},"Lidar":{"addr":"http://localhost:39891","caps":["mesh/ping","mesh/gossip","cell/shutdown","cell/inspect","cell/journal","mesh/directory","mesh/who","mesh/signal-to-url","cell/contract","sensors/proximity"],"pubKey":"-----BEGIN PUBLIC KEY-----\nMCowBQYDK2VwAyEAlB7Jffk4lr63ZY5H9nFKkHyxRxNeYYqbRb+FJU2ujoA=\n-----END PUBLIC KEY-----\n","lastSeen":1770751819299,"lastGossiped":1770751819376,"gossipHopCount":1},"ai-ui-ui":{"addr":"http://localhost:44193","caps":["mesh/ping","mesh/gossip","cell/shutdown","cell/inspect","cell/journal","mesh/directory","mesh/who","mesh/signal-to-url","cell/contract"],"pubKey":"-----BEGIN PUBLIC KEY-----\nMCowBQYDK2VwAyEAajUPCtOwaWNpws7qnRnQ/8Ptb5uaCROFvoawhdSp52k=\n-----END PUBLIC KEY-----\n","lastSeen":1770751819299,"lastGossiped":1770751819376,"gossipHopCount":1},"kindly":{"addr":"http://localhost:39761","caps":["mesh/ping","mesh/gossip","cell/shutdown","cell/inspect","cell/journal","mesh/directory","mesh/who","mesh/signal-to-url","cell/contract","kindly/chat","kindly/get-activity"],"pubKey":"-----BEGIN PUBLIC KEY-----\nMCowBQYDK2VwAyEAZz84khAG6upPTZisqJzKyZ7r18HR6sKGBazesSMXFh8=\n-----END PUBLIC KEY-----\n","lastSeen":1770751819298,"lastGossiped":1770751819376,"gossipHopCount":1},"telemetry":{"addr":"http://localhost:33061","caps":["mesh/ping","mesh/gossip","cell/shutdown","cell/inspect","cell/journal","mesh/directory","mesh/who","mesh/signal-to-url","cell/contract","mesh/health"],"pubKey":"-----BEGIN PUBLIC KEY-----\nMCowBQYDK2VwAyEAgXknFrL7uaaS2Z6uASXax8sVVBW+8mZnczprTqC5mcs=\n-----END PUBLIC KEY-----\n","lastSeen":1770751819295,"lastGossiped":1770751819413,"gossipHopCount":1},"ai-ui":{"addr":"http://localhost:42523","caps":["mesh/ping","mesh/gossip","cell/shutdown","cell/inspect","cell/journal","mesh/directory","mesh/who","mesh/signal-to-url","cell/contract","simple-ai/session","simple-ai/chat","simple-ai/history","simple-ai/clear","simple-ai/stats"],"pubKey":"-----BEGIN PUBLIC KEY-----\nMCowBQYDK2VwAyEAv9rX5r34sraXjgwJXCM5HY52/iPC4ehdsnH5W3uvtps=\n-----END PUBLIC KEY-----\n","lastSeen":1770751819287,"lastGossiped":1770751819376,"gossipHopCount":1},"Radar":{"addr":"http://localhost:34311","caps":["mesh/ping","mesh/gossip","cell/shutdown","cell/inspect","cell/journal","mesh/directory","mesh/who","mesh/signal-to-url","cell/contract","sensors/proximity"],"pubKey":"-----BEGIN PUBLIC KEY-----\nMCowBQYDK2VwAyEA8zfOGFkVOuDrERi/xte/xocL0HUIY6zflZDALLjzN0I=\n-----END PUBLIC KEY-----\n","lastSeen":1770751819286,"lastGossiped":1770751819376,"gossipHopCount":1},"Safety":{"addr":"http://localhost:43747","caps":["mesh/ping","mesh/gossip","cell/shutdown","cell/inspect","cell/journal","mesh/directory","mesh/who","mesh/signal-to-url","cell/contract","safety/get-close-proximity","safety/run-test-sequence"],"pubKey":"-----BEGIN PUBLIC KEY-----\nMCowBQYDK2VwAyEA/OdYNryc2OnRHqFvnSJDlV43bp4yExu4AbNSCHXy9ao=\n-----END PUBLIC KEY-----\n","lastSeen":1770751819282,"lastGossiped":1770751819376,"gossipHopCount":1},"Codegen":{"addr":"http://localhost:36107","caps":["mesh/ping","mesh/gossip","cell/shutdown","cell/inspect","cell/journal","mesh/directory","mesh/who","mesh/signal-to-url","cell/contract","codegen/mesh-types","codegen/poke-ts","codegen/validate","codegen/describe"],"pubKey":"-----BEGIN PUBLIC KEY-----\nMCowBQYDK2VwAyEAvD9IwUlxottHVoc0guJBfz03AE3ETGsBP5BEGhSjwMg=\n-----END PUBLIC KEY-----\n","lastSeen":1770751819306,"lastGossiped":1770751819376,"gossipHopCount":1},"architect":{"addr":"http://localhost:38627","caps":["mesh/ping","mesh/gossip","cell/shutdown","cell/inspect","cell/journal","mesh/directory","mesh/who","mesh/signal-to-url","cell/contract","architect/consult"],"pubKey":"-----BEGIN PUBLIC KEY-----\nMCowBQYDK2VwAyEAD5Yku0ATsbvjGyNsKW1/15e5PpplydsQyruEm15HaL0=\n-----END PUBLIC KEY-----\n","lastSeen":1770751819316,"lastGossiped":1770751819376,"gossipHopCount":1}}}
[9:57:57 PM] [architect] Key fingerprint: 8cc2f4ca42e5fc51
[9:57:57 PM] [32m[20:57:57.825] [INFO] [architect] 📋 Registered 1 capabilities with contracts[0m
[9:57:57 PM] [32m[20:57:57.841] [INFO] [architect] Sovereign Cell online @ http://localhost:39631[0m
