[1:20:33 PM] [log] Key fingerprint: 6a08b1637e83b994
[1:20:33 PM] [32m[12:20:33.887] [INFO] [log] 📋 Registered 2 capabilities with contracts[0m
[1:20:33 PM] [32m[12:20:33.920] [INFO] [log] Sovereign Cell online @ http://localhost:46285[0m
[1:20:33 PM] [32m[12:20:33.920] [INFO] [log] 🛡️ Type-safe Logger cell initialized[0m
[1:20:33 PM] [32m[12:20:33.920] [INFO] [log] Audit trail: /home/asdfghj/openjaws/log/mesh_audit.log[0m
[1:40:57 PM] [log] Key fingerprint: 38a387d3f15c6917
[1:40:57 PM] [32m[12:40:57.347] [INFO] [log] 📋 Registered 2 capabilities with contracts[0m
[1:40:57 PM] [32m[12:40:57.379] [INFO] [log] Sovereign Cell online @ http://localhost:39253[0m
[1:40:57 PM] [32m[12:40:57.380] [INFO] [log] 🛡️ Type-safe Logger cell initialized[0m
[1:40:57 PM] [32m[12:40:57.380] [INFO] [log] Audit trail: /home/asdfghj/openjaws/log/mesh_audit.log[0m
[1:42:46 PM] [log] Key fingerprint: 8ece25ec1a75dcd8
[1:42:46 PM] [32m[12:42:46.294] [INFO] [log] 📋 Registered 2 capabilities with contracts[0m
[1:42:46 PM] [32m[12:42:46.308] [INFO] [log] Sovereign Cell online @ http://localhost:33437[0m
[1:42:46 PM] [32m[12:42:46.309] [INFO] [log] 🛡️ Type-safe Logger cell initialized[0m
[1:42:46 PM] [32m[12:42:46.309] [INFO] [log] Audit trail: /home/asdfghj/openjaws/log/mesh_audit.log[0m
[1:43:06 PM] [33m[12:43:06.444] [WARN] [log] Extinguishing cell...[0m
[1:45:07 PM] [log] Key fingerprint: a53c48fa30a91a22
[1:45:07 PM] [32m[12:45:07.787] [INFO] [log] 📋 Registered 2 capabilities with contracts[0m
[1:45:07 PM] [32m[12:45:07.797] [INFO] [log] Sovereign Cell online @ http://localhost:35191[0m
[1:45:07 PM] [32m[12:45:07.799] [INFO] [log] 🛡️ Type-safe Logger cell initialized[0m
[1:45:07 PM] [32m[12:45:07.799] [INFO] [log] Audit trail: /home/asdfghj/openjaws/log/mesh_audit.log[0m
[1:52:04 PM] [log] Key fingerprint: 07b4df936323e651
[1:52:04 PM] [32m[12:52:04.100] [INFO] [log] 📋 Registered 2 capabilities with contracts[0m
[1:52:04 PM] [32m[12:52:04.122] [INFO] [log] Sovereign Cell online @ http://localhost:45087[0m
[1:52:04 PM] [32m[12:52:04.123] [INFO] [log] 🛡️ Type-safe Logger cell initialized[0m
[1:52:04 PM] [32m[12:52:04.123] [INFO] [log] Audit trail: /home/asdfghj/openjaws/log/mesh_audit.log[0m
[1:56:46 PM] [log] Key fingerprint: 32160ee9fd8929b3
[1:56:46 PM] [32m[12:56:46.937] [INFO] [log] 📋 Registered 2 capabilities with contracts[0m
[1:56:46 PM] [32m[12:56:46.941] [INFO] [log] Sovereign Cell online @ http://localhost:45655[0m
[1:56:46 PM] [32m[12:56:46.942] [INFO] [log] 🛡️ Type-safe Logger cell initialized[0m
[1:56:46 PM] [32m[12:56:46.942] [INFO] [log] Audit trail: /home/asdfghj/openjaws/log/mesh_audit.log[0m
[1:58:55 PM] [log] Key fingerprint: 785b08144274791c
[1:58:55 PM] [32m[12:58:55.069] [INFO] [log] 📋 Registered 2 capabilities with contracts[0m
[1:58:55 PM] [32m[12:58:55.090] [INFO] [log] Sovereign Cell online @ http://localhost:35309[0m
[1:58:55 PM] [32m[12:58:55.096] [INFO] [log] 🛡️ Type-safe Logger cell initialized[0m
[1:58:55 PM] [32m[12:58:55.096] [INFO] [log] Audit trail: /home/asdfghj/openjaws/log/mesh_audit.log[0m
[1:59:25 PM] ============================================================
[1:59:25 PM] 💥 MESH FAILURE [RPC_UNREACHABLE]
[1:59:25 PM] ============================================================
[1:59:25 PM] Time:     2026-02-10T12:59:25.099Z
[1:59:25 PM] Signal:   c6056389-04ec-4c10-8d18-f139eaf8be63
[1:59:25 PM] Failed At: http://localhost:36609
[1:59:25 PM] Message:  RPC_UNREACHABLE: Unable to connect. Is the computer able to access the url?
[1:59:25 PM] 📜 Full Narrative (1 steps):
[1:59:25 PM]    [12:59:25.096] log                  | RPC_ATTEMPT         
[1:59:25 PM] 💡 Likely Causes:
[1:59:25 PM] Target cell crashed or is unreachable
[1:59:25 PM] Network partition between cells
[1:59:25 PM] Target cell port not open or firewall blocking
[1:59:25 PM] Target cell is still starting up (check logs)
[1:59:25 PM] ============================================================
[2:00:30 PM] [log] Key fingerprint: d92ec39e6ac8909f
[2:00:30 PM] [32m[13:00:30.432] [INFO] [log] 📋 Registered 2 capabilities with contracts[0m
[2:00:30 PM] [32m[13:00:30.451] [INFO] [log] Sovereign Cell online @ http://localhost:40361[0m
[2:00:30 PM] [32m[13:00:30.456] [INFO] [log] 🛡️ Type-safe Logger cell initialized[0m
[2:00:30 PM] [32m[13:00:30.456] [INFO] [log] Audit trail: /home/asdfghj/openjaws/log/mesh_audit.log[0m
[2:00:30 PM] ============================================================
[2:00:30 PM] 💥 MESH FAILURE [RPC_UNREACHABLE]
[2:00:30 PM] ============================================================
[2:00:30 PM] Time:     2026-02-10T13:00:30.959Z
[2:00:30 PM] Signal:   c8dc6fa8-bd02-4546-9b22-f673d74aea33
[2:00:30 PM] Failed At: http://localhost:34417
[2:00:30 PM] Message:  RPC_UNREACHABLE: Unable to connect. Is the computer able to access the url?
[2:00:30 PM] 📜 Full Narrative (1 steps):
[2:00:30 PM]    [13:00:30.957] log                  | RPC_ATTEMPT         
[2:00:30 PM] 💡 Likely Causes:
[2:00:30 PM] Target cell crashed or is unreachable
[2:00:30 PM] Network partition between cells
[2:00:30 PM] Target cell port not open or firewall blocking
[2:00:30 PM] Target cell is still starting up (check logs)
[2:00:30 PM] ============================================================
[2:02:49 PM] [log] Key fingerprint: 45c6ecfb706f11b0
[2:02:49 PM] [32m[13:02:49.179] [INFO] [log] 📋 Registered 2 capabilities with contracts[0m
[2:02:49 PM] [32m[13:02:49.186] [INFO] [log] Sovereign Cell online @ http://localhost:36713[0m
[2:02:49 PM] [32m[13:02:49.186] [INFO] [log] 🛡️ Type-safe Logger cell initialized[0m
[2:02:49 PM] [32m[13:02:49.186] [INFO] [log] Audit trail: /home/asdfghj/openjaws/log/mesh_audit.log[0m
[2:04:33 PM] [log] Key fingerprint: a615d92fa4083724
[2:04:33 PM] [32m[13:04:33.334] [INFO] [log] 📋 Registered 2 capabilities with contracts[0m
[2:04:33 PM] [32m[13:04:33.348] [INFO] [log] Sovereign Cell online @ http://localhost:42191[0m
[2:04:33 PM] [32m[13:04:33.349] [INFO] [log] 🛡️ Type-safe Logger cell initialized[0m
[2:04:33 PM] [32m[13:04:33.349] [INFO] [log] Audit trail: /home/asdfghj/openjaws/log/mesh_audit.log[0m
[2:05:09 PM] [log] Key fingerprint: 2e878793cc7b2c73
[2:05:09 PM] [32m[13:05:08.988] [INFO] [log] 📋 Registered 2 capabilities with contracts[0m
[2:05:09 PM] [32m[13:05:08.995] [INFO] [log] Sovereign Cell online @ http://localhost:36571[0m
[2:05:09 PM] [32m[13:05:08.996] [INFO] [log] 🛡️ Type-safe Logger cell initialized[0m
[2:05:09 PM] [32m[13:05:08.996] [INFO] [log] Audit trail: /home/asdfghj/openjaws/log/mesh_audit.log[0m
[2:05:39 PM] ============================================================
[2:05:39 PM] 💥 MESH FAILURE [RPC_UNREACHABLE]
[2:05:39 PM] ============================================================
[2:05:39 PM] Time:     2026-02-10T13:05:39.005Z
[2:05:39 PM] Signal:   330f779a-ea1d-4820-9f25-022e50283d0d
[2:05:39 PM] Failed At: http://localhost:45601
[2:05:39 PM] Message:  RPC_UNREACHABLE: Unable to connect. Is the computer able to access the url?
[2:05:39 PM] 📜 Full Narrative (1 steps):
[2:05:39 PM]    [13:05:39.002] log                  | RPC_ATTEMPT         
[2:05:39 PM] 💡 Likely Causes:
[2:05:39 PM] Target cell crashed or is unreachable
[2:05:39 PM] Network partition between cells
[2:05:39 PM] Target cell port not open or firewall blocking
[2:05:39 PM] Target cell is still starting up (check logs)
[2:05:39 PM] ============================================================
[2:05:54 PM] ============================================================
[2:05:54 PM] 💥 MESH FAILURE [RPC_UNREACHABLE]
[2:05:54 PM] ============================================================
[2:05:54 PM] Time:     2026-02-10T13:05:54.004Z
[2:05:54 PM] Signal:   0e17a738-333b-43c6-88f0-753c42646a4b
[2:05:54 PM] Failed At: http://localhost:42341
[2:05:54 PM] Message:  RPC_UNREACHABLE: Unable to connect. Is the computer able to access the url?
[2:05:54 PM] 📜 Full Narrative (1 steps):
[2:05:54 PM]    [13:05:54.003] log                  | RPC_ATTEMPT         
[2:05:54 PM] 💡 Likely Causes:
[2:05:54 PM] Target cell crashed or is unreachable
[2:05:54 PM] Network partition between cells
[2:05:54 PM] Target cell port not open or firewall blocking
[2:05:54 PM] Target cell is still starting up (check logs)
[2:05:54 PM] ============================================================
[2:07:17 PM] [log] Key fingerprint: 850040d5acf2fac0
[2:07:17 PM] [32m[13:07:17.657] [INFO] [log] 📋 Registered 2 capabilities with contracts[0m
[2:07:17 PM] [32m[13:07:17.693] [INFO] [log] Sovereign Cell online @ http://localhost:34979[0m
[2:07:17 PM] [32m[13:07:17.694] [INFO] [log] 🛡️ Type-safe Logger cell initialized[0m
[2:07:17 PM] [32m[13:07:17.694] [INFO] [log] Audit trail: /home/asdfghj/openjaws/log/mesh_audit.log[0m
[2:10:02 PM] [log] Key fingerprint: dfc5eedf9b36ba1a
[2:10:02 PM] [32m[13:10:02.628] [INFO] [log] 📋 Registered 2 capabilities with contracts[0m
[2:10:02 PM] [32m[13:10:02.634] [INFO] [log] Sovereign Cell online @ http://localhost:38625[0m
[2:10:02 PM] [32m[13:10:02.634] [INFO] [log] 🛡️ Type-safe Logger cell initialized[0m
[2:10:02 PM] [32m[13:10:02.634] [INFO] [log] Audit trail: /home/asdfghj/openjaws/log/mesh_audit.log[0m
[2:10:35 PM] [log] Key fingerprint: 97c7655962957b1d
[2:10:35 PM] [32m[13:10:35.536] [INFO] [log] 📋 Registered 2 capabilities with contracts[0m
[2:10:35 PM] [32m[13:10:35.555] [INFO] [log] Sovereign Cell online @ http://localhost:38483[0m
[2:10:35 PM] [32m[13:10:35.555] [INFO] [log] 🛡️ Type-safe Logger cell initialized[0m
[2:10:35 PM] [32m[13:10:35.555] [INFO] [log] Audit trail: /home/asdfghj/openjaws/log/mesh_audit.log[0m
[2:10:35 PM] ============================================================
[2:10:35 PM] 💥 MESH FAILURE [NOT_FOUND]
[2:10:35 PM] ============================================================
[2:10:35 PM] Time:     2026-02-10T13:10:35.631Z
[2:10:35 PM] Signal:   21089d3d-a191-49e4-abe0-03edd7df6a52
[2:10:35 PM] Failed At: log
[2:10:35 PM] Message:  No route to comms/configure-channel after exhaustive search (Providers: 0)
[2:10:35 PM] 📍 Signal Path (2 hops):
[2:10:35 PM]    1. telegram @ 13:10:35.592
[2:10:35 PM]    2. log @ 13:10:35.629
[2:10:35 PM] 💡 Likely Causes:
[2:10:35 PM] Capability not registered in any cell
[2:10:35 PM] Cell hosting capability is offline
[2:10:35 PM] Mesh hasn't converged yet (try adding delay)
[2:10:35 PM] Typo in capability name
[2:10:35 PM] The capability was found earlier, but no cell responded to the signal.
[2:10:35 PM] This usually happens if the cell crashed or timed out during the hop.
[2:10:35 PM] ============================================================
[2:10:50 PM] ============================================================
[2:10:50 PM] 💥 MESH FAILURE [RPC_UNREACHABLE]
[2:10:50 PM] ============================================================
[2:10:50 PM] Time:     2026-02-10T13:10:50.557Z
[2:10:50 PM] Signal:   3761357a-8103-41c0-a5e6-e1dafd84854e
[2:10:50 PM] Failed At: http://localhost:38863
[2:10:50 PM] Message:  RPC_UNREACHABLE: Unable to connect. Is the computer able to access the url?
[2:10:50 PM] 📜 Full Narrative (1 steps):
[2:10:50 PM]    [13:10:50.555] log                  | RPC_ATTEMPT         
[2:10:50 PM] 💡 Likely Causes:
[2:10:50 PM] Target cell crashed or is unreachable
[2:10:50 PM] Network partition between cells
[2:10:50 PM] Target cell port not open or firewall blocking
[2:10:50 PM] Target cell is still starting up (check logs)
[2:10:50 PM] ============================================================
[2:15:51 PM] [log] Key fingerprint: 73db9ea2fd6d1d8e
[2:15:51 PM] [32m[13:15:51.365] [INFO] [log] 📋 Registered 2 capabilities with contracts[0m
[2:15:51 PM] [32m[13:15:51.372] [INFO] [log] Sovereign Cell online @ http://localhost:39731[0m
[2:15:51 PM] [32m[13:15:51.372] [INFO] [log] 🛡️ Type-safe Logger cell initialized[0m
[2:15:51 PM] [32m[13:15:51.372] [INFO] [log] Audit trail: /home/asdfghj/openjaws/log/mesh_audit.log[0m
[2:25:38 PM] [log] Key fingerprint: 112dfbc0b7394066
[2:25:38 PM] [32m[13:25:38.884] [INFO] [log] 📋 Registered 2 capabilities with contracts[0m
[2:25:38 PM] [32m[13:25:38.900] [INFO] [log] Sovereign Cell online @ http://localhost:38791[0m
[2:25:38 PM] [32m[13:25:38.901] [INFO] [log] 🛡️ Type-safe Logger cell initialized[0m
[2:25:38 PM] [32m[13:25:38.901] [INFO] [log] Audit trail: /home/asdfghj/openjaws/log/mesh_audit.log[0m
[2:25:39 PM] [31m[13:25:39.320] [ERROR] [log] [49903851] ❌ RPC_REMOTE_FAIL: [comms/configure-channel] @ http://localhost:34031 | HANDLER_ERR: Input validation failed for comms/configure-channel: Missing required field: channel[0m
[2:25:39 PM] [31m[13:25:39.358] [ERROR] [log] [49903851] ❌ RPC_REMOTE_FAIL: [comms/configure-channel] @ http://localhost:34031 | HANDLER_ERR: Input validation failed for comms/configure-channel: Missing required field: channel[0m
[2:25:40 PM] [31m[13:25:40.675] [ERROR] [log] [2b64ce8a] ❌ RPC_REMOTE_FAIL: [comms/configure-channel] @ http://localhost:34031 | HANDLER_ERR: Input validation failed for comms/configure-channel: Missing required field: channel[0m
[2:25:40 PM] [31m[13:25:40.698] [ERROR] [log] [2b64ce8a] ❌ RPC_REMOTE_FAIL: [comms/configure-channel] @ http://localhost:34031 | HANDLER_ERR: Input validation failed for comms/configure-channel: Missing required field: channel[0m
[8:04:15 PM] [log] Key fingerprint: be86a93dfa644a2c
[8:04:15 PM] [32m[19:04:15.470] [INFO] [log] 📋 Registered 2 capabilities with contracts[0m
[8:04:15 PM] [32m[19:04:15.476] [INFO] [log] Sovereign Cell online @ http://localhost:41025[0m
[8:04:15 PM] [32m[19:04:15.477] [INFO] [log] 🛡️ Type-safe Logger cell initialized[0m
[8:04:15 PM] [32m[19:04:15.477] [INFO] [log] Audit trail: /home/asdfghj/openjaws/log/mesh_audit.log[0m
[8:04:16 PM] [31m[19:04:16.134] [ERROR] [log] [b339c957] ❌ RPC_REMOTE_FAIL: [comms/configure-channel] @ http://localhost:33797 | HANDLER_ERR: Input validation failed for comms/configure-channel: Missing required field: channel | Received: {}[0m
[8:04:16 PM] [31m[19:04:16.643] [ERROR] [log] [0306b25a] ❌ RPC_REMOTE_FAIL: [comms/configure-channel] @ http://localhost:33797 | HANDLER_ERR: Input validation failed for comms/configure-channel: Missing required field: channel | Received: {}[0m
[8:04:19 PM] [31m[19:04:19.159] [ERROR] [log] [db0adcc2] ❌ RPC_REMOTE_FAIL: [comms/configure-channel] @ http://localhost:33797 | HANDLER_ERR: Input validation failed for comms/configure-channel: Missing required field: channel | Received: {}[0m
[8:04:19 PM] [31m[19:04:19.181] [ERROR] [log] [db0adcc2] ❌ RPC_REMOTE_FAIL: [comms/configure-channel] @ http://localhost:33797 | HANDLER_ERR: Input validation failed for comms/configure-channel: Missing required field: channel | Received: {}[0m
[8:07:59 PM] [log] Key fingerprint: df7f3a97594f136c
[8:07:59 PM] [32m[19:07:59.324] [INFO] [log] 📋 Registered 2 capabilities with contracts[0m
[8:07:59 PM] [32m[19:07:59.340] [INFO] [log] Sovereign Cell online @ http://localhost:33647[0m
[8:07:59 PM] [32m[19:07:59.341] [INFO] [log] 🛡️ Type-safe Logger cell initialized[0m
[8:07:59 PM] [32m[19:07:59.341] [INFO] [log] Audit trail: /home/asdfghj/openjaws/log/mesh_audit.log[0m
[8:07:59 PM] [31m[19:07:59.960] [ERROR] [log] [e1971367] ❌ RPC_REMOTE_FAIL: [comms/configure-channel] @ http://localhost:37429 | HANDLER_ERR: Input validation failed for comms/configure-channel: Missing required field: channel | Received: {}[0m
[8:08:40 PM] [log] Key fingerprint: 1fdc0f3f76a75acf
[8:08:40 PM] [32m[19:08:40.874] [INFO] [log] 📋 Registered 2 capabilities with contracts[0m
[8:08:40 PM] [32m[19:08:40.879] [INFO] [log] Sovereign Cell online @ http://localhost:33475[0m
[8:08:40 PM] [32m[19:08:40.879] [INFO] [log] 🛡️ Type-safe Logger cell initialized[0m
[8:08:40 PM] [32m[19:08:40.879] [INFO] [log] Audit trail: /home/asdfghj/openjaws/log/mesh_audit.log[0m
[8:11:14 PM] [log] Key fingerprint: 3ea47ddff6d6ec8e
[8:11:14 PM] [32m[19:11:14.417] [INFO] [log] 📋 Registered 2 capabilities with contracts[0m
[8:11:14 PM] [32m[19:11:14.429] [INFO] [log] Sovereign Cell online @ http://localhost:34465[0m
[8:11:14 PM] [32m[19:11:14.431] [INFO] [log] 🛡️ Type-safe Logger cell initialized[0m
[8:11:14 PM] [32m[19:11:14.431] [INFO] [log] Audit trail: /home/asdfghj/openjaws/log/mesh_audit.log[0m
[8:16:34 PM] [log] Key fingerprint: 540342446f2c2370
[8:16:34 PM] [32m[19:16:34.598] [INFO] [log] 📋 Registered 2 capabilities with contracts[0m
[8:16:34 PM] [32m[19:16:34.607] [INFO] [log] Sovereign Cell online @ http://localhost:40521[0m
[8:16:34 PM] [32m[19:16:34.608] [INFO] [log] 🛡️ Type-safe Logger cell initialized[0m
[8:16:34 PM] [32m[19:16:34.608] [INFO] [log] Audit trail: /home/asdfghj/openjaws/log/mesh_audit.log[0m
[8:16:34 PM] [31m[19:16:34.938] [ERROR] [log] [7c6f7108] ❌ RPC_REMOTE_FAIL: [comms/configure-channel] @ http://localhost:45057 | HANDLER_ERR: Input validation failed for comms/configure-channel: Missing required field: channel | Received: {}[0m
[8:16:34 PM] [DEBUG log] Handler found for mesh/gossip, args: {"atlas":{"projects":{"id":"projects","addr":"http://localhost:36549","caps":["mesh/ping","mesh/gossip","cell/shutdown","cell/inspect","cell/journal","mesh/directory","mesh/who","mesh/signal-to-url","cell/contract","projects/write","projects/read","projects/list","projects/exec"],"pubKey":"-----BEGIN PUBLIC KEY-----\nMCowBQYDK2VwAyEA1GyfV6uqspXxxkdnxTIajDKaMR7YPwSJSQwCP75LAlY=\n-----END PUBLIC KEY-----\n","lastSeen":1770750994922,"lastGossiped":1770750994922,"gossipHopCount":0},"Orchestrator_206427":{"addr":"http://localhost:42325","caps":["mesh/ping","mesh/gossip","cell/shutdown","cell/inspect","cell/journal","mesh/directory","mesh/who","mesh/signal-to-url","cell/contract"],"pubKey":"-----BEGIN PUBLIC KEY-----\nMCowBQYDK2VwAyEAHHqv5RuvHd3HG/PHlrEKcKJFg6YqtrMilessDJn4Ek0=\n-----END PUBLIC KEY-----\n","lastSeen":1770750994740,"lastGossiped":1770750994922,"gossipHopCount":1},"ai-ui-ui":{"addr":"http://localhost:42257","caps":["mesh/ping","mesh/gossip","cell/shutdown","cell/inspect","cell/journal","mesh/directory","mesh/who","mesh/signal-to-url","cell/contract"],"pubKey":"-----BEGIN PUBLIC KEY-----\nMCowBQYDK2VwAyEADoWM4SoVV6pJd47p+TQZd9AB5p0WYWOCo3gGKdfBWHY=\n-----END PUBLIC KEY-----\n","lastSeen":1770750994693,"lastGossiped":1770750994922,"gossipHopCount":1},"skills":{"addr":"http://localhost:39683","caps":["mesh/ping","mesh/gossip","cell/shutdown","cell/inspect","cell/journal","mesh/directory","mesh/who","mesh/signal-to-url","cell/contract","skills/list","skills/get-context","skills/update-capability","skills/learn-pattern","skills/sync-from-mesh","skills/search"],"pubKey":"-----BEGIN PUBLIC KEY-----\nMCowBQYDK2VwAyEAlBdDvn/QYoXMxZT405vfgTHiOo3I90QAIS5hivt/cEY=\n-----END PUBLIC KEY-----\n","lastSeen":1770750994826,"lastGossiped":1770750994922,"gossipHopCount":1},"checklist":{"addr":"http://localhost:42179","caps":["mesh/ping","mesh/gossip","cell/shutdown","cell/inspect","cell/journal","mesh/directory","mesh/who","mesh/signal-to-url","cell/contract","list/get","list/add","list/complete","list/summarize","list/suggest-tasks"],"pubKey":"-----BEGIN PUBLIC KEY-----\nMCowBQYDK2VwAyEA/0bdTENcQTYoHmVHNXmonPFrOdTxWSa8HjsxOklMy78=\n-----END PUBLIC KEY-----\n","lastSeen":1770750994649,"lastGossiped":1770750994743,"gossipHopCount":1},"telegram":{"addr":"http://localhost:43937","caps":["mesh/ping","mesh/gossip","cell/shutdown","cell/inspect","cell/journal","mesh/directory","mesh/who","mesh/signal-to-url","cell/contract","telegram/send-message","telegram/get-me","telegram/broadcast"],"pubKey":"-----BEGIN PUBLIC KEY-----\nMCowBQYDK2VwAyEAgz7j/V0bnBJozv7XioCV04jxhIs/icrMWn/iT97izOg=\n-----END PUBLIC KEY-----\n","lastSeen":1770750994789,"lastGossiped":1770750994922,"gossipHopCount":1},"kindly":{"addr":"http://localhost:36613","caps":["mesh/ping","mesh/gossip","cell/shutdown","cell/inspect","cell/journal","mesh/directory","mesh/who","mesh/signal-to-url","cell/contract","kindly/chat","kindly/get-activity"],"pubKey":"-----BEGIN PUBLIC KEY-----\nMCowBQYDK2VwAyEAg6lEYZ5MHKiaG/q6QiaNX14QgMqKWPzv9h44QDqXo3c=\n-----END PUBLIC KEY-----\n","lastSeen":1770750994716,"lastGossiped":1770750994922,"gossipHopCount":1},"coder":{"addr":"http://localhost:37981","caps":["mesh/ping","mesh/gossip","cell/shutdown","cell/inspect","cell/journal","mesh/directory","mesh/who","mesh/signal-to-url","cell/contract","coder/develop"],"pubKey":"-----BEGIN PUBLIC KEY-----\nMCowBQYDK2VwAyEA7rpvKvTS23cYhiPXnC+CvMjSdPWo9AduVnANdRmkBoo=\n-----END PUBLIC KEY-----\n","lastSeen":1770750994877,"lastGossiped":1770750994922,"gossipHopCount":1},"Lidar":{"addr":"http://localhost:43417","caps":["mesh/ping","mesh/gossip","cell/shutdown","cell/inspect","cell/journal","mesh/directory","mesh/who","mesh/signal-to-url","cell/contract","sensors/proximity"],"pubKey":"-----BEGIN PUBLIC KEY-----\nMCowBQYDK2VwAyEAHIUiPF0Y5me/lMirEEtHGFu4cODnQS7MMUESVYTCTc8=\n-----END PUBLIC KEY-----\n","lastSeen":1770750994836,"lastGossiped":1770750994922,"gossipHopCount":1},"tts":{"addr":"http://localhost:33749","caps":["mesh/ping","mesh/gossip","cell/shutdown","cell/inspect","cell/journal","mesh/directory","mesh/who","mesh/signal-to-url","cell/contract","tts/synthesize","tts/status"],"pubKey":"-----BEGIN PUBLIC KEY-----\nMCowBQYDK2VwAyEA2CbXxC+s0pM1RXBymmRzMtuiTzQHZdJlcJ0s0MV6ST0=\n-----END PUBLIC KEY-----\n","lastSeen":1770750994845,"lastGossiped":1770750994922,"gossipHopCount":1},"Safety":{"addr":"http://localhost:34419","caps":["mesh/ping","mesh/gossip","cell/shutdown","cell/inspect","cell/journal","mesh/directory","mesh/who","mesh/signal-to-url","cell/contract","safety/get-close-proximity","safety/run-test-sequence"],"pubKey":"-----BEGIN PUBLIC KEY-----\nMCowBQYDK2VwAyEA4mP2lUa6Q4yAH85FNSfTUU+Rq1oCaGvLFyp2dkDKnZM=\n-----END PUBLIC KEY-----\n","lastSeen":1770750994873,"lastGossiped":1770750994922,"gossipHopCount":1},"comms":{"addr":"http://localhost:45057","caps":["mesh/ping","mesh/gossip","cell/shutdown","cell/inspect","cell/journal","mesh/directory","mesh/who","mesh/signal-to-url","cell/contract","comms/start-session","comms/chat","comms/get-session","comms/end-session","comms/configure-channel","comms/get-stats"],"pubKey":"-----BEGIN PUBLIC KEY-----\nMCowBQYDK2VwAyEAdiNXn/qJOBL5fH0tuah/hc/ISVp+5Te708r/uZmoWec=\n-----END PUBLIC KEY-----\n","lastSeen":1770750994789,"lastGossiped":1770750994922,"gossipHopCount":1},"architect":{"addr":"http://localhost:34215","caps":["mesh/ping","mesh/gossip","cell/shutdown","cell/inspect","cell/journal","mesh/directory","mesh/who","mesh/signal-to-url","cell/contract","architect/consult"],"pubKey":"-----BEGIN PUBLIC KEY-----\nMCowBQYDK2VwAyEAhonN1hsSQLbFs2Q1Yd1s37d8jD6irniWjp4qofAUt7w=\n-----END PUBLIC KEY-----\n","lastSeen":1770750994777,"lastGossiped":1770750994922,"gossipHopCount":1},"memory":{"addr":"http://localhost:42209","caps":["mesh/ping","mesh/gossip","cell/shutdown","cell/inspect","cell/journal","mesh/directory","mesh/who","mesh/signal-to-url","cell/contract","memory/session/store","memory/session/get","memory/goals/create","memory/goals/list","memory/goals/update","memory/movement/record","memory/movement/timeline","memory/patterns/learn","memory/patterns/match","memory/actions/record","memory/actions/history","memory/temporal/slice","memory/temporal/context"],"pubKey":"-----BEGIN PUBLIC KEY-----\nMCowBQYDK2VwAyEA0JeAeZXHjB+DG7tf5kZy8CHT6QRUDgPFGuL4yPe1r0U=\n-----END PUBLIC KEY-----\n","lastSeen":1770750994697,"lastGossiped":1770750994922,"gossipHopCount":1},"Codegen":{"addr":"http://localhost:40669","caps":["mesh/ping","mesh/gossip","cell/shutdown","cell/inspect","cell/journal","mesh/directory","mesh/who","mesh/signal-to-url","cell/contract","codegen/mesh-types","codegen/poke-ts","codegen/validate","codegen/describe"],"pubKey":"-----BEGIN PUBLIC KEY-----\nMCowBQYDK2VwAyEAe4Q56jBqknNKEovj0S20btAcKzuLvvx7kjf1bism0EM=\n-----END PUBLIC KEY-----\n","lastSeen":1770750994696,"lastGossiped":1770750994922,"gossipHopCount":1},"log":{"addr":"http://localhost:40521","caps":["mesh/ping","mesh/gossip","cell/shutdown","cell/inspect","cell/journal","mesh/directory","mesh/who","mesh/signal-to-url","cell/contract","log/info","log/get"],"pubKey":"-----BEGIN PUBLIC KEY-----\nMCowBQYDK2VwAyEA+8CHnu6ZCfOpoksZIhEChe4GKuaNKyLFcnvf/s+A3AY=\n-----END PUBLIC KEY-----\n","lastSeen":1770750994695,"lastGossiped":1770750994922,"gossipHopCount":1},"ai":{"addr":"http://localhost:38593","caps":["mesh/ping","mesh/gossip","cell/shutdown","cell/inspect","cell/journal","mesh/directory","mesh/who","mesh/signal-to-url","cell/contract","ai/generate","ai/usage","ai/reset-usage"],"pubKey":"-----BEGIN PUBLIC KEY-----\nMCowBQYDK2VwAyEAATRF+OD7veyBSuGpGPJ6oIjtpFVNdRowC4oifOTLyG8=\n-----END PUBLIC KEY-----\n","lastSeen":1770750994690,"lastGossiped":1770750994922,"gossipHopCount":1},"tts-ui":{"addr":"http://localhost:42491","caps":["mesh/ping","mesh/gossip","cell/shutdown","cell/inspect","cell/journal","mesh/directory","mesh/who","mesh/signal-to-url","cell/contract"],"pubKey":"-----BEGIN PUBLIC KEY-----\nMCowBQYDK2VwAyEA/xnbuIrWlgolsOy72aRkt72QxccHQoV9cBypwx5WylU=\n-----END PUBLIC KEY-----\n","lastSeen":1770750994690,"lastGossiped":1770750994922,"gossipHopCount":1},"telemetry":{"addr":"http://localhost:39755","caps":["mesh/ping","mesh/gossip","cell/shutdown","cell/inspect","cell/journal","mesh/directory","mesh/who","mesh/signal-to-url","cell/contract","mesh/health"],"pubKey":"-----BEGIN PUBLIC KEY-----\nMCowBQYDK2VwAyEASYCeZUFGGav/SmeMGOKT9L1BfdOf9/Ew8ALnE1yPTU4=\n-----END PUBLIC KEY-----\n","lastSeen":1770750994689,"lastGossiped":1770750994922,"gossipHopCount":1},"Radar":{"addr":"http://localhost:35615","caps":["mesh/ping","mesh/gossip","cell/shutdown","cell/inspect","cell/journal","mesh/directory","mesh/who","mesh/signal-to-url","cell/contract","sensors/proximity"],"pubKey":"-----BEGIN PUBLIC KEY-----\nMCowBQYDK2VwAyEAFmfc/zkiWDe91sAt1Ohd0/kqxTOzYhbiK2ySOpvtcsw=\n-----END PUBLIC KEY-----\n","lastSeen":1770750994684,"lastGossiped":1770750994922,"gossipHopCount":1},"ai-ui":{"addr":"http://localhost:33611","caps":["mesh/ping","mesh/gossip","cell/shutdown","cell/inspect","cell/journal","mesh/directory","mesh/who","mesh/signal-to-url","cell/contract","simple-ai/session","simple-ai/chat","simple-ai/history","simple-ai/clear","simple-ai/stats"],"pubKey":"-----BEGIN PUBLIC KEY-----\nMCowBQYDK2VwAyEADVm/b+n93P7Q/2oPLXSh981oBtCMyZuu2Nyau4WgBmA=\n-----END PUBLIC KEY-----\n","lastSeen":1770750994684,"lastGossiped":1770750994922,"gossipHopCount":1}}}
[8:18:11 PM] [log] Key fingerprint: d357fde39aa89f77
[8:18:11 PM] [32m[19:18:11.993] [INFO] [log] 📋 Registered 2 capabilities with contracts[0m
[8:18:12 PM] [32m[19:18:12.005] [INFO] [log] Sovereign Cell online @ http://localhost:39671[0m
[8:18:12 PM] [32m[19:18:12.005] [INFO] [log] 🛡️ Type-safe Logger cell initialized[0m
[8:18:12 PM] [32m[19:18:12.005] [INFO] [log] Audit trail: /home/asdfghj/openjaws/log/mesh_audit.log[0m
[8:18:12 PM] [31m[19:18:12.478] [ERROR] [log] [67f7df3b] ❌ RPC_REMOTE_FAIL: [comms/configure-channel] @ http://localhost:44909 | HANDLER_ERR: Input validation failed for comms/configure-channel: Missing required field: channel | Received: {}[0m
[8:18:12 PM] [31m[19:18:12.534] [ERROR] [log] [67f7df3b] ❌ RPC_REMOTE_FAIL: [comms/configure-channel] @ http://localhost:44909 | HANDLER_ERR: Input validation failed for comms/configure-channel: Missing required field: channel | Received: {}[0m
[8:22:32 PM] [log] Key fingerprint: affcff73e6ceb0fb
[8:22:32 PM] [32m[19:22:32.497] [INFO] [log] 📋 Registered 2 capabilities with contracts[0m
[8:22:32 PM] [32m[19:22:32.520] [INFO] [log] Sovereign Cell online @ http://localhost:40587[0m
[8:22:32 PM] [32m[19:22:32.521] [INFO] [log] 🛡️ Type-safe Logger cell initialized[0m
[8:22:32 PM] [32m[19:22:32.521] [INFO] [log] Audit trail: /home/asdfghj/openjaws/log/mesh_audit.log[0m
[8:22:32 PM] [DEBUG log] handleRequest() received, raw.payload.args: {}
[8:22:32 PM] [DEBUG log] rpc() sending to http://localhost:45213, signal.payload.args: {}
[8:22:32 PM] [31m[19:22:32.749] [ERROR] [log] [12a0153f] ❌ RPC_REMOTE_FAIL: [comms/configure-channel] @ http://localhost:45213 | HANDLER_ERR: Input validation failed for comms/configure-channel: Missing required field: channel | Received: {}[0m
[8:22:33 PM] [DEBUG log] rpc() sending to http://localhost:46771, signal.payload.args: {"atlas":{"log":{"id":"log","addr":"http://localhost:40587","caps":["mesh/ping","mesh/gossip","cell/shutdown","cell/inspect","cell/journal","mesh/directory","mesh/who","mesh/signal-to-url","cell/contract","log/info","log/get"],"pubKey":"-----BEGIN PUBLIC KEY-----\nMCowBQYDK2VwAyEAVOAWIwoRJd+AO63Z7OHb95tRGTDgnCL5XS+Rl1OR92s=\n-----END PUBLIC KEY-----\n","lastSeen":1770751353000,"lastGossiped":1770751353000,"gossipHopCount":0},"Lidar":{"addr":"http://localhost:35031","caps":["mesh/ping","mesh/gossip","cell/shutdown","cell/inspect","cell/journal","mesh/directory","mesh/who","mesh/signal-to-url","cell/contract","sensors/proximity"],"pubKey":"-----BEGIN PUBLIC KEY-----\nMCowBQYDK2VwAyEAsM+PN7FhEYt7uxauUHb+lcIrYopNvyzVRMxpIpGcwvo=\n-----END PUBLIC KEY-----\n","lastSeen":1770751352730,"lastGossiped":1770751352730,"gossipHopCount":0},"telemetry":{"addr":"http://localhost:44133","caps":["mesh/ping","mesh/gossip","cell/shutdown","cell/inspect","cell/journal","mesh/directory","mesh/who","mesh/signal-to-url","cell/contract","mesh/health"],"pubKey":"-----BEGIN PUBLIC KEY-----\nMCowBQYDK2VwAyEAj4xUfzwe/8AoNfyBuWQZ/XLtaLsDJwpsz/2WNDYmWgA=\n-----END PUBLIC KEY-----\n","lastSeen":1770751352898,"lastGossiped":1770751352898,"gossipHopCount":0},"Radar":{"addr":"http://localhost:42623","caps":["mesh/ping","mesh/gossip","cell/shutdown","cell/inspect","cell/journal","mesh/directory","mesh/who","mesh/signal-to-url","cell/contract","sensors/proximity"],"pubKey":"-----BEGIN PUBLIC KEY-----\nMCowBQYDK2VwAyEAY20XrSmrNQoIqxcgeDpcAP8v4rtVQ3amehfQ/Wz9nrg=\n-----END PUBLIC KEY-----\n","lastSeen":1770751352717,"lastGossiped":1770751352717,"gossipHopCount":0},"telegram":{"addr":"http://localhost:40491","caps":["mesh/ping","mesh/gossip","cell/shutdown","cell/inspect","cell/journal","mesh/directory","mesh/who","mesh/signal-to-url","cell/contract","telegram/send-message","telegram/get-me","telegram/broadcast"],"pubKey":"-----BEGIN PUBLIC KEY-----\nMCowBQYDK2VwAyEAnVX+L2AHily67tOgtaW2g45sLAZaKpJhIQ2Wah+D8AU=\n-----END PUBLIC KEY-----\n","lastSeen":1770751352730,"lastGossiped":1770751352730,"gossipHopCount":0},"memory":{"addr":"http://localhost:34011","caps":["mesh/ping","mesh/gossip","cell/shutdown","cell/inspect","cell/journal","mesh/directory","mesh/who","mesh/signal-to-url","cell/contract","memory/session/store","memory/session/get","memory/goals/create","memory/goals/list","memory/goals/update","memory/movement/record","memory/movement/timeline","memory/patterns/learn","memory/patterns/match","memory/actions/record","memory/actions/history","memory/temporal/slice","memory/temporal/context"],"pubKey":"-----BEGIN PUBLIC KEY-----\nMCowBQYDK2VwAyEAOLr4WfFE3yp7R999skRls91Aj7h/XCPtYvostYu0hlY=\n-----END PUBLIC KEY-----\n","lastSeen":1770751353000,"lastGossiped":1770751353000,"gossipHopCount":0},"skills":{"addr":"http://localhost:42989","caps":["mesh/ping","mesh/gossip","cell/shutdown","cell/inspect","cell/journal","mesh/directory","mesh/who","mesh/signal-to-url","cell/contract","skills/list","skills/get-context","skills/update-capability","skills/learn-pattern","skills/sync-from-mesh","skills/search"],"pubKey":"-----BEGIN PUBLIC KEY-----\nMCowBQYDK2VwAyEA6GKzXKFmBPa7eHU5eVCP/JoE2IoRhKpEo/KB1gzIBzE=\n-----END PUBLIC KEY-----\n","lastSeen":1770751352734,"lastGossiped":1770751352734,"gossipHopCount":0},"architect":{"addr":"http://localhost:39433","caps":["mesh/ping","mesh/gossip","cell/shutdown","cell/inspect","cell/journal","mesh/directory","mesh/who","mesh/signal-to-url","cell/contract","architect/consult"],"pubKey":"-----BEGIN PUBLIC KEY-----\nMCowBQYDK2VwAyEAzKTCXSB6vufNETYnsDRGLylUSkW2UMuwPqYFeWSzmcE=\n-----END PUBLIC KEY-----\n","lastSeen":1770751352735,"lastGossiped":1770751352735,"gossipHopCount":0},"coder":{"addr":"http://localhost:43911","caps":["mesh/ping","mesh/gossip","cell/shutdown","cell/inspect","cell/journal","mesh/directory","mesh/who","mesh/signal-to-url","cell/contract","coder/develop"],"pubKey":"-----BEGIN PUBLIC KEY-----\nMCowBQYDK2VwAyEAtquQMYRYg9PSvJlWmH5GrYY7TBIoaa9TZ0Hw3/r5Ka8=\n-----END PUBLIC KEY-----\n","lastSeen":1770751352731,"lastGossiped":1770751352731,"gossipHopCount":0},"projects":{"addr":"http://localhost:34851","caps":["mesh/ping","mesh/gossip","cell/shutdown","cell/inspect","cell/journal","mesh/directory","mesh/who","mesh/signal-to-url","cell/contract","projects/write","projects/read","projects/list","projects/exec"],"pubKey":"-----BEGIN PUBLIC KEY-----\nMCowBQYDK2VwAyEAvcgqdioMnf6LdaLG2oStJuJ9Y3GbqzST3Me/CvZR8As=\n-----END PUBLIC KEY-----\n","lastSeen":1770751352946,"lastGossiped":1770751352946,"gossipHopCount":0},"kindly":{"addr":"http://localhost:46771","caps":["mesh/ping","mesh/gossip","cell/shutdown","cell/inspect","cell/journal","mesh/directory","mesh/who","mesh/signal-to-url","cell/contract","kindly/chat","kindly/get-activity"],"pubKey":"-----BEGIN PUBLIC KEY-----\nMCowBQYDK2VwAyEAIS/wWubBnt0AV3wu++rQh6ToYMKZr8HbMDqRBKN2r2U=\n-----END PUBLIC KEY-----\n","lastSeen":1770751352726,"lastGossiped":1770751352726,"gossipHopCount":0},"Orchestrator_208585":{"addr":"http://localhost:41821","caps":["mesh/ping","mesh/gossip","cell/shutdown","cell/inspect","cell/journal","mesh/directory","mesh/who","mesh/signal-to-url","cell/contract"],"pubKey":"-----BEGIN PUBLIC KEY-----\nMCowBQYDK2VwAyEA3Q3NQTLu3q/gsaHGNkVM874sMl5S1Jlp/ZrYpuUYMAM=\n-----END PUBLIC KEY-----\n","lastSeen":1770751352723,"lastGossiped":1770751352723,"gossipHopCount":0},"tts-ui":{"addr":"http://localhost:45157","caps":["mesh/ping","mesh/gossip","cell/shutdown","cell/inspect","cell/journal","mesh/directory","mesh/who","mesh/signal-to-url","cell/contract"],"pubKey":"-----BEGIN PUBLIC KEY-----\nMCowBQYDK2VwAyEAWT5pZwpto+Yl8X93y8H5iwTlGOVxo4/0tk4CoSu4Gjk=\n-----END PUBLIC KEY-----\n","lastSeen":1770751352721,"lastGossiped":1770751352721,"gossipHopCount":0},"tts":{"addr":"http://localhost:44499","caps":["mesh/ping","mesh/gossip","cell/shutdown","cell/inspect","cell/journal","mesh/directory","mesh/who","mesh/signal-to-url","cell/contract","tts/synthesize","tts/status"],"pubKey":"-----BEGIN PUBLIC KEY-----\nMCowBQYDK2VwAyEAJTh6M/txahPnMpgo4f5IA9mM8A6HSs8whzAnh9+8mvc=\n-----END PUBLIC KEY-----\n","lastSeen":1770751352718,"lastGossiped":1770751352718,"gossipHopCount":0},"checklist":{"addr":"http://localhost:38121","caps":["mesh/ping","mesh/gossip","cell/shutdown","cell/inspect","cell/journal","mesh/directory","mesh/who","mesh/signal-to-url","cell/contract","list/get","list/add","list/complete","list/summarize","list/suggest-tasks"],"pubKey":"-----BEGIN PUBLIC KEY-----\nMCowBQYDK2VwAyEAYfSaajiWo0C3zfJoGrPd+wtLj0+z2djp3PsHqxUnumE=\n-----END PUBLIC KEY-----\n","lastSeen":1770751352716,"lastGossiped":1770751352716,"gossipHopCount":0},"Safety":{"addr":"http://localhost:42459","caps":["mesh/ping","mesh/gossip","cell/shutdown","cell/inspect","cell/journal","mesh/directory","mesh/who","mesh/signal-to-url","cell/contract","safety/get-close-proximity","safety/run-test-sequence"],"pubKey":"-----BEGIN PUBLIC KEY-----\nMCowBQYDK2VwAyEAdT5aVzlN7FEp1pnZ5YB3jIuDI+iTm9qU4owwIlGZDKM=\n-----END PUBLIC KEY-----\n","lastSeen":1770751352717,"lastGossiped":1770751352717,"gossipHopCount":0},"ai-ui":{"addr":"http://localhost:41153","caps":["mesh/ping","mesh/gossip","cell/shutdown","cell/inspect","cell/journal","mesh/directory","mesh/who","mesh/signal-to-url","cell/contract","simple-ai/session","simple-ai/chat","simple-ai/history","simple-ai/clear","simple-ai/stats"],"pubKey":"-----BEGIN PUBLIC KEY-----\nMCowBQYDK2VwAyEA1V5agFWAZsfEhl5NWMUbszUNnHTkXOgMMVvL8EMctRg=\n-----END PUBLIC KEY-----\n","lastSeen":1770751352718,"lastGossiped":1770751352718,"gossipHopCount":0},"ai":{"addr":"http://localhost:37077","caps":["mesh/ping","mesh/gossip","cell/shutdown","cell/inspect","cell/journal","mesh/directory","mesh/who","mesh/signal-to-url","cell/contract","ai/generate","ai/usage","ai/reset-usage"],"pubKey":"-----BEGIN PUBLIC KEY-----\nMCowBQYDK2VwAyEAvN64s0U7pOmpoOPZDtFBWOTkBAu8+f0t7ZBjqQe0OEo=\n-----END PUBLIC KEY-----\n","lastSeen":1770751352794,"lastGossiped":1770751352794,"gossipHopCount":0},"comms":{"addr":"http://localhost:45213","caps":["mesh/ping","mesh/gossip","cell/shutdown","cell/inspect","cell/journal","mesh/directory","mesh/who","mesh/signal-to-url","cell/contract","comms/start-session","comms/chat","comms/get-session","comms/end-session","comms/configure-channel","comms/get-stats"],"pubKey":"-----BEGIN PUBLIC KEY-----\nMCowBQYDK2VwAyEAUFu9uXSbfWhjBY7OsDgbfCZQWGYybpRmXqY86/ethQ0=\n-----END PUBLIC KEY-----\n","lastSeen":1770751352723,"lastGossiped":1770751352723,"gossipHopCount":0},"ai-ui-ui":{"addr":"http://localhost:42309","caps":["mesh/ping","mesh/gossip","cell/shutdown","cell/inspect","cell/journal","mesh/directory","mesh/who","mesh/signal-to-url","cell/contract"],"pubKey":"-----BEGIN PUBLIC KEY-----\nMCowBQYDK2VwAyEApPs1DKpuNTD6Kt9RLZ0fOxIOgCdGcp718C9Yo5/Fui0=\n-----END PUBLIC KEY-----\n","lastSeen":1770751352729,"lastGossiped":1770751352729,"gossipHopCount":0},"Codegen":{"addr":"http://localhost:38333","caps":["mesh/ping","mesh/gossip","cell/shutdown","cell/inspect","cell/journal","mesh/directory","mesh/who","mesh/signal-to-url","cell/contract","codegen/mesh-types","codegen/poke-ts","codegen/validate","codegen/describe"],"pubKey":"-----BEGIN PUBLIC KEY-----\nMCowBQYDK2VwAyEAWFSi+1Blw8Ff5q215QW0hNe3UWySC3+NtYe7nC/1X+E=\n-----END PUBLIC KEY-----\n","lastSeen":1770751352731,"lastGossiped":1770751352731,"gossipHopCount":0}}}
[8:22:33 PM] [DEBUG log] rpc() sending to http://localhost:40491, signal.payload.args: {"atlas":{"log":{"id":"log","addr":"http://localhost:40587","caps":["mesh/ping","mesh/gossip","cell/shutdown","cell/inspect","cell/journal","mesh/directory","mesh/who","mesh/signal-to-url","cell/contract","log/info","log/get"],"pubKey":"-----BEGIN PUBLIC KEY-----\nMCowBQYDK2VwAyEAVOAWIwoRJd+AO63Z7OHb95tRGTDgnCL5XS+Rl1OR92s=\n-----END PUBLIC KEY-----\n","lastSeen":1770751353000,"lastGossiped":1770751353000,"gossipHopCount":0},"Lidar":{"addr":"http://localhost:35031","caps":["mesh/ping","mesh/gossip","cell/shutdown","cell/inspect","cell/journal","mesh/directory","mesh/who","mesh/signal-to-url","cell/contract","sensors/proximity"],"pubKey":"-----BEGIN PUBLIC KEY-----\nMCowBQYDK2VwAyEAsM+PN7FhEYt7uxauUHb+lcIrYopNvyzVRMxpIpGcwvo=\n-----END PUBLIC KEY-----\n","lastSeen":1770751352730,"lastGossiped":1770751352730,"gossipHopCount":0},"telemetry":{"addr":"http://localhost:44133","caps":["mesh/ping","mesh/gossip","cell/shutdown","cell/inspect","cell/journal","mesh/directory","mesh/who","mesh/signal-to-url","cell/contract","mesh/health"],"pubKey":"-----BEGIN PUBLIC KEY-----\nMCowBQYDK2VwAyEAj4xUfzwe/8AoNfyBuWQZ/XLtaLsDJwpsz/2WNDYmWgA=\n-----END PUBLIC KEY-----\n","lastSeen":1770751352898,"lastGossiped":1770751352898,"gossipHopCount":0},"Radar":{"addr":"http://localhost:42623","caps":["mesh/ping","mesh/gossip","cell/shutdown","cell/inspect","cell/journal","mesh/directory","mesh/who","mesh/signal-to-url","cell/contract","sensors/proximity"],"pubKey":"-----BEGIN PUBLIC KEY-----\nMCowBQYDK2VwAyEAY20XrSmrNQoIqxcgeDpcAP8v4rtVQ3amehfQ/Wz9nrg=\n-----END PUBLIC KEY-----\n","lastSeen":1770751352717,"lastGossiped":1770751352717,"gossipHopCount":0},"telegram":{"addr":"http://localhost:40491","caps":["mesh/ping","mesh/gossip","cell/shutdown","cell/inspect","cell/journal","mesh/directory","mesh/who","mesh/signal-to-url","cell/contract","telegram/send-message","telegram/get-me","telegram/broadcast"],"pubKey":"-----BEGIN PUBLIC KEY-----\nMCowBQYDK2VwAyEAnVX+L2AHily67tOgtaW2g45sLAZaKpJhIQ2Wah+D8AU=\n-----END PUBLIC KEY-----\n","lastSeen":1770751352730,"lastGossiped":1770751352730,"gossipHopCount":0},"memory":{"addr":"http://localhost:34011","caps":["mesh/ping","mesh/gossip","cell/shutdown","cell/inspect","cell/journal","mesh/directory","mesh/who","mesh/signal-to-url","cell/contract","memory/session/store","memory/session/get","memory/goals/create","memory/goals/list","memory/goals/update","memory/movement/record","memory/movement/timeline","memory/patterns/learn","memory/patterns/match","memory/actions/record","memory/actions/history","memory/temporal/slice","memory/temporal/context"],"pubKey":"-----BEGIN PUBLIC KEY-----\nMCowBQYDK2VwAyEAOLr4WfFE3yp7R999skRls91Aj7h/XCPtYvostYu0hlY=\n-----END PUBLIC KEY-----\n","lastSeen":1770751353000,"lastGossiped":1770751353000,"gossipHopCount":0},"skills":{"addr":"http://localhost:42989","caps":["mesh/ping","mesh/gossip","cell/shutdown","cell/inspect","cell/journal","mesh/directory","mesh/who","mesh/signal-to-url","cell/contract","skills/list","skills/get-context","skills/update-capability","skills/learn-pattern","skills/sync-from-mesh","skills/search"],"pubKey":"-----BEGIN PUBLIC KEY-----\nMCowBQYDK2VwAyEA6GKzXKFmBPa7eHU5eVCP/JoE2IoRhKpEo/KB1gzIBzE=\n-----END PUBLIC KEY-----\n","lastSeen":1770751352734,"lastGossiped":1770751352734,"gossipHopCount":0},"architect":{"addr":"http://localhost:39433","caps":["mesh/ping","mesh/gossip","cell/shutdown","cell/inspect","cell/journal","mesh/directory","mesh/who","mesh/signal-to-url","cell/contract","architect/consult"],"pubKey":"-----BEGIN PUBLIC KEY-----\nMCowBQYDK2VwAyEAzKTCXSB6vufNETYnsDRGLylUSkW2UMuwPqYFeWSzmcE=\n-----END PUBLIC KEY-----\n","lastSeen":1770751352735,"lastGossiped":1770751352735,"gossipHopCount":0},"coder":{"addr":"http://localhost:43911","caps":["mesh/ping","mesh/gossip","cell/shutdown","cell/inspect","cell/journal","mesh/directory","mesh/who","mesh/signal-to-url","cell/contract","coder/develop"],"pubKey":"-----BEGIN PUBLIC KEY-----\nMCowBQYDK2VwAyEAtquQMYRYg9PSvJlWmH5GrYY7TBIoaa9TZ0Hw3/r5Ka8=\n-----END PUBLIC KEY-----\n","lastSeen":1770751352731,"lastGossiped":1770751352731,"gossipHopCount":0},"projects":{"addr":"http://localhost:34851","caps":["mesh/ping","mesh/gossip","cell/shutdown","cell/inspect","cell/journal","mesh/directory","mesh/who","mesh/signal-to-url","cell/contract","projects/write","projects/read","projects/list","projects/exec"],"pubKey":"-----BEGIN PUBLIC KEY-----\nMCowBQYDK2VwAyEAvcgqdioMnf6LdaLG2oStJuJ9Y3GbqzST3Me/CvZR8As=\n-----END PUBLIC KEY-----\n","lastSeen":1770751352946,"lastGossiped":1770751352946,"gossipHopCount":0},"kindly":{"addr":"http://localhost:46771","caps":["mesh/ping","mesh/gossip","cell/shutdown","cell/inspect","cell/journal","mesh/directory","mesh/who","mesh/signal-to-url","cell/contract","kindly/chat","kindly/get-activity"],"pubKey":"-----BEGIN PUBLIC KEY-----\nMCowBQYDK2VwAyEAIS/wWubBnt0AV3wu++rQh6ToYMKZr8HbMDqRBKN2r2U=\n-----END PUBLIC KEY-----\n","lastSeen":1770751352726,"lastGossiped":1770751352726,"gossipHopCount":0},"Orchestrator_208585":{"addr":"http://localhost:41821","caps":["mesh/ping","mesh/gossip","cell/shutdown","cell/inspect","cell/journal","mesh/directory","mesh/who","mesh/signal-to-url","cell/contract"],"pubKey":"-----BEGIN PUBLIC KEY-----\nMCowBQYDK2VwAyEA3Q3NQTLu3q/gsaHGNkVM874sMl5S1Jlp/ZrYpuUYMAM=\n-----END PUBLIC KEY-----\n","lastSeen":1770751352723,"lastGossiped":1770751352723,"gossipHopCount":0},"tts-ui":{"addr":"http://localhost:45157","caps":["mesh/ping","mesh/gossip","cell/shutdown","cell/inspect","cell/journal","mesh/directory","mesh/who","mesh/signal-to-url","cell/contract"],"pubKey":"-----BEGIN PUBLIC KEY-----\nMCowBQYDK2VwAyEAWT5pZwpto+Yl8X93y8H5iwTlGOVxo4/0tk4CoSu4Gjk=\n-----END PUBLIC KEY-----\n","lastSeen":1770751352721,"lastGossiped":1770751352721,"gossipHopCount":0},"tts":{"addr":"http://localhost:44499","caps":["mesh/ping","mesh/gossip","cell/shutdown","cell/inspect","cell/journal","mesh/directory","mesh/who","mesh/signal-to-url","cell/contract","tts/synthesize","tts/status"],"pubKey":"-----BEGIN PUBLIC KEY-----\nMCowBQYDK2VwAyEAJTh6M/txahPnMpgo4f5IA9mM8A6HSs8whzAnh9+8mvc=\n-----END PUBLIC KEY-----\n","lastSeen":1770751352718,"lastGossiped":1770751352718,"gossipHopCount":0},"checklist":{"addr":"http://localhost:38121","caps":["mesh/ping","mesh/gossip","cell/shutdown","cell/inspect","cell/journal","mesh/directory","mesh/who","mesh/signal-to-url","cell/contract","list/get","list/add","list/complete","list/summarize","list/suggest-tasks"],"pubKey":"-----BEGIN PUBLIC KEY-----\nMCowBQYDK2VwAyEAYfSaajiWo0C3zfJoGrPd+wtLj0+z2djp3PsHqxUnumE=\n-----END PUBLIC KEY-----\n","lastSeen":1770751352716,"lastGossiped":1770751352716,"gossipHopCount":0},"Safety":{"addr":"http://localhost:42459","caps":["mesh/ping","mesh/gossip","cell/shutdown","cell/inspect","cell/journal","mesh/directory","mesh/who","mesh/signal-to-url","cell/contract","safety/get-close-proximity","safety/run-test-sequence"],"pubKey":"-----BEGIN PUBLIC KEY-----\nMCowBQYDK2VwAyEAdT5aVzlN7FEp1pnZ5YB3jIuDI+iTm9qU4owwIlGZDKM=\n-----END PUBLIC KEY-----\n","lastSeen":1770751352717,"lastGossiped":1770751352717,"gossipHopCount":0},"ai-ui":{"addr":"http://localhost:41153","caps":["mesh/ping","mesh/gossip","cell/shutdown","cell/inspect","cell/journal","mesh/directory","mesh/who","mesh/signal-to-url","cell/contract","simple-ai/session","simple-ai/chat","simple-ai/history","simple-ai/clear","simple-ai/stats"],"pubKey":"-----BEGIN PUBLIC KEY-----\nMCowBQYDK2VwAyEA1V5agFWAZsfEhl5NWMUbszUNnHTkXOgMMVvL8EMctRg=\n-----END PUBLIC KEY-----\n","lastSeen":1770751352718,"lastGossiped":1770751352718,"gossipHopCount":0},"ai":{"addr":"http://localhost:37077","caps":["mesh/ping","mesh/gossip","cell/shutdown","cell/inspect","cell/journal","mesh/directory","mesh/who","mesh/signal-to-url","cell/contract","ai/generate","ai/usage","ai/reset-usage"],"pubKey":"-----BEGIN PUBLIC KEY-----\nMCowBQYDK2VwAyEAvN64s0U7pOmpoOPZDtFBWOTkBAu8+f0t7ZBjqQe0OEo=\n-----END PUBLIC KEY-----\n","lastSeen":1770751352794,"lastGossiped":1770751352794,"gossipHopCount":0},"comms":{"addr":"http://localhost:45213","caps":["mesh/ping","mesh/gossip","cell/shutdown","cell/inspect","cell/journal","mesh/directory","mesh/who","mesh/signal-to-url","cell/contract","comms/start-session","comms/chat","comms/get-session","comms/end-session","comms/configure-channel","comms/get-stats"],"pubKey":"-----BEGIN PUBLIC KEY-----\nMCowBQYDK2VwAyEAUFu9uXSbfWhjBY7OsDgbfCZQWGYybpRmXqY86/ethQ0=\n-----END PUBLIC KEY-----\n","lastSeen":1770751352723,"lastGossiped":1770751352723,"gossipHopCount":0},"ai-ui-ui":{"addr":"http://localhost:42309","caps":["mesh/ping","mesh/gossip","cell/shutdown","cell/inspect","cell/journal","mesh/directory","mesh/who","mesh/signal-to-url","cell/contract"],"pubKey":"-----BEGIN PUBLIC KEY-----\nMCowBQYDK2VwAyEApPs1DKpuNTD6Kt9RLZ0fOxIOgCdGcp718C9Yo5/Fui0=\n-----END PUBLIC KEY-----\n","lastSeen":1770751352729,"lastGossiped":1770751352729,"gossipHopCount":0},"Codegen":{"addr":"http://localhost:38333","caps":["mesh/ping","mesh/gossip","cell/shutdown","cell/inspect","cell/journal","mesh/directory","mesh/who","mesh/signal-to-url","cell/contract","codegen/mesh-types","codegen/poke-ts","codegen/validate","codegen/describe"],"pubKey":"-----BEGIN PUBLIC KEY-----\nMCowBQYDK2VwAyEAWFSi+1Blw8Ff5q215QW0hNe3UWySC3+NtYe7nC/1X+E=\n-----END PUBLIC KEY-----\n","lastSeen":1770751352731,"lastGossiped":1770751352731,"gossipHopCount":0}}}
[8:22:33 PM] [DEBUG log] handleRequest() received, raw.payload.args: {"atlas":{"ai":{"id":"ai","addr":"http://localhost:37077","caps":["mesh/ping","mesh/gossip","cell/shutdown","cell/inspect","cell/journal","mesh/directory","mesh/who","mesh/signal-to-url","cell/contract","ai/generate","ai/usage","ai/reset-usage"],"pubKey":"-----BEGIN PUBLIC KEY-----\nMCowBQYDK2VwAyEAvN64s0U7pOmpoOPZDtFBWOTkBAu8+f0t7ZBjqQe0OEo=\n-----END PUBLIC KEY-----\n","lastSeen":1770751353031,"lastGossiped":1770751353031,"gossipHopCount":0},"checklist":{"addr":"http://localhost:38121","caps":["mesh/ping","mesh/gossip","cell/shutdown","cell/inspect","cell/journal","mesh/directory","mesh/who","mesh/signal-to-url","cell/contract","list/get","list/add","list/complete","list/summarize","list/suggest-tasks"],"pubKey":"-----BEGIN PUBLIC KEY-----\nMCowBQYDK2VwAyEAYfSaajiWo0C3zfJoGrPd+wtLj0+z2djp3PsHqxUnumE=\n-----END PUBLIC KEY-----\n","lastSeen":1770751352979,"lastGossiped":1770751353019,"gossipHopCount":1},"log":{"addr":"http://localhost:40587","caps":["mesh/ping","mesh/gossip","cell/shutdown","cell/inspect","cell/journal","mesh/directory","mesh/who","mesh/signal-to-url","cell/contract","log/info","log/get"],"pubKey":"-----BEGIN PUBLIC KEY-----\nMCowBQYDK2VwAyEAVOAWIwoRJd+AO63Z7OHb95tRGTDgnCL5XS+Rl1OR92s=\n-----END PUBLIC KEY-----\n","lastSeen":1770751352722,"lastGossiped":1770751352722,"gossipHopCount":0},"Radar":{"addr":"http://localhost:42623","caps":["mesh/ping","mesh/gossip","cell/shutdown","cell/inspect","cell/journal","mesh/directory","mesh/who","mesh/signal-to-url","cell/contract","sensors/proximity"],"pubKey":"-----BEGIN PUBLIC KEY-----\nMCowBQYDK2VwAyEAY20XrSmrNQoIqxcgeDpcAP8v4rtVQ3amehfQ/Wz9nrg=\n-----END PUBLIC KEY-----\n","lastSeen":1770751352628,"lastGossiped":1770751353019,"gossipHopCount":1},"Orchestrator_208585":{"addr":"http://localhost:41821","caps":["mesh/ping","mesh/gossip","cell/shutdown","cell/inspect","cell/journal","mesh/directory","mesh/who","mesh/signal-to-url","cell/contract"],"pubKey":"-----BEGIN PUBLIC KEY-----\nMCowBQYDK2VwAyEA3Q3NQTLu3q/gsaHGNkVM874sMl5S1Jlp/ZrYpuUYMAM=\n-----END PUBLIC KEY-----\n","lastSeen":1770751352629,"lastGossiped":1770751352629,"gossipHopCount":0},"memory":{"addr":"http://localhost:34011","caps":["mesh/ping","mesh/gossip","cell/shutdown","cell/inspect","cell/journal","mesh/directory","mesh/who","mesh/signal-to-url","cell/contract","memory/session/store","memory/session/get","memory/goals/create","memory/goals/list","memory/goals/update","memory/movement/record","memory/movement/timeline","memory/patterns/learn","memory/patterns/match","memory/actions/record","memory/actions/history","memory/temporal/slice","memory/temporal/context"],"pubKey":"-----BEGIN PUBLIC KEY-----\nMCowBQYDK2VwAyEAOLr4WfFE3yp7R999skRls91Aj7h/XCPtYvostYu0hlY=\n-----END PUBLIC KEY-----\n","lastSeen":1770751353000,"lastGossiped":1770751353019,"gossipHopCount":2},"tts":{"addr":"http://localhost:44499","caps":["mesh/ping","mesh/gossip","cell/shutdown","cell/inspect","cell/journal","mesh/directory","mesh/who","mesh/signal-to-url","cell/contract","tts/synthesize","tts/status"],"pubKey":"-----BEGIN PUBLIC KEY-----\nMCowBQYDK2VwAyEAJTh6M/txahPnMpgo4f5IA9mM8A6HSs8whzAnh9+8mvc=\n-----END PUBLIC KEY-----\n","lastSeen":1770751352749,"lastGossiped":1770751353019,"gossipHopCount":2},"projects":{"addr":"http://localhost:34851","caps":["mesh/ping","mesh/gossip","cell/shutdown","cell/inspect","cell/journal","mesh/directory","mesh/who","mesh/signal-to-url","cell/contract","projects/write","projects/read","projects/list","projects/exec"],"pubKey":"-----BEGIN PUBLIC KEY-----\nMCowBQYDK2VwAyEAvcgqdioMnf6LdaLG2oStJuJ9Y3GbqzST3Me/CvZR8As=\n-----END PUBLIC KEY-----\n","lastSeen":1770751352947,"lastGossiped":1770751353019,"gossipHopCount":1},"telegram":{"addr":"http://localhost:40491","caps":["mesh/ping","mesh/gossip","cell/shutdown","cell/inspect","cell/journal","mesh/directory","mesh/who","mesh/signal-to-url","cell/contract","telegram/send-message","telegram/get-me","telegram/broadcast"],"pubKey":"-----BEGIN PUBLIC KEY-----\nMCowBQYDK2VwAyEAnVX+L2AHily67tOgtaW2g45sLAZaKpJhIQ2Wah+D8AU=\n-----END PUBLIC KEY-----\n","lastSeen":1770751352979,"lastGossiped":1770751353019,"gossipHopCount":1},"architect":{"addr":"http://localhost:39433","caps":["mesh/ping","mesh/gossip","cell/shutdown","cell/inspect","cell/journal","mesh/directory","mesh/who","mesh/signal-to-url","cell/contract","architect/consult"],"pubKey":"-----BEGIN PUBLIC KEY-----\nMCowBQYDK2VwAyEAzKTCXSB6vufNETYnsDRGLylUSkW2UMuwPqYFeWSzmcE=\n-----END PUBLIC KEY-----\n","lastSeen":1770751353030,"lastGossiped":1770751353030,"gossipHopCount":0},"ai-ui":{"addr":"http://localhost:41153","caps":["mesh/ping","mesh/gossip","cell/shutdown","cell/inspect","cell/journal","mesh/directory","mesh/who","mesh/signal-to-url","cell/contract","simple-ai/session","simple-ai/chat","simple-ai/history","simple-ai/clear","simple-ai/stats"],"pubKey":"-----BEGIN PUBLIC KEY-----\nMCowBQYDK2VwAyEA1V5agFWAZsfEhl5NWMUbszUNnHTkXOgMMVvL8EMctRg=\n-----END PUBLIC KEY-----\n","lastSeen":1770751353031,"lastGossiped":1770751353031,"gossipHopCount":0},"comms":{"addr":"http://localhost:45213","caps":["mesh/ping","mesh/gossip","cell/shutdown","cell/inspect","cell/journal","mesh/directory","mesh/who","mesh/signal-to-url","cell/contract","comms/start-session","comms/chat","comms/get-session","comms/end-session","comms/configure-channel","comms/get-stats"],"pubKey":"-----BEGIN PUBLIC KEY-----\nMCowBQYDK2VwAyEAUFu9uXSbfWhjBY7OsDgbfCZQWGYybpRmXqY86/ethQ0=\n-----END PUBLIC KEY-----\n","lastSeen":1770751352749,"lastGossiped":1770751353019,"gossipHopCount":2},"Lidar":{"addr":"http://localhost:35031","caps":["mesh/ping","mesh/gossip","cell/shutdown","cell/inspect","cell/journal","mesh/directory","mesh/who","mesh/signal-to-url","cell/contract","sensors/proximity"],"pubKey":"-----BEGIN PUBLIC KEY-----\nMCowBQYDK2VwAyEAsM+PN7FhEYt7uxauUHb+lcIrYopNvyzVRMxpIpGcwvo=\n-----END PUBLIC KEY-----\n","lastSeen":1770751352686,"lastGossiped":1770751353019,"gossipHopCount":2},"tts-ui":{"addr":"http://localhost:45157","caps":["mesh/ping","mesh/gossip","cell/shutdown","cell/inspect","cell/journal","mesh/directory","mesh/who","mesh/signal-to-url","cell/contract"],"pubKey":"-----BEGIN PUBLIC KEY-----\nMCowBQYDK2VwAyEAWT5pZwpto+Yl8X93y8H5iwTlGOVxo4/0tk4CoSu4Gjk=\n-----END PUBLIC KEY-----\n","lastSeen":1770751352848,"lastGossiped":1770751353019,"gossipHopCount":1}}}
[8:22:33 PM] [DEBUG log] Handler found for mesh/gossip, args: {"atlas":{"ai":{"id":"ai","addr":"http://localhost:37077","caps":["mesh/ping","mesh/gossip","cell/shutdown","cell/inspect","cell/journal","mesh/directory","mesh/who","mesh/signal-to-url","cell/contract","ai/generate","ai/usage","ai/reset-usage"],"pubKey":"-----BEGIN PUBLIC KEY-----\nMCowBQYDK2VwAyEAvN64s0U7pOmpoOPZDtFBWOTkBAu8+f0t7ZBjqQe0OEo=\n-----END PUBLIC KEY-----\n","lastSeen":1770751353031,"lastGossiped":1770751353031,"gossipHopCount":0},"checklist":{"addr":"http://localhost:38121","caps":["mesh/ping","mesh/gossip","cell/shutdown","cell/inspect","cell/journal","mesh/directory","mesh/who","mesh/signal-to-url","cell/contract","list/get","list/add","list/complete","list/summarize","list/suggest-tasks"],"pubKey":"-----BEGIN PUBLIC KEY-----\nMCowBQYDK2VwAyEAYfSaajiWo0C3zfJoGrPd+wtLj0+z2djp3PsHqxUnumE=\n-----END PUBLIC KEY-----\n","lastSeen":1770751352979,"lastGossiped":1770751353019,"gossipHopCount":1},"log":{"addr":"http://localhost:40587","caps":["mesh/ping","mesh/gossip","cell/shutdown","cell/inspect","cell/journal","mesh/directory","mesh/who","mesh/signal-to-url","cell/contract","log/info","log/get"],"pubKey":"-----BEGIN PUBLIC KEY-----\nMCowBQYDK2VwAyEAVOAWIwoRJd+AO63Z7OHb95tRGTDgnCL5XS+Rl1OR92s=\n-----END PUBLIC KEY-----\n","lastSeen":1770751352722,"lastGossiped":1770751352722,"gossipHopCount":0},"Radar":{"addr":"http://localhost:42623","caps":["mesh/ping","mesh/gossip","cell/shutdown","cell/inspect","cell/journal","mesh/directory","mesh/who","mesh/signal-to-url","cell/contract","sensors/proximity"],"pubKey":"-----BEGIN PUBLIC KEY-----\nMCowBQYDK2VwAyEAY20XrSmrNQoIqxcgeDpcAP8v4rtVQ3amehfQ/Wz9nrg=\n-----END PUBLIC KEY-----\n","lastSeen":1770751352628,"lastGossiped":1770751353019,"gossipHopCount":1},"Orchestrator_208585":{"addr":"http://localhost:41821","caps":["mesh/ping","mesh/gossip","cell/shutdown","cell/inspect","cell/journal","mesh/directory","mesh/who","mesh/signal-to-url","cell/contract"],"pubKey":"-----BEGIN PUBLIC KEY-----\nMCowBQYDK2VwAyEA3Q3NQTLu3q/gsaHGNkVM874sMl5S1Jlp/ZrYpuUYMAM=\n-----END PUBLIC KEY-----\n","lastSeen":1770751352629,"lastGossiped":1770751352629,"gossipHopCount":0},"memory":{"addr":"http://localhost:34011","caps":["mesh/ping","mesh/gossip","cell/shutdown","cell/inspect","cell/journal","mesh/directory","mesh/who","mesh/signal-to-url","cell/contract","memory/session/store","memory/session/get","memory/goals/create","memory/goals/list","memory/goals/update","memory/movement/record","memory/movement/timeline","memory/patterns/learn","memory/patterns/match","memory/actions/record","memory/actions/history","memory/temporal/slice","memory/temporal/context"],"pubKey":"-----BEGIN PUBLIC KEY-----\nMCowBQYDK2VwAyEAOLr4WfFE3yp7R999skRls91Aj7h/XCPtYvostYu0hlY=\n-----END PUBLIC KEY-----\n","lastSeen":1770751353000,"lastGossiped":1770751353019,"gossipHopCount":2},"tts":{"addr":"http://localhost:44499","caps":["mesh/ping","mesh/gossip","cell/shutdown","cell/inspect","cell/journal","mesh/directory","mesh/who","mesh/signal-to-url","cell/contract","tts/synthesize","tts/status"],"pubKey":"-----BEGIN PUBLIC KEY-----\nMCowBQYDK2VwAyEAJTh6M/txahPnMpgo4f5IA9mM8A6HSs8whzAnh9+8mvc=\n-----END PUBLIC KEY-----\n","lastSeen":1770751352749,"lastGossiped":1770751353019,"gossipHopCount":2},"projects":{"addr":"http://localhost:34851","caps":["mesh/ping","mesh/gossip","cell/shutdown","cell/inspect","cell/journal","mesh/directory","mesh/who","mesh/signal-to-url","cell/contract","projects/write","projects/read","projects/list","projects/exec"],"pubKey":"-----BEGIN PUBLIC KEY-----\nMCowBQYDK2VwAyEAvcgqdioMnf6LdaLG2oStJuJ9Y3GbqzST3Me/CvZR8As=\n-----END PUBLIC KEY-----\n","lastSeen":1770751352947,"lastGossiped":1770751353019,"gossipHopCount":1},"telegram":{"addr":"http://localhost:40491","caps":["mesh/ping","mesh/gossip","cell/shutdown","cell/inspect","cell/journal","mesh/directory","mesh/who","mesh/signal-to-url","cell/contract","telegram/send-message","telegram/get-me","telegram/broadcast"],"pubKey":"-----BEGIN PUBLIC KEY-----\nMCowBQYDK2VwAyEAnVX+L2AHily67tOgtaW2g45sLAZaKpJhIQ2Wah+D8AU=\n-----END PUBLIC KEY-----\n","lastSeen":1770751352979,"lastGossiped":1770751353019,"gossipHopCount":1},"architect":{"addr":"http://localhost:39433","caps":["mesh/ping","mesh/gossip","cell/shutdown","cell/inspect","cell/journal","mesh/directory","mesh/who","mesh/signal-to-url","cell/contract","architect/consult"],"pubKey":"-----BEGIN PUBLIC KEY-----\nMCowBQYDK2VwAyEAzKTCXSB6vufNETYnsDRGLylUSkW2UMuwPqYFeWSzmcE=\n-----END PUBLIC KEY-----\n","lastSeen":1770751353030,"lastGossiped":1770751353030,"gossipHopCount":0},"ai-ui":{"addr":"http://localhost:41153","caps":["mesh/ping","mesh/gossip","cell/shutdown","cell/inspect","cell/journal","mesh/directory","mesh/who","mesh/signal-to-url","cell/contract","simple-ai/session","simple-ai/chat","simple-ai/history","simple-ai/clear","simple-ai/stats"],"pubKey":"-----BEGIN PUBLIC KEY-----\nMCowBQYDK2VwAyEA1V5agFWAZsfEhl5NWMUbszUNnHTkXOgMMVvL8EMctRg=\n-----END PUBLIC KEY-----\n","lastSeen":1770751353031,"lastGossiped":1770751353031,"gossipHopCount":0},"comms":{"addr":"http://localhost:45213","caps":["mesh/ping","mesh/gossip","cell/shutdown","cell/inspect","cell/journal","mesh/directory","mesh/who","mesh/signal-to-url","cell/contract","comms/start-session","comms/chat","comms/get-session","comms/end-session","comms/configure-channel","comms/get-stats"],"pubKey":"-----BEGIN PUBLIC KEY-----\nMCowBQYDK2VwAyEAUFu9uXSbfWhjBY7OsDgbfCZQWGYybpRmXqY86/ethQ0=\n-----END PUBLIC KEY-----\n","lastSeen":1770751352749,"lastGossiped":1770751353019,"gossipHopCount":2},"Lidar":{"addr":"http://localhost:35031","caps":["mesh/ping","mesh/gossip","cell/shutdown","cell/inspect","cell/journal","mesh/directory","mesh/who","mesh/signal-to-url","cell/contract","sensors/proximity"],"pubKey":"-----BEGIN PUBLIC KEY-----\nMCowBQYDK2VwAyEAsM+PN7FhEYt7uxauUHb+lcIrYopNvyzVRMxpIpGcwvo=\n-----END PUBLIC KEY-----\n","lastSeen":1770751352686,"lastGossiped":1770751353019,"gossipHopCount":2},"tts-ui":{"addr":"http://localhost:45157","caps":["mesh/ping","mesh/gossip","cell/shutdown","cell/inspect","cell/journal","mesh/directory","mesh/who","mesh/signal-to-url","cell/contract"],"pubKey":"-----BEGIN PUBLIC KEY-----\nMCowBQYDK2VwAyEAWT5pZwpto+Yl8X93y8H5iwTlGOVxo4/0tk4CoSu4Gjk=\n-----END PUBLIC KEY-----\n","lastSeen":1770751352848,"lastGossiped":1770751353019,"gossipHopCount":1}}}
[8:22:34 PM] [DEBUG log] handleRequest() received, raw.payload.args: {}
[8:22:34 PM] [DEBUG log] rpc() sending to http://localhost:45213, signal.payload.args: {}
[8:22:34 PM] [31m[19:22:34.453] [ERROR] [log] [ff4efe2c] ❌ RPC_REMOTE_FAIL: [comms/configure-channel] @ http://localhost:45213 | HANDLER_ERR: Input validation failed for comms/configure-channel: Missing required field: channel | Received: {}[0m
[8:22:34 PM] [DEBUG log] rpc() sending to http://localhost:45213, signal.payload.args: {}
[8:22:34 PM] [31m[19:22:34.476] [ERROR] [log] [ff4efe2c] ❌ RPC_REMOTE_FAIL: [comms/configure-channel] @ http://localhost:45213 | HANDLER_ERR: Input validation failed for comms/configure-channel: Missing required field: channel | Received: {}[0m
[8:25:54 PM] [log] Key fingerprint: 649e6a6287e824ba
[8:25:54 PM] [32m[19:25:54.354] [INFO] [log] 📋 Registered 2 capabilities with contracts[0m
[8:25:54 PM] [32m[19:25:54.361] [INFO] [log] Sovereign Cell online @ http://localhost:37511[0m
[8:25:54 PM] [32m[19:25:54.361] [INFO] [log] 🛡️ Type-safe Logger cell initialized[0m
[8:25:54 PM] [32m[19:25:54.362] [INFO] [log] Audit trail: /home/asdfghj/openjaws/log/mesh_audit.log[0m
[8:25:54 PM] [DEBUG log] rpc() sending to http://localhost:33231, signal.payload.args: {"atlas":{"log":{"id":"log","addr":"http://localhost:37511","caps":["mesh/ping","mesh/gossip","cell/shutdown","cell/inspect","cell/journal","mesh/directory","mesh/who","mesh/signal-to-url","cell/contract","log/info","log/get"],"pubKey":"-----BEGIN PUBLIC KEY-----\nMCowBQYDK2VwAyEADyVfbC9OTFCXLvJGBF55CA01yneHo63Zf1DeswbNyt8=\n-----END PUBLIC KEY-----\n","lastSeen":1770751554838,"lastGossiped":1770751554838,"gossipHopCount":0},"Radar":{"addr":"http://localhost:34599","caps":["mesh/ping","mesh/gossip","cell/shutdown","cell/inspect","cell/journal","mesh/directory","mesh/who","mesh/signal-to-url","cell/contract","sensors/proximity"],"pubKey":"-----BEGIN PUBLIC KEY-----\nMCowBQYDK2VwAyEAd5cftx2fQjaj3KY7nfmeiiV2ZGulbgQLK+KTZQjGRe8=\n-----END PUBLIC KEY-----\n","lastSeen":1770751554372,"lastGossiped":1770751554372,"gossipHopCount":0},"ai-ui-ui":{"addr":"http://localhost:33231","caps":["mesh/ping","mesh/gossip","cell/shutdown","cell/inspect","cell/journal","mesh/directory","mesh/who","mesh/signal-to-url","cell/contract"],"pubKey":"-----BEGIN PUBLIC KEY-----\nMCowBQYDK2VwAyEAeuv4eDmn7tVrvuoF9gI6q0SN5wOcBKgZ/nLwsmFS+Gw=\n-----END PUBLIC KEY-----\n","lastSeen":1770751554373,"lastGossiped":1770751554373,"gossipHopCount":0},"comms":{"addr":"http://localhost:46657","caps":["mesh/ping","mesh/gossip","cell/shutdown","cell/inspect","cell/journal","mesh/directory","mesh/who","mesh/signal-to-url","cell/contract","comms/start-session","comms/chat","comms/get-session","comms/end-session","comms/configure-channel","comms/get-stats"],"pubKey":"-----BEGIN PUBLIC KEY-----\nMCowBQYDK2VwAyEAKXCsZzwchP9yBoEbmFb2mjqX0hRlO8Hx3kceNg+SKxs=\n-----END PUBLIC KEY-----\n","lastSeen":1770751554838,"lastGossiped":1770751554838,"gossipHopCount":0}}}
[8:25:54 PM] [DEBUG log] rpc() sending to http://localhost:34599, signal.payload.args: {"atlas":{"log":{"id":"log","addr":"http://localhost:37511","caps":["mesh/ping","mesh/gossip","cell/shutdown","cell/inspect","cell/journal","mesh/directory","mesh/who","mesh/signal-to-url","cell/contract","log/info","log/get"],"pubKey":"-----BEGIN PUBLIC KEY-----\nMCowBQYDK2VwAyEADyVfbC9OTFCXLvJGBF55CA01yneHo63Zf1DeswbNyt8=\n-----END PUBLIC KEY-----\n","lastSeen":1770751554838,"lastGossiped":1770751554838,"gossipHopCount":0},"Radar":{"addr":"http://localhost:34599","caps":["mesh/ping","mesh/gossip","cell/shutdown","cell/inspect","cell/journal","mesh/directory","mesh/who","mesh/signal-to-url","cell/contract","sensors/proximity"],"pubKey":"-----BEGIN PUBLIC KEY-----\nMCowBQYDK2VwAyEAd5cftx2fQjaj3KY7nfmeiiV2ZGulbgQLK+KTZQjGRe8=\n-----END PUBLIC KEY-----\n","lastSeen":1770751554372,"lastGossiped":1770751554372,"gossipHopCount":0},"ai-ui-ui":{"addr":"http://localhost:33231","caps":["mesh/ping","mesh/gossip","cell/shutdown","cell/inspect","cell/journal","mesh/directory","mesh/who","mesh/signal-to-url","cell/contract"],"pubKey":"-----BEGIN PUBLIC KEY-----\nMCowBQYDK2VwAyEAeuv4eDmn7tVrvuoF9gI6q0SN5wOcBKgZ/nLwsmFS+Gw=\n-----END PUBLIC KEY-----\n","lastSeen":1770751554373,"lastGossiped":1770751554373,"gossipHopCount":0},"comms":{"addr":"http://localhost:46657","caps":["mesh/ping","mesh/gossip","cell/shutdown","cell/inspect","cell/journal","mesh/directory","mesh/who","mesh/signal-to-url","cell/contract","comms/start-session","comms/chat","comms/get-session","comms/end-session","comms/configure-channel","comms/get-stats"],"pubKey":"-----BEGIN PUBLIC KEY-----\nMCowBQYDK2VwAyEAKXCsZzwchP9yBoEbmFb2mjqX0hRlO8Hx3kceNg+SKxs=\n-----END PUBLIC KEY-----\n","lastSeen":1770751554838,"lastGossiped":1770751554838,"gossipHopCount":0}}}
[8:26:50 PM] [log] Key fingerprint: 34be1bf317c40ecb
[8:26:50 PM] [32m[19:26:50.142] [INFO] [log] 📋 Registered 2 capabilities with contracts[0m
[8:26:50 PM] [32m[19:26:50.158] [INFO] [log] Sovereign Cell online @ http://localhost:34983[0m
[8:26:50 PM] [32m[19:26:50.158] [INFO] [log] 🛡️ Type-safe Logger cell initialized[0m
[8:26:50 PM] [32m[19:26:50.158] [INFO] [log] Audit trail: /home/asdfghj/openjaws/log/mesh_audit.log[0m
[8:29:50 PM] [log] Key fingerprint: 7c97c24cb921abf4
[8:29:50 PM] [32m[19:29:50.594] [INFO] [log] 📋 Registered 2 capabilities with contracts[0m
[8:29:50 PM] [32m[19:29:50.600] [INFO] [log] Sovereign Cell online @ http://localhost:35443[0m
[8:29:50 PM] [32m[19:29:50.600] [INFO] [log] 🛡️ Type-safe Logger cell initialized[0m
[8:29:50 PM] [32m[19:29:50.600] [INFO] [log] Audit trail: /home/asdfghj/openjaws/log/mesh_audit.log[0m
[8:29:50 PM] [DEBUG log] Handler found for mesh/gossip, args: {"atlas":{"skills":{"id":"skills","addr":"http://localhost:39983","caps":["mesh/ping","mesh/gossip","cell/shutdown","cell/inspect","cell/journal","mesh/directory","mesh/who","mesh/signal-to-url","cell/contract","skills/list","skills/get-context","skills/update-capability","skills/learn-pattern","skills/sync-from-mesh","skills/search"],"pubKey":"-----BEGIN PUBLIC KEY-----\nMCowBQYDK2VwAyEAsXNNw8BSboJVSagEm2kbr3n5k1e+/i9+pS26OVcZ8bE=\n-----END PUBLIC KEY-----\n","lastSeen":1770751790801,"lastGossiped":1770751790801,"gossipHopCount":0},"telemetry":{"addr":"http://localhost:33061","caps":["mesh/ping","mesh/gossip","cell/shutdown","cell/inspect","cell/journal","mesh/directory","mesh/who","mesh/signal-to-url","cell/contract","mesh/health"],"pubKey":"-----BEGIN PUBLIC KEY-----\nMCowBQYDK2VwAyEAC8mw8euuj3hgH/VdZtQmMCyd6qvNyiOqSgYUQOdemdc=\n-----END PUBLIC KEY-----\n","lastSeen":1770751790694,"lastGossiped":1770751790694,"gossipHopCount":0},"log":{"addr":"http://localhost:35443","caps":["mesh/ping","mesh/gossip","cell/shutdown","cell/inspect","cell/journal","mesh/directory","mesh/who","mesh/signal-to-url","cell/contract","log/info","log/get"],"pubKey":"-----BEGIN PUBLIC KEY-----\nMCowBQYDK2VwAyEAtiJ08C5+fyXNUFuLKzdv9oUPGJBbSlkxlmAewMX25Wc=\n-----END PUBLIC KEY-----\n","lastSeen":1770751790801,"lastGossiped":1770751790801,"gossipHopCount":0}}}
[8:29:51 PM] [DEBUG log] Handler found for mesh/gossip, args: {"atlas":{"comms":{"id":"comms","addr":"http://localhost:44461","caps":["mesh/ping","mesh/gossip","cell/shutdown","cell/inspect","cell/journal","mesh/directory","mesh/who","mesh/signal-to-url","cell/contract","comms/start-session","comms/chat","comms/get-session","comms/end-session","comms/configure-channel","comms/get-stats"],"pubKey":"-----BEGIN PUBLIC KEY-----\nMCowBQYDK2VwAyEAEt5wmAo5syF78XqinaYjgs4UhYxI2YkFAe1MLdXypDI=\n-----END PUBLIC KEY-----\n","lastSeen":1770751791036,"lastGossiped":1770751791036,"gossipHopCount":0},"tts":{"addr":"http://localhost:34895","caps":["mesh/ping","mesh/gossip","cell/shutdown","cell/inspect","cell/journal","mesh/directory","mesh/who","mesh/signal-to-url","cell/contract","tts/synthesize","tts/status"],"pubKey":"-----BEGIN PUBLIC KEY-----\nMCowBQYDK2VwAyEAW6pcY4Jyt89O1cM1RCJoiiN+a0WTobCWFaSA0keJlI0=\n-----END PUBLIC KEY-----\n","lastSeen":1770751790897,"lastGossiped":1770751791036,"gossipHopCount":1},"tts-ui":{"addr":"http://localhost:43975","caps":["mesh/ping","mesh/gossip","cell/shutdown","cell/inspect","cell/journal","mesh/directory","mesh/who","mesh/signal-to-url","cell/contract"],"pubKey":"-----BEGIN PUBLIC KEY-----\nMCowBQYDK2VwAyEAIYO3vWMYuc8ehlD1dcsH2FjAF1S7UE3PxMGnb5NwrKk=\n-----END PUBLIC KEY-----\n","lastSeen":1770751790897,"lastGossiped":1770751791036,"gossipHopCount":2},"kindly":{"addr":"http://localhost:39761","caps":["mesh/ping","mesh/gossip","cell/shutdown","cell/inspect","cell/journal","mesh/directory","mesh/who","mesh/signal-to-url","cell/contract","kindly/chat","kindly/get-activity"],"pubKey":"-----BEGIN PUBLIC KEY-----\nMCowBQYDK2VwAyEAL+NaZ2+kRfaxMoh1EFWuj8bRt/NwmXxw+NlZTNloAQ8=\n-----END PUBLIC KEY-----\n","lastSeen":1770751790633,"lastGossiped":1770751790924,"gossipHopCount":2},"skills":{"addr":"http://localhost:39983","caps":["mesh/ping","mesh/gossip","cell/shutdown","cell/inspect","cell/journal","mesh/directory","mesh/who","mesh/signal-to-url","cell/contract","skills/list","skills/get-context","skills/update-capability","skills/learn-pattern","skills/sync-from-mesh","skills/search"],"pubKey":"-----BEGIN PUBLIC KEY-----\nMCowBQYDK2VwAyEAsXNNw8BSboJVSagEm2kbr3n5k1e+/i9+pS26OVcZ8bE=\n-----END PUBLIC KEY-----\n","lastSeen":1770751790616,"lastGossiped":1770751790616,"gossipHopCount":0},"telegram":{"addr":"http://localhost:38423","caps":["mesh/ping","mesh/gossip","cell/shutdown","cell/inspect","cell/journal","mesh/directory","mesh/who","mesh/signal-to-url","cell/contract","telegram/send-message","telegram/get-me","telegram/broadcast"],"pubKey":"-----BEGIN PUBLIC KEY-----\nMCowBQYDK2VwAyEAqavgLnS5ODCKjfrPo9TSjaXXSPNG/A6VettxyFjrc1w=\n-----END PUBLIC KEY-----\n","lastSeen":1770751790826,"lastGossiped":1770751791036,"gossipHopCount":2},"coder":{"addr":"http://localhost:36349","caps":["mesh/ping","mesh/gossip","cell/shutdown","cell/inspect","cell/journal","mesh/directory","mesh/who","mesh/signal-to-url","cell/contract","coder/develop"],"pubKey":"-----BEGIN PUBLIC KEY-----\nMCowBQYDK2VwAyEAkezd9gBA78OKRAjspyOBPFWzPHOQpuL8owyo0Ai2zt4=\n-----END PUBLIC KEY-----\n","lastSeen":1770751790923,"lastGossiped":1770751790924,"gossipHopCount":1},"ai-ui-ui":{"addr":"http://localhost:44193","caps":["mesh/ping","mesh/gossip","cell/shutdown","cell/inspect","cell/journal","mesh/directory","mesh/who","mesh/signal-to-url","cell/contract"],"pubKey":"-----BEGIN PUBLIC KEY-----\nMCowBQYDK2VwAyEACMXCOMw1JEdvmWbGCytcbXlnswh7YzdsXqYLROds/DM=\n-----END PUBLIC KEY-----\n","lastSeen":1770751790691,"lastGossiped":1770751790924,"gossipHopCount":1},"Safety":{"addr":"http://localhost:43747","caps":["mesh/ping","mesh/gossip","cell/shutdown","cell/inspect","cell/journal","mesh/directory","mesh/who","mesh/signal-to-url","cell/contract","safety/get-close-proximity","safety/run-test-sequence"],"pubKey":"-----BEGIN PUBLIC KEY-----\nMCowBQYDK2VwAyEAfK7sSc8tK2xBNBu0AYJBugQd99oweme533u32y0T5y4=\n-----END PUBLIC KEY-----\n","lastSeen":1770751790769,"lastGossiped":1770751791036,"gossipHopCount":2},"Orchestrator_211617":{"addr":"http://localhost:40785","caps":["mesh/ping","mesh/gossip","cell/shutdown","cell/inspect","cell/journal","mesh/directory","mesh/who","mesh/signal-to-url","cell/contract"],"pubKey":"-----BEGIN PUBLIC KEY-----\nMCowBQYDK2VwAyEAQrfKEBL2Xh+Mu+CH2G5G89ua5cpCNfwwamJQSHVlXkE=\n-----END PUBLIC KEY-----\n","lastSeen":1770751790609,"lastGossiped":1770751790924,"gossipHopCount":2},"ai":{"addr":"http://localhost:40245","caps":["mesh/ping","mesh/gossip","cell/shutdown","cell/inspect","cell/journal","mesh/directory","mesh/who","mesh/signal-to-url","cell/contract","ai/generate","ai/usage","ai/reset-usage"],"pubKey":"-----BEGIN PUBLIC KEY-----\nMCowBQYDK2VwAyEA6aBZ55Nnkypio10Q+zvCyr4V6oJTjDW5oAE0UIb0AXI=\n-----END PUBLIC KEY-----\n","lastSeen":1770751791032,"lastGossiped":1770751791036,"gossipHopCount":1},"Lidar":{"addr":"http://localhost:39891","caps":["mesh/ping","mesh/gossip","cell/shutdown","cell/inspect","cell/journal","mesh/directory","mesh/who","mesh/signal-to-url","cell/contract","sensors/proximity"],"pubKey":"-----BEGIN PUBLIC KEY-----\nMCowBQYDK2VwAyEA0QOhElBIJr2mBLOWao6Bhw8wd7buz3hrBXHpJHD9bQM=\n-----END PUBLIC KEY-----\n","lastSeen":1770751791001,"lastGossiped":1770751791036,"gossipHopCount":2},"checklist":{"addr":"http://localhost:32855","caps":["mesh/ping","mesh/gossip","cell/shutdown","cell/inspect","cell/journal","mesh/directory","mesh/who","mesh/signal-to-url","cell/contract","list/get","list/add","list/complete","list/summarize","list/suggest-tasks"],"pubKey":"-----BEGIN PUBLIC KEY-----\nMCowBQYDK2VwAyEA3FYO+BhgdEFeu2P+ZB3YJv2higa6mbFFBBe8b1LbMA4=\n-----END PUBLIC KEY-----\n","lastSeen":1770751791030,"lastGossiped":1770751791036,"gossipHopCount":2},"log":{"addr":"http://localhost:35443","caps":["mesh/ping","mesh/gossip","cell/shutdown","cell/inspect","cell/journal","mesh/directory","mesh/who","mesh/signal-to-url","cell/contract","log/info","log/get"],"pubKey":"-----BEGIN PUBLIC KEY-----\nMCowBQYDK2VwAyEAtiJ08C5+fyXNUFuLKzdv9oUPGJBbSlkxlmAewMX25Wc=\n-----END PUBLIC KEY-----\n","lastSeen":1770751790801,"lastGossiped":1770751791036,"gossipHopCount":1},"Radar":{"addr":"http://localhost:34311","caps":["mesh/ping","mesh/gossip","cell/shutdown","cell/inspect","cell/journal","mesh/directory","mesh/who","mesh/signal-to-url","cell/contract","sensors/proximity"],"pubKey":"-----BEGIN PUBLIC KEY-----\nMCowBQYDK2VwAyEAj9wmo7AhjXj0ShaUJXD1m5sXLA/hD2f/SxV9gPum0nI=\n-----END PUBLIC KEY-----\n","lastSeen":1770751790663,"lastGossiped":1770751791036,"gossipHopCount":2},"telemetry":{"addr":"http://localhost:33061","caps":["mesh/ping","mesh/gossip","cell/shutdown","cell/inspect","cell/journal","mesh/directory","mesh/who","mesh/signal-to-url","cell/contract","mesh/health"],"pubKey":"-----BEGIN PUBLIC KEY-----\nMCowBQYDK2VwAyEAC8mw8euuj3hgH/VdZtQmMCyd6qvNyiOqSgYUQOdemdc=\n-----END PUBLIC KEY-----\n","lastSeen":1770751790695,"lastGossiped":1770751791036,"gossipHopCount":2},"architect":{"addr":"http://localhost:38627","caps":["mesh/ping","mesh/gossip","cell/shutdown","cell/inspect","cell/journal","mesh/directory","mesh/who","mesh/signal-to-url","cell/contract","architect/consult"],"pubKey":"-----BEGIN PUBLIC KEY-----\nMCowBQYDK2VwAyEAx5JniKzmTYacpOWBPkQGZo93v2Y80ncFDAylA9sbv5o=\n-----END PUBLIC KEY-----\n","lastSeen":1770751790821,"lastGossiped":1770751791036,"gossipHopCount":2}}}
[8:30:19 PM] [log] Key fingerprint: 99bdf352c287e5ad
[8:30:19 PM] [32m[19:30:19.018] [INFO] [log] 📋 Registered 2 capabilities with contracts[0m
[8:30:19 PM] [32m[19:30:19.025] [INFO] [log] Sovereign Cell online @ http://localhost:35443[0m
[8:30:19 PM] [32m[19:30:19.025] [INFO] [log] 🛡️ Type-safe Logger cell initialized[0m
[8:30:19 PM] [32m[19:30:19.025] [INFO] [log] Audit trail: /home/asdfghj/openjaws/log/mesh_audit.log[0m
[8:30:19 PM] [DEBUG log] Handler found for mesh/gossip, args: {"atlas":{"Radar":{"id":"Radar","addr":"http://localhost:34311","caps":["mesh/ping","mesh/gossip","cell/shutdown","cell/inspect","cell/journal","mesh/directory","mesh/who","mesh/signal-to-url","cell/contract","sensors/proximity"],"pubKey":"-----BEGIN PUBLIC KEY-----\nMCowBQYDK2VwAyEA8zfOGFkVOuDrERi/xte/xocL0HUIY6zflZDALLjzN0I=\n-----END PUBLIC KEY-----\n","lastSeen":1770751819226,"lastGossiped":1770751819226,"gossipHopCount":0},"log":{"addr":"http://localhost:35443","caps":["mesh/ping","mesh/gossip","cell/shutdown","cell/inspect","cell/journal","mesh/directory","mesh/who","mesh/signal-to-url","cell/contract","log/info","log/get"],"pubKey":"-----BEGIN PUBLIC KEY-----\nMCowBQYDK2VwAyEAHXqGFgcRtsiixDfQW5xa10Kb7nvMDl3s6Wt4OnExhK4=\n-----END PUBLIC KEY-----\n","lastSeen":1770751819226,"lastGossiped":1770751819226,"gossipHopCount":0},"tts-ui":{"addr":"http://localhost:43975","caps":["mesh/ping","mesh/gossip","cell/shutdown","cell/inspect","cell/journal","mesh/directory","mesh/who","mesh/signal-to-url","cell/contract"],"pubKey":"-----BEGIN PUBLIC KEY-----\nMCowBQYDK2VwAyEAhoA33pEjRFZSu54zGKP/0X4agkwAGlhxoIkayYfZwDE=\n-----END PUBLIC KEY-----\n","lastSeen":1770751819181,"lastGossiped":1770751819181,"gossipHopCount":0},"projects":{"addr":"http://localhost:37601","caps":["mesh/ping","mesh/gossip","cell/shutdown","cell/inspect","cell/journal","mesh/directory","mesh/who","mesh/signal-to-url","cell/contract","projects/write","projects/read","projects/list","projects/exec"],"pubKey":"-----BEGIN PUBLIC KEY-----\nMCowBQYDK2VwAyEAhVtVsQwc+mWp6aPukz7PYk+n3MS0ZuIK3HwbOXqCvpc=\n-----END PUBLIC KEY-----\n","lastSeen":1770751819209,"lastGossiped":1770751819209,"gossipHopCount":0}}}
[8:30:19 PM] [32m[19:30:19.557] [INFO] [log] 🌐 ~1 → 19p/67c[0m
[8:30:19 PM] [DEBUG log] Handler found for mesh/gossip, args: {"atlas":{"Lidar":{"id":"Lidar","addr":"http://localhost:39891","caps":["mesh/ping","mesh/gossip","cell/shutdown","cell/inspect","cell/journal","mesh/directory","mesh/who","mesh/signal-to-url","cell/contract","sensors/proximity"],"pubKey":"-----BEGIN PUBLIC KEY-----\nMCowBQYDK2VwAyEAlB7Jffk4lr63ZY5H9nFKkHyxRxNeYYqbRb+FJU2ujoA=\n-----END PUBLIC KEY-----\n","lastSeen":1770751819536,"lastGossiped":1770751819536,"gossipHopCount":0},"projects":{"addr":"http://localhost:37601","caps":["mesh/ping","mesh/gossip","cell/shutdown","cell/inspect","cell/journal","mesh/directory","mesh/who","mesh/signal-to-url","cell/contract","projects/write","projects/read","projects/list","projects/exec"],"pubKey":"-----BEGIN PUBLIC KEY-----\nMCowBQYDK2VwAyEAhVtVsQwc+mWp6aPukz7PYk+n3MS0ZuIK3HwbOXqCvpc=\n-----END PUBLIC KEY-----\n","lastSeen":1770751819209,"lastGossiped":1770751819536,"gossipHopCount":3},"tts":{"addr":"http://localhost:34895","caps":["mesh/ping","mesh/gossip","cell/shutdown","cell/inspect","cell/journal","mesh/directory","mesh/who","mesh/signal-to-url","cell/contract","tts/synthesize","tts/status"],"pubKey":"-----BEGIN PUBLIC KEY-----\nMCowBQYDK2VwAyEAyfS8waXHCyRr6nOJM0SFlCc0GvpfBCsCgNjfocfNRIw=\n-----END PUBLIC KEY-----\n","lastSeen":1770751819069,"lastGossiped":1770751819536,"gossipHopCount":1},"log":{"addr":"http://localhost:35443","caps":["mesh/ping","mesh/gossip","cell/shutdown","cell/inspect","cell/journal","mesh/directory","mesh/who","mesh/signal-to-url","cell/contract","log/info","log/get"],"pubKey":"-----BEGIN PUBLIC KEY-----\nMCowBQYDK2VwAyEAHXqGFgcRtsiixDfQW5xa10Kb7nvMDl3s6Wt4OnExhK4=\n-----END PUBLIC KEY-----\n","lastSeen":1770751819226,"lastGossiped":1770751819536,"gossipHopCount":3},"tts-ui":{"addr":"http://localhost:43975","caps":["mesh/ping","mesh/gossip","cell/shutdown","cell/inspect","cell/journal","mesh/directory","mesh/who","mesh/signal-to-url","cell/contract"],"pubKey":"-----BEGIN PUBLIC KEY-----\nMCowBQYDK2VwAyEAhoA33pEjRFZSu54zGKP/0X4agkwAGlhxoIkayYfZwDE=\n-----END PUBLIC KEY-----\n","lastSeen":1770751819480,"lastGossiped":1770751819536,"gossipHopCount":2},"checklist":{"addr":"http://localhost:32855","caps":["mesh/ping","mesh/gossip","cell/shutdown","cell/inspect","cell/journal","mesh/directory","mesh/who","mesh/signal-to-url","cell/contract","list/get","list/add","list/complete","list/summarize","list/suggest-tasks"],"pubKey":"-----BEGIN PUBLIC KEY-----\nMCowBQYDK2VwAyEAI/bK6i2P0hN1cZ89MuURBAY07YOqe9gSpWfrnJkUHLY=\n-----END PUBLIC KEY-----\n","lastSeen":1770751819267,"lastGossiped":1770751819536,"gossipHopCount":2},"telegram":{"addr":"http://localhost:38423","caps":["mesh/ping","mesh/gossip","cell/shutdown","cell/inspect","cell/journal","mesh/directory","mesh/who","mesh/signal-to-url","cell/contract","telegram/send-message","telegram/get-me","telegram/broadcast"],"pubKey":"-----BEGIN PUBLIC KEY-----\nMCowBQYDK2VwAyEArqFp2+dYpAgmKU+yPOrXJui9D0HmB/aU+AAclHxmh9U=\n-----END PUBLIC KEY-----\n","lastSeen":1770751819300,"lastGossiped":1770751819536,"gossipHopCount":2},"ai-ui-ui":{"addr":"http://localhost:44193","caps":["mesh/ping","mesh/gossip","cell/shutdown","cell/inspect","cell/journal","mesh/directory","mesh/who","mesh/signal-to-url","cell/contract"],"pubKey":"-----BEGIN PUBLIC KEY-----\nMCowBQYDK2VwAyEAajUPCtOwaWNpws7qnRnQ/8Ptb5uaCROFvoawhdSp52k=\n-----END PUBLIC KEY-----\n","lastSeen":1770751819310,"lastGossiped":1770751819536,"gossipHopCount":3},"coder":{"addr":"http://localhost:36349","caps":["mesh/ping","mesh/gossip","cell/shutdown","cell/inspect","cell/journal","mesh/directory","mesh/who","mesh/signal-to-url","cell/contract","coder/develop"],"pubKey":"-----BEGIN PUBLIC KEY-----\nMCowBQYDK2VwAyEAl1/iZPEwe1jsHpGBXWhf8M+XJeE/Jj+V5kJhRjDbyo0=\n-----END PUBLIC KEY-----\n","lastSeen":1770751819371,"lastGossiped":1770751819536,"gossipHopCount":2},"kindly":{"addr":"http://localhost:39761","caps":["mesh/ping","mesh/gossip","cell/shutdown","cell/inspect","cell/journal","mesh/directory","mesh/who","mesh/signal-to-url","cell/contract","kindly/chat","kindly/get-activity"],"pubKey":"-----BEGIN PUBLIC KEY-----\nMCowBQYDK2VwAyEAZz84khAG6upPTZisqJzKyZ7r18HR6sKGBazesSMXFh8=\n-----END PUBLIC KEY-----\n","lastSeen":1770751819485,"lastGossiped":1770751819536,"gossipHopCount":1},"Orchestrator_212017":{"addr":"http://localhost:43421","caps":["mesh/ping","mesh/gossip","cell/shutdown","cell/inspect","cell/journal","mesh/directory","mesh/who","mesh/signal-to-url","cell/contract"],"pubKey":"-----BEGIN PUBLIC KEY-----\nMCowBQYDK2VwAyEAinXE3DIF5ezuc/BEeHXmlrVAmniaBX5611MfanhkM2Q=\n-----END PUBLIC KEY-----\n","lastSeen":1770751819269,"lastGossiped":1770751819536,"gossipHopCount":3},"Safety":{"addr":"http://localhost:43747","caps":["mesh/ping","mesh/gossip","cell/shutdown","cell/inspect","cell/journal","mesh/directory","mesh/who","mesh/signal-to-url","cell/contract","safety/get-close-proximity","safety/run-test-sequence"],"pubKey":"-----BEGIN PUBLIC KEY-----\nMCowBQYDK2VwAyEA/OdYNryc2OnRHqFvnSJDlV43bp4yExu4AbNSCHXy9ao=\n-----END PUBLIC KEY-----\n","lastSeen":1770751819284,"lastGossiped":1770751819536,"gossipHopCount":3},"skills":{"addr":"http://localhost:39983","caps":["mesh/ping","mesh/gossip","cell/shutdown","cell/inspect","cell/journal","mesh/directory","mesh/who","mesh/signal-to-url","cell/contract","skills/list","skills/get-context","skills/update-capability","skills/learn-pattern","skills/sync-from-mesh","skills/search"],"pubKey":"-----BEGIN PUBLIC KEY-----\nMCowBQYDK2VwAyEAsXNNw8BSboJVSagEm2kbr3n5k1e+/i9+pS26OVcZ8bE=\n-----END PUBLIC KEY-----\n","lastSeen":1770751819060,"lastGossiped":1770751819536,"gossipHopCount":2},"Radar":{"addr":"http://localhost:34311","caps":["mesh/ping","mesh/gossip","cell/shutdown","cell/inspect","cell/journal","mesh/directory","mesh/who","mesh/signal-to-url","cell/contract","sensors/proximity"],"pubKey":"-----BEGIN PUBLIC KEY-----\nMCowBQYDK2VwAyEA8zfOGFkVOuDrERi/xte/xocL0HUIY6zflZDALLjzN0I=\n-----END PUBLIC KEY-----\n","lastSeen":1770751819468,"lastGossiped":1770751819536,"gossipHopCount":3}}}
[9:57:57 PM] [log] Key fingerprint: b2c6e83d5d40d70d
[9:57:57 PM] [32m[20:57:57.878] [INFO] [log] 📋 Registered 2 capabilities with contracts[0m
[9:57:57 PM] [32m[20:57:57.890] [INFO] [log] Sovereign Cell online @ http://localhost:42495[0m
[9:57:57 PM] [32m[20:57:57.891] [INFO] [log] 🛡️ Type-safe Logger cell initialized[0m
[9:57:57 PM] [32m[20:57:57.891] [INFO] [log] Audit trail: /home/asdfghj/openjaws/log/mesh_audit.log[0m
[9:58:12 PM] [31m[20:58:12.902] [ERROR] [log] [e98483ca] ❌ RPC_UNREACHABLE: [mesh/gossip] @ http://localhost:41431 - Unable to connect. Is the computer able to access the url?[0m
[9:59:27 PM] [31m[20:59:27.898] [ERROR] [log] [614b3a7e] ❌ RPC_UNREACHABLE: [mesh/gossip] @ http://localhost:41431 - Unable to connect. Is the computer able to access the url?[0m
[9:59:42 PM] [31m[20:59:42.898] [ERROR] [log] [5d7a00d4] ❌ RPC_UNREACHABLE: [mesh/gossip] @ http://localhost:43751 - Unable to connect. Is the computer able to access the url?[0m
[10:00:42 PM] [31m[21:00:42.898] [ERROR] [log] [8440d459] ❌ RPC_UNREACHABLE: [mesh/gossip] @ http://localhost:41431 - Unable to connect. Is the computer able to access the url?[0m
[10:00:57 PM] [31m[21:00:57.898] [ERROR] [log] [97953566] ❌ RPC_UNREACHABLE: [mesh/gossip] @ http://localhost:43751 - Unable to connect. Is the computer able to access the url?[0m
[10:01:27 PM] [31m[21:01:27.898] [ERROR] [log] [62d39f33] ❌ RPC_UNREACHABLE: [mesh/gossip] @ http://localhost:43751 - Unable to connect. Is the computer able to access the url?[0m
[10:02:12 PM] [31m[21:02:12.898] [ERROR] [log] [a250fc72] ❌ RPC_UNREACHABLE: [mesh/gossip] @ http://localhost:41431 - Unable to connect. Is the computer able to access the url?[0m
[10:02:42 PM] [31m[21:02:42.899] [ERROR] [log] [f53d4e55] ❌ RPC_UNREACHABLE: [mesh/gossip] @ http://localhost:44255 - Unable to connect. Is the computer able to access the url?[0m
[10:03:12 PM] [31m[21:03:12.898] [ERROR] [log] [e76aa207] ❌ RPC_UNREACHABLE: [mesh/gossip] @ http://localhost:43751 - Unable to connect. Is the computer able to access the url?[0m
[10:03:57 PM] [31m[21:03:57.898] [ERROR] [log] [0cc9b42a] ❌ RPC_UNREACHABLE: [mesh/gossip] @ http://localhost:44255 - Unable to connect. Is the computer able to access the url?[0m
[11:55:41 PM] [log] Key fingerprint: cea363694ed7ecf7
[11:55:41 PM] [32m[22:55:41.442] [INFO] [log] 📋 Registered 2 capabilities with contracts[0m
[11:55:41 PM] [32m[22:55:41.461] [INFO] [log] Sovereign Cell online @ http://localhost:43469[0m
[11:55:41 PM] [32m[22:55:41.461] [INFO] [log] 🛡️ Type-safe Logger cell initialized[0m
[11:55:41 PM] [32m[22:55:41.461] [INFO] [log] Audit trail: /home/asdfghj/openjaws/log/mesh_audit.log[0m
