[1:45:29 AM] [memory_53612] Key fingerprint: 35d29eeb8b05ab8d
[1:45:29 AM] [32m[00:45:29.219] [INFO] [memory_53612] 📋 Registered 2 capabilities with contracts[0m
[1:45:29 AM] [32m[00:45:29.231] [INFO] [memory_53612] Sovereign Cell online @ http://localhost:33899[0m
[1:45:31 AM] [memory_53740] Key fingerprint: 57e2911339accfe9
[1:45:31 AM] [32m[00:45:31.554] [INFO] [memory_53740] 📋 Registered 2 capabilities with contracts[0m
[1:45:31 AM] [32m[00:45:31.562] [INFO] [memory_53740] Sovereign Cell online @ http://localhost:40543[0m
[1:47:37 AM] [memory_54040] Key fingerprint: 5a6136c0a82dd1ef
[1:47:37 AM] [32m[00:47:37.492] [INFO] [memory_54040] 📋 Registered 2 capabilities with contracts[0m
[1:47:37 AM] [32m[00:47:37.503] [INFO] [memory_54040] Sovereign Cell online @ http://localhost:39443[0m
[1:48:59 AM] [memory] Key fingerprint: ba831860d0104ff0
[1:48:59 AM] [32m[00:48:59.761] [INFO] [memory] 📋 Registered 2 capabilities with contracts[0m
[1:48:59 AM] [32m[00:48:59.766] [INFO] [memory] Sovereign Cell online @ http://localhost:41705[0m
[1:52:49 AM] [memory] Key fingerprint: 4789ebce113da167
[1:52:49 AM] [32m[00:52:49.134] [INFO] [memory] 📋 Registered 2 capabilities with contracts[0m
[1:52:49 AM] [32m[00:52:49.147] [INFO] [memory] Sovereign Cell online @ http://localhost:37661[0m
[1:55:00 AM] [memory] Key fingerprint: 87d12369fcf1eee2
[1:55:00 AM] [32m[00:55:00.743] [INFO] [memory] 📋 Registered 2 capabilities with contracts[0m
[1:55:00 AM] [32m[00:55:00.764] [INFO] [memory] Sovereign Cell online @ http://localhost:45829[0m
[1:57:35 AM] [memory] Key fingerprint: 21b58689192551ec
[1:57:35 AM] [32m[00:57:35.074] [INFO] [memory] 📋 Registered 2 capabilities with contracts[0m
[1:57:35 AM] [32m[00:57:35.095] [INFO] [memory] Sovereign Cell online @ http://localhost:40155[0m
[1:57:46 AM] [memory] Key fingerprint: a98b79af63eb3597
[1:57:46 AM] [32m[00:57:46.692] [INFO] [memory] 📋 Registered 2 capabilities with contracts[0m
[1:57:46 AM] [32m[00:57:46.703] [INFO] [memory] Sovereign Cell online @ http://localhost:40155[0m
[1:57:56 AM] [memory] Key fingerprint: 001a9a291716bf1d
[1:57:56 AM] [32m[00:57:56.306] [INFO] [memory] 📋 Registered 2 capabilities with contracts[0m
[1:57:56 AM] [32m[00:57:56.320] [INFO] [memory] Sovereign Cell online @ http://localhost:40155[0m
[1:57:56 AM] [32m[00:57:56.797] [INFO] [memory] 🌐 ~1 → 9p/26c[0m
[1:57:56 AM] [32m[00:57:56.882] [INFO] [memory] 🌐 ~2 → 11p/31c[0m
[1:57:56 AM] [32m[00:57:56.889] [INFO] [memory] 🌐 ~1 → 11p/31c[0m
[1:58:18 AM] [32m[00:58:18.079] [INFO] [memory] 🌐 ~1 → 13p/31c[0m
[2:00:22 AM] [memory] Key fingerprint: 1122ccf6f39b6179
[2:00:23 AM] [32m[01:00:22.964] [INFO] [memory] 📋 Registered 2 capabilities with contracts[0m
[2:00:23 AM] [32m[01:00:22.978] [INFO] [memory] Sovereign Cell online @ http://localhost:45619[0m
[2:08:33 AM] [memory] Key fingerprint: 42bf03c6a78f13b1
[2:08:33 AM] [32m[01:08:33.843] [INFO] [memory] 📋 Registered 2 capabilities with contracts[0m
[2:08:33 AM] [32m[01:08:33.861] [INFO] [memory] Sovereign Cell online @ http://localhost:38383[0m
[2:09:17 AM] [memory] Key fingerprint: 0b6a0931bd51ef0e
[2:09:17 AM] [32m[01:09:17.918] [INFO] [memory] 📋 Registered 2 capabilities with contracts[0m
[2:09:17 AM] [32m[01:09:17.929] [INFO] [memory] Sovereign Cell online @ http://localhost:38395[0m
[2:09:35 AM] [memory] Key fingerprint: e5d393b3affa1ee9
[2:09:35 AM] [32m[01:09:35.061] [INFO] [memory] 📋 Registered 2 capabilities with contracts[0m
[2:09:35 AM] [32m[01:09:35.074] [INFO] [memory] Sovereign Cell online @ http://localhost:38395[0m
[2:09:46 AM] [32m[01:09:46.627] [INFO] [memory] 🌐 ~1 → 11p/31c[0m
[2:09:46 AM] [32m[01:09:46.628] [INFO] [memory] 🔍 Recall triggered for "list mesh" - Found 0 matches[0m
[2:09:48 AM] [32m[01:09:48.633] [INFO] [memory] 🌐 ~2 → 13p/31c[0m
[2:09:50 AM] [32m[01:09:50.116] [INFO] [memory] 🌐 ~2 → 17p/31c[0m
[2:11:11 AM] [memory] Key fingerprint: aef49d2ffcbf45da
[2:11:11 AM] [32m[01:11:11.173] [INFO] [memory] 📋 Registered 2 capabilities with contracts[0m
[2:11:11 AM] [32m[01:11:11.176] [INFO] [memory] Sovereign Cell online @ http://localhost:33459[0m
[2:11:18 AM] [32m[01:11:18.886] [INFO] [memory] 🔍 Recall triggered for "list mesh" - Found 0 matches[0m
[2:11:32 AM] [32m[01:11:32.393] [INFO] [memory] 🔍 Recall triggered for "list mesh" - Found 0 matches[0m
[2:14:18 AM] [32m[01:14:18.155] [INFO] [memory] 🔍 Recall triggered for "my name is leif" - Found 0 matches[0m
[2:14:21 AM] [32m[01:14:21.451] [INFO] [memory] 🧠 Memory Consumed: "User Identity: my name is leif..."[0m
[2:14:25 AM] [32m[01:14:25.971] [INFO] [memory] 🔍 Recall triggered for "wuats my name?" - Found 1 matches[0m
[2:25:18 AM] [memory] Key fingerprint: f64f9c15da1fd4da
[2:25:19 AM] [32m[01:25:18.950] [INFO] [memory] 📋 Registered 2 capabilities with contracts[0m
[2:25:19 AM] [32m[01:25:18.978] [INFO] [memory] Sovereign Cell online @ http://localhost:38261[0m
[2:28:52 AM] [memory] Key fingerprint: 83ab010d941b5a42
[2:28:52 AM] [32m[01:28:52.072] [INFO] [memory] 📋 Registered 2 capabilities with contracts[0m
[2:28:52 AM] [32m[01:28:52.083] [INFO] [memory] Sovereign Cell online @ http://localhost:33065[0m
[2:28:55 AM] [memory] Key fingerprint: 5852c387ec2670de
[2:28:55 AM] [32m[01:28:55.689] [INFO] [memory] 📋 Registered 2 capabilities with contracts[0m
[2:28:55 AM] [32m[01:28:55.700] [INFO] [memory] Sovereign Cell online @ http://localhost:33065[0m
[2:28:56 AM] [32m[01:28:56.200] [INFO] [memory] 🌐 ~3 → 10p/32c[0m
[2:28:56 AM] [32m[01:28:56.281] [INFO] [memory] 🌐 ~3 → 10p/32c[0m
[2:29:10 AM] [32m[01:29:10.747] [INFO] [memory] 🌐 ~1 → 10p/32c[0m
[2:29:10 AM] [32m[01:29:10.813] [INFO] [memory] 🌐 ~1 → 10p/32c[0m
[2:29:19 AM] [memory] Key fingerprint: 60a4be96fbaf2c40
[2:29:19 AM] [32m[01:29:19.067] [INFO] [memory] 📋 Registered 2 capabilities with contracts[0m
[2:29:19 AM] [32m[01:29:19.078] [INFO] [memory] Sovereign Cell online @ http://localhost:33065[0m
[2:29:26 AM] [memory] Key fingerprint: 77434b326c24a4da
[2:29:26 AM] [32m[01:29:26.462] [INFO] [memory] 📋 Registered 2 capabilities with contracts[0m
[2:29:26 AM] [32m[01:29:26.477] [INFO] [memory] Sovereign Cell online @ http://localhost:33065[0m
[2:29:47 AM] [memory] Key fingerprint: 072fbc2c86479de9
[2:29:47 AM] [32m[01:29:47.443] [INFO] [memory] 📋 Registered 2 capabilities with contracts[0m
[2:29:47 AM] [32m[01:29:47.460] [INFO] [memory] Sovereign Cell online @ http://localhost:33065[0m
[2:30:02 AM] [32m[01:30:02.522] [INFO] [memory] 🌐 ~1 → 10p/32c[0m
[2:30:02 AM] [32m[01:30:02.549] [INFO] [memory] 🌐 ~1 → 10p/32c[0m
[2:30:06 AM] [memory] Key fingerprint: 4168f21fba8b8de3
[2:30:06 AM] [32m[01:30:06.159] [INFO] [memory] 📋 Registered 2 capabilities with contracts[0m
[2:30:06 AM] [32m[01:30:06.183] [INFO] [memory] Sovereign Cell online @ http://localhost:33065[0m
[2:30:19 AM] [memory] Key fingerprint: f2c11a4d6f90c2a9
[2:30:19 AM] [32m[01:30:19.821] [INFO] [memory] 📋 Registered 2 capabilities with contracts[0m
[2:30:19 AM] [32m[01:30:19.834] [INFO] [memory] Sovereign Cell online @ http://localhost:33065[0m
[2:30:20 AM] [32m[01:30:20.449] [INFO] [memory] 🌐 ~1 → 11p/39c[0m
[2:30:34 AM] [32m[01:30:34.889] [INFO] [memory] 🌐 ~1 → 11p/39c[0m
[2:30:34 AM] [32m[01:30:34.927] [INFO] [memory] 🌐 ~1 → 11p/39c[0m
[2:30:49 AM] [32m[01:30:49.894] [INFO] [memory] 🌐 ~1 → 11p/39c[0m
[2:30:49 AM] [32m[01:30:49.979] [INFO] [memory] 🌐 ~1 → 11p/39c[0m
[2:30:55 AM] [memory] Key fingerprint: e993e01ab900dbaf
[2:30:55 AM] [32m[01:30:55.333] [INFO] [memory] 📋 Registered 2 capabilities with contracts[0m
[2:30:55 AM] [32m[01:30:55.338] [INFO] [memory] Sovereign Cell online @ http://localhost:38573[0m
[2:54:06 AM] [memory] Key fingerprint: 4263536059d58787
[2:54:06 AM] [32m[01:54:06.492] [INFO] [memory] 📋 Registered 2 capabilities with contracts[0m
[2:54:06 AM] [32m[01:54:06.513] [INFO] [memory] Sovereign Cell online @ http://localhost:42207[0m
[2:54:36 AM] [32m[01:54:36.451] [INFO] [memory] 🌐 ~2 → 13p/37c[0m
[2:58:20 AM] [32m[01:58:20.884] [INFO] [memory] 🔍 Recall triggered for "dawdwa" - Found 0 matches[0m
[2:58:20 AM] [32m[01:58:20.885] [INFO] [memory] 🔍 Recall triggered for "user:root-override dawdwa" - Found 0 matches[0m
[2:59:35 AM] [32m[01:59:35.517] [INFO] [memory] 🔍 Recall triggered for "Architect, I need a plan to add a 'dark mode' toggle to the UI. Analyze the current codebase and create the tasks." - Found 1 matches[0m
[2:59:35 AM] [32m[01:59:35.519] [INFO] [memory] 🔍 Recall triggered for "user:root-override Architect, I need a plan to add a 'dark mode' toggle to the UI. Analyze the current codebase and create the tasks." - Found 1 matches[0m
[3:02:05 AM] [32m[02:02:05.562] [INFO] [memory] 🔍 Recall triggered for "Architect, analyze the UI codebase and plan a dark mode toggle" - Found 1 matches[0m
[3:02:05 AM] [32m[02:02:05.563] [INFO] [memory] 🔍 Recall triggered for "user:root-override Architect, analyze the UI codebase and plan a dark mode toggle" - Found 1 matches[0m
[3:15:38 AM] [memory] Key fingerprint: 9cb2e89c6679b12f
[3:15:38 AM] [32m[02:15:38.011] [INFO] [memory] 📋 Registered 5 capabilities with contracts[0m
[3:15:38 AM] [32m[02:15:38.024] [INFO] [memory] Sovereign Cell online @ http://localhost:41845[0m
[3:15:38 AM] [32m[02:15:38.025] [INFO] [memory] 🧠 Temporal Memory System online[0m
[3:17:27 AM] [32m[02:17:27.841] [INFO] [memory] 🧠 ACTIONS: "User said: Alright the team is soon up a..."[0m
[3:17:27 AM] [32m[02:17:27.844] [INFO] [memory] 🔍 Search: "Alright the team is soon up and running. I just created you today Feb 7 2026. This is a big moment. this is how our company will run." → 0 results[0m
[3:17:35 AM] [32m[02:17:35.162] [INFO] [memory] 🧠 GOALS: "Goal stated: Alright the team is soon up..."[0m
[3:17:35 AM] [32m[02:17:35.164] [INFO] [memory] 🧠 SESSION: "Exchange - User: "Alright the team is so..."[0m
[11:05:18 AM] [memory] Key fingerprint: d9bc6576ad51b3a7
[11:05:18 AM] [32m[10:05:18.210] [INFO] [memory] 📋 Registered 5 capabilities with contracts[0m
[11:05:18 AM] [32m[10:05:18.225] [INFO] [memory] Sovereign Cell online @ http://localhost:39011[0m
[11:05:18 AM] [32m[10:05:18.225] [INFO] [memory] 🧠 Temporal Memory System online[0m
[11:20:20 AM] [memory] Key fingerprint: ea8ca25286672c08
[11:20:21 AM] [32m[10:20:20.942] [INFO] [memory] 📋 Registered 5 capabilities with contracts[0m
[11:20:21 AM] [32m[10:20:20.948] [INFO] [memory] Sovereign Cell online @ http://localhost:34851[0m
[11:20:21 AM] [32m[10:20:20.948] [INFO] [memory] 🧠 Temporal Memory System online[0m
[2:48:12 PM] [memory] Key fingerprint: 68db5645df8d3081
[2:48:12 PM] [32m[13:48:12.263] [INFO] [memory] 📋 Registered 5 capabilities with contracts[0m
[2:48:12 PM] [32m[13:48:12.279] [INFO] [memory] Sovereign Cell online @ http://localhost:34761[0m
[2:48:12 PM] [32m[13:48:12.283] [INFO] [memory] 🧠 Temporal Memory System online[0m
[2:49:10 PM] [memory] Key fingerprint: 7380c395eef8c852
[2:49:10 PM] [32m[13:49:10.418] [INFO] [memory] 📋 Registered 5 capabilities with contracts[0m
[2:49:10 PM] [32m[13:49:10.438] [INFO] [memory] Sovereign Cell online @ http://localhost:46355[0m
[2:49:10 PM] [32m[13:49:10.439] [INFO] [memory] 🧠 Temporal Memory System online[0m
[2:49:23 PM] [memory] Key fingerprint: bd85c709be6edc7d
[2:49:23 PM] [32m[13:49:23.130] [INFO] [memory] 📋 Registered 5 capabilities with contracts[0m
[2:49:23 PM] [32m[13:49:23.163] [INFO] [memory] Sovereign Cell online @ http://localhost:46355[0m
[2:49:23 PM] [32m[13:49:23.172] [INFO] [memory] 🧠 Temporal Memory System online[0m
[3:11:59 PM] [memory] Key fingerprint: c3dcddc9a7d82f3f
[3:11:59 PM] [32m[14:11:59.312] [INFO] [memory] 📋 Registered 5 capabilities with contracts[0m
[3:11:59 PM] [32m[14:11:59.320] [INFO] [memory] Sovereign Cell online @ http://localhost:34043[0m
[3:11:59 PM] [32m[14:11:59.321] [INFO] [memory] 🧠 Temporal Memory System online[0m
[3:30:19 PM] [memory] Key fingerprint: 3f50fdad8a77f61b
[3:30:19 PM] [32m[14:30:19.282] [INFO] [memory] 📋 Registered 8 capabilities with contracts[0m
[3:30:19 PM] [32m[14:30:19.286] [INFO] [memory] Sovereign Cell online @ http://localhost:41911[0m
[3:30:19 PM] [32m[14:30:19.286] [INFO] [memory] 🧠 Memory utility online - pure storage, no logic[0m
[3:37:29 PM] [memory] Key fingerprint: dad6e3b6aa769251
[3:37:29 PM] [32m[14:37:29.768] [INFO] [memory] 📋 Registered 8 capabilities with contracts[0m
[3:37:29 PM] [32m[14:37:29.796] [INFO] [memory] Sovereign Cell online @ http://localhost:38101[0m
[3:37:29 PM] [32m[14:37:29.796] [INFO] [memory] 🧠 Memory utility online - pure storage, no logic[0m
[9:12:48 PM] [memory] Key fingerprint: 8113e62eafff22ae
[9:12:48 PM] [32m[20:12:48.380] [INFO] [memory] 📋 Registered 8 capabilities with contracts[0m
[9:12:48 PM] [32m[20:12:48.387] [INFO] [memory] Sovereign Cell online @ http://localhost:35763[0m
[9:12:48 PM] [32m[20:12:48.389] [INFO] [memory] 🧠 Memory utility online - pure storage, no logic[0m
[9:14:54 PM] [memory] Key fingerprint: bc44e1efb9cb3ec4
[9:14:54 PM] [32m[20:14:54.303] [INFO] [memory] 📋 Registered 8 capabilities with contracts[0m
[9:14:54 PM] [32m[20:14:54.318] [INFO] [memory] Sovereign Cell online @ http://localhost:35199[0m
[9:14:54 PM] [32m[20:14:54.318] [INFO] [memory] 🧠 Memory utility online - pure storage, no logic[0m
[9:34:13 PM] [memory] Key fingerprint: 0aca2d57b9e19965
[9:34:13 PM] 593 |             }))
[9:34:13 PM] 594 |             .output(z.object({
[9:34:13 PM] 595 |                 entries: z.array(z.any()),
[9:34:13 PM] 596 |                 summary: z.object({
[9:34:13 PM] 597 |                     total: z.number(),
[9:34:13 PM] 598 |                     byLayer: z.record(z.number()),
[9:34:13 PM]                                      ^
[9:34:13 PM] TypeError: z.record is not a function. (In 'z.record(z.number())', 'z.record' is undefined)
[9:34:13 PM]       at /home/asdfghj/openjaws/memory/index.ts:598:32
[9:34:13 PM]       at loadAndEvaluateModule (2:1)
[9:34:13 PM] Bun v1.3.1 (Linux x64)
[9:36:08 PM] [memory] Key fingerprint: ec37d5c09f14de02
[9:36:08 PM] 131 | 
[9:36:08 PM] 132 |         for (const cap of capabilities) {
[9:36:08 PM] 133 |             const proc = router.findProcedure(cap);
[9:36:08 PM] 134 | 
[9:36:08 PM] 135 |             if (!proc) {
[9:36:08 PM] 136 |                 throw new Error(`Procedure not found: ${cap}`);
[9:36:08 PM]                                 ^
[9:36:08 PM] error: Procedure not found: memory/session/store
[9:36:08 PM]       at useRouter (/home/asdfghj/openjaws/protocols/typed-mesh.ts:136:27)
[9:36:08 PM]       at /home/asdfghj/openjaws/memory/index.ts:876:6
[9:36:08 PM]       at loadAndEvaluateModule (2:1)
[9:36:08 PM] Bun v1.3.1 (Linux x64)
[9:36:48 PM] [memory] Key fingerprint: 41028f82cf6b78e6
[9:36:48 PM] 131 | 
[9:36:48 PM] 132 |         for (const cap of capabilities) {
[9:36:48 PM] 133 |             const proc = router.findProcedure(cap);
[9:36:48 PM] 134 | 
[9:36:48 PM] 135 |             if (!proc) {
[9:36:48 PM] 136 |                 throw new Error(`Procedure not found: ${cap}`);
[9:36:48 PM]                                 ^
[9:36:48 PM] error: Procedure not found: memory/session/store
[9:36:48 PM]       at useRouter (/home/asdfghj/openjaws/protocols/typed-mesh.ts:136:27)
[9:36:48 PM]       at /home/asdfghj/openjaws/memory/index.ts:876:6
[9:36:48 PM]       at loadAndEvaluateModule (2:1)
[9:36:48 PM] Bun v1.3.1 (Linux x64)
[9:36:58 PM] [memory] Key fingerprint: 23e9d47652d3a900
[9:36:58 PM] 131 | 
[9:36:58 PM] 132 |         for (const cap of capabilities) {
[9:36:58 PM] 133 |             const proc = router.findProcedure(cap);
[9:36:58 PM] 134 | 
[9:36:58 PM] 135 |             if (!proc) {
[9:36:58 PM] 136 |                 throw new Error(`Procedure not found: ${cap}`);
[9:36:58 PM]                                 ^
[9:36:58 PM] error: Procedure not found: memory/session/store
[9:36:58 PM]       at useRouter (/home/asdfghj/openjaws/protocols/typed-mesh.ts:136:27)
[9:36:58 PM]       at /home/asdfghj/openjaws/memory/index.ts:876:6
[9:36:58 PM]       at loadAndEvaluateModule (2:1)
[9:36:58 PM] Bun v1.3.1 (Linux x64)
[9:37:08 PM] [memory] Key fingerprint: 59c56c17c9bd2a9b
[9:37:08 PM] 131 | 
[9:37:08 PM] 132 |         for (const cap of capabilities) {
[9:37:08 PM] 133 |             const proc = router.findProcedure(cap);
[9:37:08 PM] 134 | 
[9:37:08 PM] 135 |             if (!proc) {
[9:37:08 PM] 136 |                 throw new Error(`Procedure not found: ${cap}`);
[9:37:08 PM]                                 ^
[9:37:08 PM] error: Procedure not found: memory/session/store
[9:37:08 PM]       at useRouter (/home/asdfghj/openjaws/protocols/typed-mesh.ts:136:27)
[9:37:08 PM]       at /home/asdfghj/openjaws/memory/index.ts:876:6
[9:37:08 PM]       at loadAndEvaluateModule (2:1)
[9:37:08 PM] Bun v1.3.1 (Linux x64)
[9:37:18 PM] [memory] Key fingerprint: b1c12a9318059c10
[9:37:18 PM] 131 | 
[9:37:18 PM] 132 |         for (const cap of capabilities) {
[9:37:18 PM] 133 |             const proc = router.findProcedure(cap);
[9:37:18 PM] 134 | 
[9:37:18 PM] 135 |             if (!proc) {
[9:37:18 PM] 136 |                 throw new Error(`Procedure not found: ${cap}`);
[9:37:18 PM]                                 ^
[9:37:18 PM] error: Procedure not found: memory/session/store
[9:37:18 PM]       at useRouter (/home/asdfghj/openjaws/protocols/typed-mesh.ts:136:27)
[9:37:18 PM]       at /home/asdfghj/openjaws/memory/index.ts:876:6
[9:37:18 PM]       at loadAndEvaluateModule (2:1)
[9:37:18 PM] Bun v1.3.1 (Linux x64)
[9:37:28 PM] [memory] Key fingerprint: a7b6916b51fa0200
[9:37:28 PM] 131 | 
[9:37:28 PM] 132 |         for (const cap of capabilities) {
[9:37:28 PM] 133 |             const proc = router.findProcedure(cap);
[9:37:28 PM] 134 | 
[9:37:28 PM] 135 |             if (!proc) {
[9:37:28 PM] 136 |                 throw new Error(`Procedure not found: ${cap}`);
[9:37:28 PM]                                 ^
[9:37:28 PM] error: Procedure not found: memory/session/store
[9:37:28 PM]       at useRouter (/home/asdfghj/openjaws/protocols/typed-mesh.ts:136:27)
[9:37:28 PM]       at /home/asdfghj/openjaws/memory/index.ts:876:6
[9:37:28 PM]       at loadAndEvaluateModule (2:1)
[9:37:28 PM] Bun v1.3.1 (Linux x64)
[9:37:38 PM] [memory] Key fingerprint: 723f3e9d129a5dd0
[9:37:38 PM] 131 | 
[9:37:38 PM] 132 |         for (const cap of capabilities) {
[9:37:38 PM] 133 |             const proc = router.findProcedure(cap);
[9:37:38 PM] 134 | 
[9:37:38 PM] 135 |             if (!proc) {
[9:37:38 PM] 136 |                 throw new Error(`Procedure not found: ${cap}`);
[9:37:38 PM]                                 ^
[9:37:38 PM] error: Procedure not found: memory/session/store
[9:37:38 PM]       at useRouter (/home/asdfghj/openjaws/protocols/typed-mesh.ts:136:27)
[9:37:38 PM]       at /home/asdfghj/openjaws/memory/index.ts:876:6
[9:37:38 PM]       at loadAndEvaluateModule (2:1)
[9:37:38 PM] Bun v1.3.1 (Linux x64)
[9:37:48 PM] [memory] Key fingerprint: 8b2d03f3a9a611d6
[9:37:48 PM] 131 | 
[9:37:48 PM] 132 |         for (const cap of capabilities) {
[9:37:48 PM] 133 |             const proc = router.findProcedure(cap);
[9:37:48 PM] 134 | 
[9:37:48 PM] 135 |             if (!proc) {
[9:37:48 PM] 136 |                 throw new Error(`Procedure not found: ${cap}`);
[9:37:48 PM]                                 ^
[9:37:48 PM] error: Procedure not found: memory/session/store
[9:37:48 PM]       at useRouter (/home/asdfghj/openjaws/protocols/typed-mesh.ts:136:27)
[9:37:48 PM]       at /home/asdfghj/openjaws/memory/index.ts:876:6
[9:37:48 PM]       at loadAndEvaluateModule (2:1)
[9:37:48 PM] Bun v1.3.1 (Linux x64)
[9:37:58 PM] [memory] Key fingerprint: ae9b1b0696fb7d8f
[9:37:58 PM] 131 | 
[9:37:58 PM] 132 |         for (const cap of capabilities) {
[9:37:58 PM] 133 |             const proc = router.findProcedure(cap);
[9:37:58 PM] 134 | 
[9:37:58 PM] 135 |             if (!proc) {
[9:37:58 PM] 136 |                 throw new Error(`Procedure not found: ${cap}`);
[9:37:58 PM]                                 ^
[9:37:58 PM] error: Procedure not found: memory/session/store
[9:37:58 PM]       at useRouter (/home/asdfghj/openjaws/protocols/typed-mesh.ts:136:27)
[9:37:58 PM]       at /home/asdfghj/openjaws/memory/index.ts:876:6
[9:37:58 PM]       at loadAndEvaluateModule (2:1)
[9:37:58 PM] Bun v1.3.1 (Linux x64)
[9:38:08 PM] [memory] Key fingerprint: 16c6f160634c27f0
[9:38:08 PM] 131 | 
[9:38:08 PM] 132 |         for (const cap of capabilities) {
[9:38:08 PM] 133 |             const proc = router.findProcedure(cap);
[9:38:08 PM] 134 | 
[9:38:08 PM] 135 |             if (!proc) {
[9:38:08 PM] 136 |                 throw new Error(`Procedure not found: ${cap}`);
[9:38:08 PM]                                 ^
[9:38:08 PM] error: Procedure not found: memory/session/store
[9:38:08 PM]       at useRouter (/home/asdfghj/openjaws/protocols/typed-mesh.ts:136:27)
[9:38:08 PM]       at /home/asdfghj/openjaws/memory/index.ts:876:6
[9:38:08 PM]       at loadAndEvaluateModule (2:1)
[9:38:08 PM] Bun v1.3.1 (Linux x64)
[9:38:18 PM] [memory] Key fingerprint: f896d0043aff5d7b
[9:38:18 PM] 131 | 
[9:38:18 PM] 132 |         for (const cap of capabilities) {
[9:38:18 PM] 133 |             const proc = router.findProcedure(cap);
[9:38:18 PM] 134 | 
[9:38:18 PM] 135 |             if (!proc) {
[9:38:18 PM] 136 |                 throw new Error(`Procedure not found: ${cap}`);
[9:38:18 PM]                                 ^
[9:38:18 PM] error: Procedure not found: memory/session/store
[9:38:18 PM]       at useRouter (/home/asdfghj/openjaws/protocols/typed-mesh.ts:136:27)
[9:38:18 PM]       at /home/asdfghj/openjaws/memory/index.ts:876:6
[9:38:18 PM]       at loadAndEvaluateModule (2:1)
[9:38:18 PM] Bun v1.3.1 (Linux x64)
[9:38:28 PM] [memory] Key fingerprint: 2a5ca3eff43437d5
[9:38:28 PM] 131 | 
[9:38:28 PM] 132 |         for (const cap of capabilities) {
[9:38:28 PM] 133 |             const proc = router.findProcedure(cap);
[9:38:28 PM] 134 | 
[9:38:28 PM] 135 |             if (!proc) {
[9:38:28 PM] 136 |                 throw new Error(`Procedure not found: ${cap}`);
[9:38:28 PM]                                 ^
[9:38:28 PM] error: Procedure not found: memory/session/store
[9:38:28 PM]       at useRouter (/home/asdfghj/openjaws/protocols/typed-mesh.ts:136:27)
[9:38:28 PM]       at /home/asdfghj/openjaws/memory/index.ts:876:6
[9:38:28 PM]       at loadAndEvaluateModule (2:1)
[9:38:28 PM] Bun v1.3.1 (Linux x64)
[9:38:38 PM] [memory] Key fingerprint: f9ee1eb02e663fe4
[9:38:38 PM] 131 | 
[9:38:38 PM] 132 |         for (const cap of capabilities) {
[9:38:38 PM] 133 |             const proc = router.findProcedure(cap);
[9:38:38 PM] 134 | 
[9:38:38 PM] 135 |             if (!proc) {
[9:38:38 PM] 136 |                 throw new Error(`Procedure not found: ${cap}`);
[9:38:38 PM]                                 ^
[9:38:38 PM] error: Procedure not found: memory/session/store
[9:38:38 PM]       at useRouter (/home/asdfghj/openjaws/protocols/typed-mesh.ts:136:27)
[9:38:38 PM]       at /home/asdfghj/openjaws/memory/index.ts:876:6
[9:38:38 PM]       at loadAndEvaluateModule (2:1)
[9:38:38 PM] Bun v1.3.1 (Linux x64)
[9:38:48 PM] [memory] Key fingerprint: 27873c2d0466a017
[9:38:48 PM] 131 | 
[9:38:48 PM] 132 |         for (const cap of capabilities) {
[9:38:48 PM] 133 |             const proc = router.findProcedure(cap);
[9:38:48 PM] 134 | 
[9:38:48 PM] 135 |             if (!proc) {
[9:38:48 PM] 136 |                 throw new Error(`Procedure not found: ${cap}`);
[9:38:48 PM]                                 ^
[9:38:48 PM] error: Procedure not found: memory/session/store
[9:38:48 PM]       at useRouter (/home/asdfghj/openjaws/protocols/typed-mesh.ts:136:27)
[9:38:48 PM]       at /home/asdfghj/openjaws/memory/index.ts:876:6
[9:38:48 PM]       at loadAndEvaluateModule (2:1)
[9:38:48 PM] Bun v1.3.1 (Linux x64)
[9:38:58 PM] [memory] Key fingerprint: 00ed4cfded6bc51c
[9:38:58 PM] 131 | 
[9:38:58 PM] 132 |         for (const cap of capabilities) {
[9:38:58 PM] 133 |             const proc = router.findProcedure(cap);
[9:38:58 PM] 134 | 
[9:38:58 PM] 135 |             if (!proc) {
[9:38:58 PM] 136 |                 throw new Error(`Procedure not found: ${cap}`);
[9:38:58 PM]                                 ^
[9:38:58 PM] error: Procedure not found: memory/session/store
[9:38:58 PM]       at useRouter (/home/asdfghj/openjaws/protocols/typed-mesh.ts:136:27)
[9:38:58 PM]       at /home/asdfghj/openjaws/memory/index.ts:876:6
[9:38:58 PM]       at loadAndEvaluateModule (2:1)
[9:38:58 PM] Bun v1.3.1 (Linux x64)
[9:39:08 PM] [memory] Key fingerprint: 68e40101d45e4ecb
[9:39:08 PM] 131 | 
[9:39:08 PM] 132 |         for (const cap of capabilities) {
[9:39:08 PM] 133 |             const proc = router.findProcedure(cap);
[9:39:08 PM] 134 | 
[9:39:08 PM] 135 |             if (!proc) {
[9:39:08 PM] 136 |                 throw new Error(`Procedure not found: ${cap}`);
[9:39:08 PM]                                 ^
[9:39:08 PM] error: Procedure not found: memory/session/store
[9:39:08 PM]       at useRouter (/home/asdfghj/openjaws/protocols/typed-mesh.ts:136:27)
[9:39:08 PM]       at /home/asdfghj/openjaws/memory/index.ts:876:6
[9:39:08 PM]       at loadAndEvaluateModule (2:1)
[9:39:08 PM] Bun v1.3.1 (Linux x64)
[9:39:18 PM] [memory] Key fingerprint: 8a0bd2da02b69f61
[9:39:18 PM] 131 | 
[9:39:18 PM] 132 |         for (const cap of capabilities) {
[9:39:18 PM] 133 |             const proc = router.findProcedure(cap);
[9:39:18 PM] 134 | 
[9:39:18 PM] 135 |             if (!proc) {
[9:39:18 PM] 136 |                 throw new Error(`Procedure not found: ${cap}`);
[9:39:18 PM]                                 ^
[9:39:18 PM] error: Procedure not found: memory/session/store
[9:39:18 PM]       at useRouter (/home/asdfghj/openjaws/protocols/typed-mesh.ts:136:27)
[9:39:18 PM]       at /home/asdfghj/openjaws/memory/index.ts:876:6
[9:39:18 PM]       at loadAndEvaluateModule (2:1)
[9:39:18 PM] Bun v1.3.1 (Linux x64)
