[2026-02-06T22:14:19.280Z] [checklist_32419] ➕ Added task: dawdaw
[2026-02-06T22:14:22.017Z] [checklist_32419] ➕ Added task: awdwaddw
[2026-02-06T22:14:25.659Z] [checklist_32419] ➕ Added task: waawddwa
[2026-02-06T23:16:05.201Z] [checklist_39759] ✅ Completed: adwadw
[2026-02-06T23:16:06.643Z] [checklist_39759] ✅ Completed: awdwd
[2026-02-06T23:16:08.002Z] [checklist_39759] ➕ Added task: awdwwd
[2026-02-06T23:16:12.474Z] [checklist_39759] ➕ Added task: dawadw
[2026-02-06T23:16:14.769Z] [checklist_39759] ✅ Completed: dawadw
[2026-02-06T23:16:15.404Z] [checklist_39759] ✅ Completed: awdwwd
[2026-02-06T23:16:17.123Z] [checklist_39759] ➕ Added task: wadawd
[2026-02-06T23:19:52.315Z] [checklist_40182] ➕ Added task: adwdw
[2026-02-06T23:19:57.009Z] [checklist_40182] ✅ Completed: wadawd
[2026-02-06T23:20:06.909Z] [checklist_40182] ✅ Completed: adwdw
[2026-02-06T23:20:07.932Z] [checklist_40182] ✅ Completed: waawddwa
[2026-02-06T23:20:10.191Z] [checklist_40182] ➕ Added task: awd
[2026-02-06T23:51:49.055Z] [checklist_42681] ✅ Completed: dawdaw
[2026-02-06T23:51:52.081Z] [checklist_42681] ➕ Added task: adwdw
[2026-02-07T01:31:03.245Z] [identity] User admin logged in as admin
[2026-02-07T01:31:13.855Z] [identity] User admin logged in as admin
[2026-02-07T01:32:08.146Z] [identity] User admin logged in as admin
[2026-02-07T01:32:10.968Z] [identity] User admin logged in as admin
[2026-02-07T01:32:11.750Z] [identity] User admin logged in as admin
[2026-02-07T01:32:32.758Z] [identity] User admin logged in as admin
[2026-02-07T01:33:11.154Z] [identity] User admin logged in as admin
[2026-02-07T01:33:11.937Z] [identity] User admin logged in as admin
[2026-02-07T01:33:12.155Z] [identity] User admin logged in as admin
[2026-02-07T01:33:12.362Z] [identity] User admin logged in as admin
[2026-02-07T01:33:12.529Z] [identity] User admin logged in as admin
[2026-02-07T01:33:12.703Z] [identity] User admin logged in as admin
[2026-02-07T01:33:15.519Z] [identity] User admin logged in as admin
[2026-02-07T01:34:10.173Z] [identity] User admin logged in as admin
[2026-02-07T01:34:11.026Z] [identity] User admin logged in as admin
[2026-02-07T01:35:41.431Z] [identity] User admin logged in as admin
[2026-02-07T01:35:48.911Z] [identity] User admin logged in as admin
[2026-02-07T01:35:49.692Z] [identity] User admin logged in as admin
[2026-02-07T01:36:07.773Z] [identity] User admin logged in as admin
[2026-02-07T01:36:08.593Z] [identity] User admin logged in as admin
[2026-02-07T01:37:07.777Z] [identity] User admin logged in as admin
[2026-02-07T01:37:08.518Z] [identity] User admin logged in as admin
[2026-02-07T01:37:08.678Z] [identity] User admin logged in as admin
[2026-02-07T01:37:08.871Z] [identity] User admin logged in as admin
[2026-02-07T01:37:09.057Z] [identity] User admin logged in as admin
[2026-02-07T01:37:09.241Z] [identity] User admin logged in as admin
[2026-02-07T01:37:09.415Z] [identity] User admin logged in as admin
[2026-02-07T01:37:09.612Z] [identity] User admin logged in as admin
[2026-02-07T01:37:09.958Z] [identity] User admin logged in as admin
[2026-02-07T01:37:10.188Z] [identity] User admin logged in as admin
[2026-02-07T01:37:10.407Z] [identity] User admin logged in as admin
[2026-02-07T01:38:22.881Z] [identity] User admin logged in as admin
[2026-02-07T01:38:23.719Z] [identity] User admin logged in as admin
[2026-02-07T01:39:35.070Z] [identity] User admin logged in as admin
[2026-02-07T01:39:53.762Z] [identity] User admin logged in as admin
[2026-02-07T01:40:18.720Z] [identity] User admin logged in as admin
[2026-02-07T01:40:42.321Z] [identity] User admin logged in as admin
[2026-02-07T01:41:50.344Z] [identity] User admin logged in as admin
[2026-02-07T01:41:57.448Z] [identity] User admin logged in as admin
[2026-02-07T01:42:19.956Z] [identity] User admin logged in as admin
[2026-02-07T01:42:47.943Z] [identity] User admin logged in as admin
[2026-02-07T01:42:50.151Z] [identity] User admin logged in as admin
[2026-02-07T01:42:52.679Z] [identity] User admin logged in as admin
[2026-02-07T01:42:53.209Z] [identity] User admin logged in as admin
[2026-02-07T01:42:53.417Z] [identity] User admin logged in as admin
[2026-02-07T01:44:00.510Z] [identity] User admin logged in as admin
[2026-02-07T01:44:02.485Z] [identity] User admin logged in as admin
[2026-02-07T01:44:03.036Z] [identity] User admin logged in as admin
[2026-02-07T01:44:03.221Z] [identity] User admin logged in as admin
[2026-02-07T01:45:01.560Z] [identity] User admin logged in as admin
[2026-02-07T01:45:41.334Z] [identity] User admin logged in as admin
[2026-02-07T01:50:36.479Z] [identity] User admin logged in as admin
[2026-02-07T01:52:35.610Z] [identity] User admin logged in as admin
[2026-02-07T01:58:27.868Z] [kindly] Admin ROOT_ADMIN query: dawdwa...
[2026-02-07T01:59:43.798Z] [kindly] Admin ROOT_ADMIN query: Architect, I need a plan to add a 'dark mode' togg...
[2026-02-07T02:02:16.088Z] [kindly] Admin ROOT_ADMIN query: Architect, analyze the UI codebase and plan a dark...
